<?xml version="1.0" encoding="UTF-8"?>
<testsuite name="com.netflix.ndbench.plugin.es.FakeWordDictionaryBasedDataGeneratorTest" tests="3" skipped="0" failures="0" errors="0" timestamp="2019-06-28T11:07:00" hostname="julia" time="0.018">
  <properties/>
  <testcase name="testRandomValuesToThePointSomeFakeWordsAreUsedTwiceDueToWrapAroundOfWordsArrayIndex" classname="com.netflix.ndbench.plugin.es.FakeWordDictionaryBasedDataGeneratorTest" time="0.011"/>
  <testcase name="verifyDictionaryHasExpectedWords" classname="com.netflix.ndbench.plugin.es.FakeWordDictionaryBasedDataGeneratorTest" time="0.002"/>
  <testcase name="verifyIllegalArgHandling" classname="com.netflix.ndbench.plugin.es.FakeWordDictionaryBasedDataGeneratorTest" time="0.004"/>
  <system-out><![CDATA[2019-06-28 08:07:00 INFO  EsRestPlugin:88 - created FakeWordDictionaryBasedDataGenerator with 9.0 words
2019-06-28 08:07:00 INFO  EsRestPlugin:88 - created FakeWordDictionaryBasedDataGenerator with 9.0 words
2019-06-28 08:07:00 INFO  EsRestPlugin:88 - created FakeWordDictionaryBasedDataGenerator with 1.0 words
2019-06-28 08:07:00 INFO  EsRestPlugin:88 - created FakeWordDictionaryBasedDataGenerator with 1.0 words
2019-06-28 08:07:00 INFO  EsRestPlugin:88 - created FakeWordDictionaryBasedDataGenerator with 1.0 words
2019-06-28 08:07:00 INFO  EsRestPlugin:88 - created FakeWordDictionaryBasedDataGenerator with 1.0 words
2019-06-28 08:07:00 INFO  EsRestPlugin:88 - created FakeWordDictionaryBasedDataGenerator with 4.0 words
2019-06-28 08:07:00 INFO  EsRestPlugin:88 - created FakeWordDictionaryBasedDataGenerator with 4.0 words
]]></system-out>
  <system-err><![CDATA[]]></system-err>
</testsuite>
