<?xml version="1.0" encoding="UTF-8"?>
<testsuite name="com.netflix.ndbench.plugin.es.EsWriterTest" tests="2" skipped="0" failures="0" errors="0" timestamp="2019-06-28T11:06:58" hostname="julia" time="1.192">
  <properties/>
  <testcase name="verifySuffixesOfRolledIndices" classname="com.netflix.ndbench.plugin.es.EsWriterTest" time="1.189"/>
  <testcase name="verifyConstructIndexName" classname="com.netflix.ndbench.plugin.es.EsWriterTest" time="0.003"/>
  <system-out><![CDATA[2019-06-28 08:06:59 DEBUG EsWriter:203 - constructIndexName from rolls per day = 1440 gives: foo-1970-01-01.0000
2019-06-28 08:06:59 DEBUG EsWriter:203 - constructIndexName from rolls per day = 1440 gives: foo-1970-01-01.0000
2019-06-28 08:06:59 INFO  EsWriterTest:60 - indexName:foo-1970-01-01.0000
2019-06-28 08:06:59 INFO  EsWriterTest:60 - indexName:foo-1970-01-01.0000
2019-06-28 08:06:59 DEBUG EsWriter:203 - constructIndexName from rolls per day = 1440 gives: foo-1970-01-01.0001
2019-06-28 08:06:59 DEBUG EsWriter:203 - constructIndexName from rolls per day = 1440 gives: foo-1970-01-01.0001
2019-06-28 08:06:59 INFO  EsWriterTest:60 - indexName:foo-1970-01-01.0001
2019-06-28 08:06:59 INFO  EsWriterTest:60 - indexName:foo-1970-01-01.0001
2019-06-28 08:06:59 DEBUG EsWriter:203 - constructIndexName from rolls per day = 1440 gives: foo-1970-01-01.0002
2019-06-28 08:06:59 DEBUG EsWriter:203 - constructIndexName from rolls per day = 1440 gives: foo-1970-01-01.0002
2019-06-28 08:06:59 INFO  EsWriterTest:60 - indexName:foo-1970-01-01.0002
2019-06-28 08:06:59 INFO  EsWriterTest:60 - indexName:foo-1970-01-01.0002
2019-06-28 08:06:59 DEBUG EsWriter:203 - constructIndexName from rolls per day = 1440 gives: foo-1970-01-01.0003
2019-06-28 08:06:59 DEBUG EsWriter:203 - constructIndexName from rolls per day = 1440 gives: foo-1970-01-01.0003
2019-06-28 08:06:59 INFO  EsWriterTest:60 - indexName:foo-1970-01-01.0003
2019-06-28 08:06:59 INFO  EsWriterTest:60 - indexName:foo-1970-01-01.0003
2019-06-28 08:06:59 DEBUG EsWriter:203 - constructIndexName from rolls per day = 1440 gives: foo-1970-01-01.0004
2019-06-28 08:06:59 DEBUG EsWriter:203 - constructIndexName from rolls per day = 1440 gives: foo-1970-01-01.0004
2019-06-28 08:06:59 INFO  EsWriterTest:60 - indexName:foo-1970-01-01.0004
2019-06-28 08:06:59 INFO  EsWriterTest:60 - indexName:foo-1970-01-01.0004
2019-06-28 08:06:59 DEBUG EsWriter:203 - constructIndexName from rolls per day = 1440 gives: foo-1970-01-01.0005
2019-06-28 08:06:59 DEBUG EsWriter:203 - constructIndexName from rolls per day = 1440 gives: foo-1970-01-01.0005
2019-06-28 08:06:59 INFO  EsWriterTest:60 - indexName:foo-1970-01-01.0005
2019-06-28 08:06:59 INFO  EsWriterTest:60 - indexName:foo-1970-01-01.0005
2019-06-28 08:06:59 DEBUG EsWriter:203 - constructIndexName from rolls per day = 1440 gives: foo-1970-01-01.0006
2019-06-28 08:06:59 DEBUG EsWriter:203 - constructIndexName from rolls per day = 1440 gives: foo-1970-01-01.0006
2019-06-28 08:06:59 INFO  EsWriterTest:60 - indexName:foo-1970-01-01.0006
2019-06-28 08:06:59 INFO  EsWriterTest:60 - indexName:foo-1970-01-01.0006
2019-06-28 08:06:59 DEBUG EsWriter:203 - constructIndexName from rolls per day = 1440 gives: foo-1970-01-01.0007
2019-06-28 08:06:59 DEBUG EsWriter:203 - constructIndexName from rolls per day = 1440 gives: foo-1970-01-01.0007
2019-06-28 08:06:59 INFO  EsWriterTest:60 - indexName:foo-1970-01-01.0007
2019-06-28 08:06:59 INFO  EsWriterTest:60 - indexName:foo-1970-01-01.0007
2019-06-28 08:06:59 DEBUG EsWriter:203 - constructIndexName from rolls per day = 1440 gives: foo-1970-01-01.0008
2019-06-28 08:06:59 DEBUG EsWriter:203 - constructIndexName from rolls per day = 1440 gives: foo-1970-01-01.0008
2019-06-28 08:06:59 INFO  EsWriterTest:60 - indexName:foo-1970-01-01.0008
2019-06-28 08:06:59 INFO  EsWriterTest:60 - indexName:foo-1970-01-01.0008
2019-06-28 08:06:59 DEBUG EsWriter:203 - constructIndexName from rolls per day = 1440 gives: foo-1970-01-01.0009
2019-06-28 08:06:59 DEBUG EsWriter:203 - constructIndexName from rolls per day = 1440 gives: foo-1970-01-01.0009
2019-06-28 08:06:59 INFO  EsWriterTest:60 - indexName:foo-1970-01-01.0009
2019-06-28 08:06:59 INFO  EsWriterTest:60 - indexName:foo-1970-01-01.0009
2019-06-28 08:06:59 DEBUG EsWriter:203 - constructIndexName from rolls per day = 1440 gives: foo-1970-01-01.0010
2019-06-28 08:06:59 DEBUG EsWriter:203 - constructIndexName from rolls per day = 1440 gives: foo-1970-01-01.0010
2019-06-28 08:06:59 INFO  EsWriterTest:60 - indexName:foo-1970-01-01.0010
2019-06-28 08:06:59 INFO  EsWriterTest:60 - indexName:foo-1970-01-01.0010
2019-06-28 08:06:59 DEBUG EsWriter:203 - constructIndexName from rolls per day = 1440 gives: foo-1970-01-01.0011
2019-06-28 08:06:59 DEBUG EsWriter:203 - constructIndexName from rolls per day = 1440 gives: foo-1970-01-01.0011
2019-06-28 08:06:59 INFO  EsWriterTest:60 - indexName:foo-1970-01-01.0011
2019-06-28 08:06:59 INFO  EsWriterTest:60 - indexName:foo-1970-01-01.0011
2019-06-28 08:06:59 DEBUG EsWriter:203 - constructIndexName from rolls per day = 1440 gives: foo-1970-01-01.0012
2019-06-28 08:06:59 DEBUG EsWriter:203 - constructIndexName from rolls per day = 1440 gives: foo-1970-01-01.0012
2019-06-28 08:06:59 INFO  EsWriterTest:60 - indexName:foo-1970-01-01.0012
2019-06-28 08:06:59 INFO  EsWriterTest:60 - indexName:foo-1970-01-01.0012
2019-06-28 08:06:59 DEBUG EsWriter:203 - constructIndexName from rolls per day = 1440 gives: foo-1970-01-01.0013
2019-06-28 08:06:59 DEBUG EsWriter:203 - constructIndexName from rolls per day = 1440 gives: foo-1970-01-01.0013
2019-06-28 08:06:59 INFO  EsWriterTest:60 - indexName:foo-1970-01-01.0013
2019-06-28 08:06:59 INFO  EsWriterTest:60 - indexName:foo-1970-01-01.0013
2019-06-28 08:06:59 DEBUG EsWriter:203 - constructIndexName from rolls per day = 1440 gives: foo-1970-01-01.0014
2019-06-28 08:06:59 DEBUG EsWriter:203 - constructIndexName from rolls per day = 1440 gives: foo-1970-01-01.0014
2019-06-28 08:06:59 INFO  EsWriterTest:60 - indexName:foo-1970-01-01.0014
2019-06-28 08:06:59 INFO  EsWriterTest:60 - indexName:foo-1970-01-01.0014
2019-06-28 08:06:59 DEBUG EsWriter:203 - constructIndexName from rolls per day = 1440 gives: foo-1970-01-01.0015
2019-06-28 08:06:59 DEBUG EsWriter:203 - constructIndexName from rolls per day = 1440 gives: foo-1970-01-01.0015
2019-06-28 08:06:59 INFO  EsWriterTest:60 - indexName:foo-1970-01-01.0015
2019-06-28 08:06:59 INFO  EsWriterTest:60 - indexName:foo-1970-01-01.0015
2019-06-28 08:06:59 DEBUG EsWriter:203 - constructIndexName from rolls per day = 1440 gives: foo-1970-01-01.0016
2019-06-28 08:06:59 DEBUG EsWriter:203 - constructIndexName from rolls per day = 1440 gives: foo-1970-01-01.0016
2019-06-28 08:06:59 INFO  EsWriterTest:60 - indexName:foo-1970-01-01.0016
2019-06-28 08:06:59 INFO  EsWriterTest:60 - indexName:foo-1970-01-01.0016
2019-06-28 08:06:59 DEBUG EsWriter:203 - constructIndexName from rolls per day = 1440 gives: foo-1970-01-01.0017
2019-06-28 08:06:59 DEBUG EsWriter:203 - constructIndexName from rolls per day = 1440 gives: foo-1970-01-01.0017
2019-06-28 08:06:59 INFO  EsWriterTest:60 - indexName:foo-1970-01-01.0017
2019-06-28 08:06:59 INFO  EsWriterTest:60 - indexName:foo-1970-01-01.0017
2019-06-28 08:06:59 DEBUG EsWriter:203 - constructIndexName from rolls per day = 1440 gives: foo-1970-01-01.0018
2019-06-28 08:06:59 DEBUG EsWriter:203 - constructIndexName from rolls per day = 1440 gives: foo-1970-01-01.0018
2019-06-28 08:06:59 INFO  EsWriterTest:60 - indexName:foo-1970-01-01.0018
2019-06-28 08:06:59 INFO  EsWriterTest:60 - indexName:foo-1970-01-01.0018
2019-06-28 08:06:59 DEBUG EsWriter:203 - constructIndexName from rolls per day = 1440 gives: foo-1970-01-01.0019
2019-06-28 08:06:59 DEBUG EsWriter:203 - constructIndexName from rolls per day = 1440 gives: foo-1970-01-01.0019
2019-06-28 08:06:59 INFO  EsWriterTest:60 - indexName:foo-1970-01-01.0019
2019-06-28 08:06:59 INFO  EsWriterTest:60 - indexName:foo-1970-01-01.0019
2019-06-28 08:06:59 DEBUG EsWriter:203 - constructIndexName from rolls per day = 1440 gives: foo-1970-01-01.0020
2019-06-28 08:06:59 DEBUG EsWriter:203 - constructIndexName from rolls per day = 1440 gives: foo-1970-01-01.0020
2019-06-28 08:06:59 INFO  EsWriterTest:60 - indexName:foo-1970-01-01.0020
2019-06-28 08:06:59 INFO  EsWriterTest:60 - indexName:foo-1970-01-01.0020
2019-06-28 08:06:59 DEBUG EsWriter:203 - constructIndexName from rolls per day = 1440 gives: foo-1970-01-01.0021
2019-06-28 08:06:59 DEBUG EsWriter:203 - constructIndexName from rolls per day = 1440 gives: foo-1970-01-01.0021
2019-06-28 08:06:59 INFO  EsWriterTest:60 - indexName:foo-1970-01-01.0021
2019-06-28 08:06:59 INFO  EsWriterTest:60 - indexName:foo-1970-01-01.0021
2019-06-28 08:06:59 DEBUG EsWriter:203 - constructIndexName from rolls per day = 1440 gives: foo-1970-01-01.0022
2019-06-28 08:06:59 DEBUG EsWriter:203 - constructIndexName from rolls per day = 1440 gives: foo-1970-01-01.0022
2019-06-28 08:06:59 INFO  EsWriterTest:60 - indexName:foo-1970-01-01.0022
2019-06-28 08:06:59 INFO  EsWriterTest:60 - indexName:foo-1970-01-01.0022
2019-06-28 08:06:59 DEBUG EsWriter:203 - constructIndexName from rolls per day = 1440 gives: foo-1970-01-01.0023
2019-06-28 08:06:59 DEBUG EsWriter:203 - constructIndexName from rolls per day = 1440 gives: foo-1970-01-01.0023
2019-06-28 08:06:59 INFO  EsWriterTest:60 - indexName:foo-1970-01-01.0023
2019-06-28 08:06:59 INFO  EsWriterTest:60 - indexName:foo-1970-01-01.0023
2019-06-28 08:06:59 DEBUG EsWriter:203 - constructIndexName from rolls per day = 1440 gives: foo-1970-01-01.0024
2019-06-28 08:06:59 DEBUG EsWriter:203 - constructIndexName from rolls per day = 1440 gives: foo-1970-01-01.0024
2019-06-28 08:06:59 INFO  EsWriterTest:60 - indexName:foo-1970-01-01.0024
2019-06-28 08:06:59 INFO  EsWriterTest:60 - indexName:foo-1970-01-01.0024
2019-06-28 08:06:59 DEBUG EsWriter:203 - constructIndexName from rolls per day = 1440 gives: foo-1970-01-01.0025
2019-06-28 08:06:59 DEBUG EsWriter:203 - constructIndexName from rolls per day = 1440 gives: foo-1970-01-01.0025
2019-06-28 08:06:59 INFO  EsWriterTest:60 - indexName:foo-1970-01-01.0025
2019-06-28 08:06:59 INFO  EsWriterTest:60 - indexName:foo-1970-01-01.0025
2019-06-28 08:06:59 DEBUG EsWriter:203 - constructIndexName from rolls per day = 1440 gives: foo-1970-01-01.0026
2019-06-28 08:06:59 DEBUG EsWriter:203 - constructIndexName from rolls per day = 1440 gives: foo-1970-01-01.0026
2019-06-28 08:06:59 INFO  EsWriterTest:60 - indexName:foo-1970-01-01.0026
2019-06-28 08:06:59 INFO  EsWriterTest:60 - indexName:foo-1970-01-01.0026
2019-06-28 08:06:59 DEBUG EsWriter:203 - constructIndexName from rolls per day = 1440 gives: foo-1970-01-01.0027
2019-06-28 08:06:59 DEBUG EsWriter:203 - constructIndexName from rolls per day = 1440 gives: foo-1970-01-01.0027
2019-06-28 08:06:59 INFO  EsWriterTest:60 - indexName:foo-1970-01-01.0027
2019-06-28 08:06:59 INFO  EsWriterTest:60 - indexName:foo-1970-01-01.0027
2019-06-28 08:06:59 DEBUG EsWriter:203 - constructIndexName from rolls per day = 1440 gives: foo-1970-01-01.0028
2019-06-28 08:06:59 DEBUG EsWriter:203 - constructIndexName from rolls per day = 1440 gives: foo-1970-01-01.0028
2019-06-28 08:06:59 INFO  EsWriterTest:60 - indexName:foo-1970-01-01.0028
2019-06-28 08:06:59 INFO  EsWriterTest:60 - indexName:foo-1970-01-01.0028
2019-06-28 08:06:59 DEBUG EsWriter:203 - constructIndexName from rolls per day = 1440 gives: foo-1970-01-01.0029
2019-06-28 08:06:59 DEBUG EsWriter:203 - constructIndexName from rolls per day = 1440 gives: foo-1970-01-01.0029
2019-06-28 08:06:59 INFO  EsWriterTest:60 - indexName:foo-1970-01-01.0029
2019-06-28 08:06:59 INFO  EsWriterTest:60 - indexName:foo-1970-01-01.0029
2019-06-28 08:06:59 DEBUG EsWriter:203 - constructIndexName from rolls per day = 1440 gives: foo-1970-01-01.0030
2019-06-28 08:06:59 DEBUG EsWriter:203 - constructIndexName from rolls per day = 1440 gives: foo-1970-01-01.0030
2019-06-28 08:06:59 INFO  EsWriterTest:60 - indexName:foo-1970-01-01.0030
2019-06-28 08:06:59 INFO  EsWriterTest:60 - indexName:foo-1970-01-01.0030
2019-06-28 08:06:59 DEBUG EsWriter:203 - constructIndexName from rolls per day = 1440 gives: foo-1970-01-01.0031
2019-06-28 08:06:59 DEBUG EsWriter:203 - constructIndexName from rolls per day = 1440 gives: foo-1970-01-01.0031
2019-06-28 08:06:59 INFO  EsWriterTest:60 - indexName:foo-1970-01-01.0031
2019-06-28 08:06:59 INFO  EsWriterTest:60 - indexName:foo-1970-01-01.0031
2019-06-28 08:06:59 DEBUG EsWriter:203 - constructIndexName from rolls per day = 1440 gives: foo-1970-01-01.0032
2019-06-28 08:06:59 DEBUG EsWriter:203 - constructIndexName from rolls per day = 1440 gives: foo-1970-01-01.0032
2019-06-28 08:06:59 INFO  EsWriterTest:60 - indexName:foo-1970-01-01.0032
2019-06-28 08:06:59 INFO  EsWriterTest:60 - indexName:foo-1970-01-01.0032
2019-06-28 08:06:59 DEBUG EsWriter:203 - constructIndexName from rolls per day = 1440 gives: foo-1970-01-01.0033
2019-06-28 08:06:59 DEBUG EsWriter:203 - constructIndexName from rolls per day = 1440 gives: foo-1970-01-01.0033
2019-06-28 08:06:59 INFO  EsWriterTest:60 - indexName:foo-1970-01-01.0033
2019-06-28 08:06:59 INFO  EsWriterTest:60 - indexName:foo-1970-01-01.0033
2019-06-28 08:06:59 DEBUG EsWriter:203 - constructIndexName from rolls per day = 1440 gives: foo-1970-01-01.0034
2019-06-28 08:06:59 DEBUG EsWriter:203 - constructIndexName from rolls per day = 1440 gives: foo-1970-01-01.0034
2019-06-28 08:06:59 INFO  EsWriterTest:60 - indexName:foo-1970-01-01.0034
2019-06-28 08:06:59 INFO  EsWriterTest:60 - indexName:foo-1970-01-01.0034
2019-06-28 08:06:59 DEBUG EsWriter:203 - constructIndexName from rolls per day = 1440 gives: foo-1970-01-01.0035
2019-06-28 08:06:59 DEBUG EsWriter:203 - constructIndexName from rolls per day = 1440 gives: foo-1970-01-01.0035
2019-06-28 08:06:59 INFO  EsWriterTest:60 - indexName:foo-1970-01-01.0035
2019-06-28 08:06:59 INFO  EsWriterTest:60 - indexName:foo-1970-01-01.0035
2019-06-28 08:06:59 DEBUG EsWriter:203 - constructIndexName from rolls per day = 1440 gives: foo-1970-01-01.0036
2019-06-28 08:06:59 DEBUG EsWriter:203 - constructIndexName from rolls per day = 1440 gives: foo-1970-01-01.0036
2019-06-28 08:06:59 INFO  EsWriterTest:60 - indexName:foo-1970-01-01.0036
2019-06-28 08:06:59 INFO  EsWriterTest:60 - indexName:foo-1970-01-01.0036
2019-06-28 08:06:59 DEBUG EsWriter:203 - constructIndexName from rolls per day = 1440 gives: foo-1970-01-01.0037
2019-06-28 08:06:59 DEBUG EsWriter:203 - constructIndexName from rolls per day = 1440 gives: foo-1970-01-01.0037
2019-06-28 08:06:59 INFO  EsWriterTest:60 - indexName:foo-1970-01-01.0037
2019-06-28 08:06:59 INFO  EsWriterTest:60 - indexName:foo-1970-01-01.0037
2019-06-28 08:06:59 DEBUG EsWriter:203 - constructIndexName from rolls per day = 1440 gives: foo-1970-01-01.0038
2019-06-28 08:06:59 DEBUG EsWriter:203 - constructIndexName from rolls per day = 1440 gives: foo-1970-01-01.0038
2019-06-28 08:06:59 INFO  EsWriterTest:60 - indexName:foo-1970-01-01.0038
2019-06-28 08:06:59 INFO  EsWriterTest:60 - indexName:foo-1970-01-01.0038
2019-06-28 08:06:59 DEBUG EsWriter:203 - constructIndexName from rolls per day = 1440 gives: foo-1970-01-01.0039
2019-06-28 08:06:59 DEBUG EsWriter:203 - constructIndexName from rolls per day = 1440 gives: foo-1970-01-01.0039
2019-06-28 08:06:59 INFO  EsWriterTest:60 - indexName:foo-1970-01-01.0039
2019-06-28 08:06:59 INFO  EsWriterTest:60 - indexName:foo-1970-01-01.0039
2019-06-28 08:06:59 DEBUG EsWriter:203 - constructIndexName from rolls per day = 1440 gives: foo-1970-01-01.0040
2019-06-28 08:06:59 DEBUG EsWriter:203 - constructIndexName from rolls per day = 1440 gives: foo-1970-01-01.0040
2019-06-28 08:06:59 INFO  EsWriterTest:60 - indexName:foo-1970-01-01.0040
2019-06-28 08:06:59 INFO  EsWriterTest:60 - indexName:foo-1970-01-01.0040
2019-06-28 08:06:59 DEBUG EsWriter:203 - constructIndexName from rolls per day = 1440 gives: foo-1970-01-01.0041
2019-06-28 08:06:59 DEBUG EsWriter:203 - constructIndexName from rolls per day = 1440 gives: foo-1970-01-01.0041
2019-06-28 08:06:59 INFO  EsWriterTest:60 - indexName:foo-1970-01-01.0041
2019-06-28 08:06:59 INFO  EsWriterTest:60 - indexName:foo-1970-01-01.0041
2019-06-28 08:06:59 DEBUG EsWriter:203 - constructIndexName from rolls per day = 1440 gives: foo-1970-01-01.0042
2019-06-28 08:06:59 DEBUG EsWriter:203 - constructIndexName from rolls per day = 1440 gives: foo-1970-01-01.0042
2019-06-28 08:06:59 INFO  EsWriterTest:60 - indexName:foo-1970-01-01.0042
2019-06-28 08:06:59 INFO  EsWriterTest:60 - indexName:foo-1970-01-01.0042
2019-06-28 08:06:59 DEBUG EsWriter:203 - constructIndexName from rolls per day = 1440 gives: foo-1970-01-01.0043
2019-06-28 08:06:59 DEBUG EsWriter:203 - constructIndexName from rolls per day = 1440 gives: foo-1970-01-01.0043
2019-06-28 08:06:59 INFO  EsWriterTest:60 - indexName:foo-1970-01-01.0043
2019-06-28 08:06:59 INFO  EsWriterTest:60 - indexName:foo-1970-01-01.0043
2019-06-28 08:06:59 DEBUG EsWriter:203 - constructIndexName from rolls per day = 1440 gives: foo-1970-01-01.0044
2019-06-28 08:06:59 DEBUG EsWriter:203 - constructIndexName from rolls per day = 1440 gives: foo-1970-01-01.0044
2019-06-28 08:06:59 INFO  EsWriterTest:60 - indexName:foo-1970-01-01.0044
2019-06-28 08:06:59 INFO  EsWriterTest:60 - indexName:foo-1970-01-01.0044
2019-06-28 08:06:59 DEBUG EsWriter:203 - constructIndexName from rolls per day = 1440 gives: foo-1970-01-01.0045
2019-06-28 08:06:59 DEBUG EsWriter:203 - constructIndexName from rolls per day = 1440 gives: foo-1970-01-01.0045
2019-06-28 08:06:59 INFO  EsWriterTest:60 - indexName:foo-1970-01-01.0045
2019-06-28 08:06:59 INFO  EsWriterTest:60 - indexName:foo-1970-01-01.0045
2019-06-28 08:06:59 DEBUG EsWriter:203 - constructIndexName from rolls per day = 1440 gives: foo-1970-01-01.0046
2019-06-28 08:06:59 DEBUG EsWriter:203 - constructIndexName from rolls per day = 1440 gives: foo-1970-01-01.0046
2019-06-28 08:06:59 INFO  EsWriterTest:60 - indexName:foo-1970-01-01.0046
2019-06-28 08:06:59 INFO  EsWriterTest:60 - indexName:foo-1970-01-01.0046
2019-06-28 08:06:59 DEBUG EsWriter:203 - constructIndexName from rolls per day = 1440 gives: foo-1970-01-01.0047
2019-06-28 08:06:59 DEBUG EsWriter:203 - constructIndexName from rolls per day = 1440 gives: foo-1970-01-01.0047
2019-06-28 08:06:59 INFO  EsWriterTest:60 - indexName:foo-1970-01-01.0047
2019-06-28 08:06:59 INFO  EsWriterTest:60 - indexName:foo-1970-01-01.0047
2019-06-28 08:06:59 DEBUG EsWriter:203 - constructIndexName from rolls per day = 1440 gives: foo-1970-01-01.0048
2019-06-28 08:06:59 DEBUG EsWriter:203 - constructIndexName from rolls per day = 1440 gives: foo-1970-01-01.0048
2019-06-28 08:06:59 INFO  EsWriterTest:60 - indexName:foo-1970-01-01.0048
2019-06-28 08:06:59 INFO  EsWriterTest:60 - indexName:foo-1970-01-01.0048
2019-06-28 08:06:59 DEBUG EsWriter:203 - constructIndexName from rolls per day = 1440 gives: foo-1970-01-01.0049
2019-06-28 08:06:59 DEBUG EsWriter:203 - constructIndexName from rolls per day = 1440 gives: foo-1970-01-01.0049
2019-06-28 08:06:59 INFO  EsWriterTest:60 - indexName:foo-1970-01-01.0049
2019-06-28 08:06:59 INFO  EsWriterTest:60 - indexName:foo-1970-01-01.0049
2019-06-28 08:06:59 DEBUG EsWriter:203 - constructIndexName from rolls per day = 1440 gives: foo-1970-01-01.0050
2019-06-28 08:06:59 DEBUG EsWriter:203 - constructIndexName from rolls per day = 1440 gives: foo-1970-01-01.0050
2019-06-28 08:06:59 INFO  EsWriterTest:60 - indexName:foo-1970-01-01.0050
2019-06-28 08:06:59 INFO  EsWriterTest:60 - indexName:foo-1970-01-01.0050
2019-06-28 08:06:59 DEBUG EsWriter:203 - constructIndexName from rolls per day = 1440 gives: foo-1970-01-01.0051
2019-06-28 08:06:59 DEBUG EsWriter:203 - constructIndexName from rolls per day = 1440 gives: foo-1970-01-01.0051
2019-06-28 08:06:59 INFO  EsWriterTest:60 - indexName:foo-1970-01-01.0051
2019-06-28 08:06:59 INFO  EsWriterTest:60 - indexName:foo-1970-01-01.0051
2019-06-28 08:06:59 DEBUG EsWriter:203 - constructIndexName from rolls per day = 1440 gives: foo-1970-01-01.0052
2019-06-28 08:06:59 DEBUG EsWriter:203 - constructIndexName from rolls per day = 1440 gives: foo-1970-01-01.0052
2019-06-28 08:06:59 INFO  EsWriterTest:60 - indexName:foo-1970-01-01.0052
2019-06-28 08:06:59 INFO  EsWriterTest:60 - indexName:foo-1970-01-01.0052
2019-06-28 08:06:59 DEBUG EsWriter:203 - constructIndexName from rolls per day = 1440 gives: foo-1970-01-01.0053
2019-06-28 08:06:59 DEBUG EsWriter:203 - constructIndexName from rolls per day = 1440 gives: foo-1970-01-01.0053
2019-06-28 08:06:59 INFO  EsWriterTest:60 - indexName:foo-1970-01-01.0053
2019-06-28 08:06:59 INFO  EsWriterTest:60 - indexName:foo-1970-01-01.0053
2019-06-28 08:06:59 DEBUG EsWriter:203 - constructIndexName from rolls per day = 1440 gives: foo-1970-01-01.0054
2019-06-28 08:06:59 DEBUG EsWriter:203 - constructIndexName from rolls per day = 1440 gives: foo-1970-01-01.0054
2019-06-28 08:06:59 INFO  EsWriterTest:60 - indexName:foo-1970-01-01.0054
2019-06-28 08:06:59 INFO  EsWriterTest:60 - indexName:foo-1970-01-01.0054
2019-06-28 08:06:59 DEBUG EsWriter:203 - constructIndexName from rolls per day = 1440 gives: foo-1970-01-01.0055
2019-06-28 08:06:59 DEBUG EsWriter:203 - constructIndexName from rolls per day = 1440 gives: foo-1970-01-01.0055
2019-06-28 08:06:59 INFO  EsWriterTest:60 - indexName:foo-1970-01-01.0055
2019-06-28 08:06:59 INFO  EsWriterTest:60 - indexName:foo-1970-01-01.0055
2019-06-28 08:06:59 DEBUG EsWriter:203 - constructIndexName from rolls per day = 1440 gives: foo-1970-01-01.0056
2019-06-28 08:06:59 DEBUG EsWriter:203 - constructIndexName from rolls per day = 1440 gives: foo-1970-01-01.0056
2019-06-28 08:06:59 INFO  EsWriterTest:60 - indexName:foo-1970-01-01.0056
2019-06-28 08:06:59 INFO  EsWriterTest:60 - indexName:foo-1970-01-01.0056
2019-06-28 08:06:59 DEBUG EsWriter:203 - constructIndexName from rolls per day = 1440 gives: foo-1970-01-01.0057
2019-06-28 08:06:59 DEBUG EsWriter:203 - constructIndexName from rolls per day = 1440 gives: foo-1970-01-01.0057
2019-06-28 08:06:59 INFO  EsWriterTest:60 - indexName:foo-1970-01-01.0057
2019-06-28 08:06:59 INFO  EsWriterTest:60 - indexName:foo-1970-01-01.0057
2019-06-28 08:06:59 DEBUG EsWriter:203 - constructIndexName from rolls per day = 1440 gives: foo-1970-01-01.0058
2019-06-28 08:06:59 DEBUG EsWriter:203 - constructIndexName from rolls per day = 1440 gives: foo-1970-01-01.0058
2019-06-28 08:06:59 INFO  EsWriterTest:60 - indexName:foo-1970-01-01.0058
2019-06-28 08:06:59 INFO  EsWriterTest:60 - indexName:foo-1970-01-01.0058
2019-06-28 08:06:59 DEBUG EsWriter:203 - constructIndexName from rolls per day = 1440 gives: foo-1970-01-01.0059
2019-06-28 08:06:59 DEBUG EsWriter:203 - constructIndexName from rolls per day = 1440 gives: foo-1970-01-01.0059
2019-06-28 08:06:59 INFO  EsWriterTest:60 - indexName:foo-1970-01-01.0059
2019-06-28 08:06:59 INFO  EsWriterTest:60 - indexName:foo-1970-01-01.0059
2019-06-28 08:06:59 DEBUG EsWriter:203 - constructIndexName from rolls per day = 1440 gives: foo-1970-01-01.0060
2019-06-28 08:06:59 DEBUG EsWriter:203 - constructIndexName from rolls per day = 1440 gives: foo-1970-01-01.0060
2019-06-28 08:06:59 INFO  EsWriterTest:60 - indexName:foo-1970-01-01.0060
2019-06-28 08:06:59 INFO  EsWriterTest:60 - indexName:foo-1970-01-01.0060
2019-06-28 08:06:59 DEBUG EsWriter:203 - constructIndexName from rolls per day = 1440 gives: foo-1970-01-01.0061
2019-06-28 08:06:59 DEBUG EsWriter:203 - constructIndexName from rolls per day = 1440 gives: foo-1970-01-01.0061
2019-06-28 08:06:59 INFO  EsWriterTest:60 - indexName:foo-1970-01-01.0061
2019-06-28 08:06:59 INFO  EsWriterTest:60 - indexName:foo-1970-01-01.0061
2019-06-28 08:06:59 DEBUG EsWriter:203 - constructIndexName from rolls per day = 1440 gives: foo-1970-01-01.0062
2019-06-28 08:06:59 DEBUG EsWriter:203 - constructIndexName from rolls per day = 1440 gives: foo-1970-01-01.0062
2019-06-28 08:06:59 INFO  EsWriterTest:60 - indexName:foo-1970-01-01.0062
2019-06-28 08:06:59 INFO  EsWriterTest:60 - indexName:foo-1970-01-01.0062
2019-06-28 08:06:59 DEBUG EsWriter:203 - constructIndexName from rolls per day = 1440 gives: foo-1970-01-01.0063
2019-06-28 08:06:59 DEBUG EsWriter:203 - constructIndexName from rolls per day = 1440 gives: foo-1970-01-01.0063
2019-06-28 08:06:59 INFO  EsWriterTest:60 - indexName:foo-1970-01-01.0063
2019-06-28 08:06:59 INFO  EsWriterTest:60 - indexName:foo-1970-01-01.0063
2019-06-28 08:06:59 DEBUG EsWriter:203 - constructIndexName from rolls per day = 1440 gives: foo-1970-01-01.0064
2019-06-28 08:06:59 DEBUG EsWriter:203 - constructIndexName from rolls per day = 1440 gives: foo-1970-01-01.0064
2019-06-28 08:06:59 INFO  EsWriterTest:60 - indexName:foo-1970-01-01.0064
2019-06-28 08:06:59 INFO  EsWriterTest:60 - indexName:foo-1970-01-01.0064
2019-06-28 08:06:59 DEBUG EsWriter:203 - constructIndexName from rolls per day = 1440 gives: foo-1970-01-01.0065
2019-06-28 08:06:59 DEBUG EsWriter:203 - constructIndexName from rolls per day = 1440 gives: foo-1970-01-01.0065
2019-06-28 08:06:59 INFO  EsWriterTest:60 - indexName:foo-1970-01-01.0065
2019-06-28 08:06:59 INFO  EsWriterTest:60 - indexName:foo-1970-01-01.0065
2019-06-28 08:06:59 DEBUG EsWriter:203 - constructIndexName from rolls per day = 1440 gives: foo-1970-01-01.0066
2019-06-28 08:06:59 DEBUG EsWriter:203 - constructIndexName from rolls per day = 1440 gives: foo-1970-01-01.0066
2019-06-28 08:06:59 INFO  EsWriterTest:60 - indexName:foo-1970-01-01.0066
2019-06-28 08:06:59 INFO  EsWriterTest:60 - indexName:foo-1970-01-01.0066
2019-06-28 08:06:59 DEBUG EsWriter:203 - constructIndexName from rolls per day = 1440 gives: foo-1970-01-01.0067
2019-06-28 08:06:59 DEBUG EsWriter:203 - constructIndexName from rolls per day = 1440 gives: foo-1970-01-01.0067
2019-06-28 08:06:59 INFO  EsWriterTest:60 - indexName:foo-1970-01-01.0067
2019-06-28 08:06:59 INFO  EsWriterTest:60 - indexName:foo-1970-01-01.0067
2019-06-28 08:06:59 DEBUG EsWriter:203 - constructIndexName from rolls per day = 1440 gives: foo-1970-01-01.0068
2019-06-28 08:06:59 DEBUG EsWriter:203 - constructIndexName from rolls per day = 1440 gives: foo-1970-01-01.0068
2019-06-28 08:06:59 INFO  EsWriterTest:60 - indexName:foo-1970-01-01.0068
2019-06-28 08:06:59 INFO  EsWriterTest:60 - indexName:foo-1970-01-01.0068
2019-06-28 08:06:59 DEBUG EsWriter:203 - constructIndexName from rolls per day = 1440 gives: foo-1970-01-01.0069
2019-06-28 08:06:59 DEBUG EsWriter:203 - constructIndexName from rolls per day = 1440 gives: foo-1970-01-01.0069
2019-06-28 08:06:59 INFO  EsWriterTest:60 - indexName:foo-1970-01-01.0069
2019-06-28 08:06:59 INFO  EsWriterTest:60 - indexName:foo-1970-01-01.0069
2019-06-28 08:06:59 DEBUG EsWriter:203 - constructIndexName from rolls per day = 1440 gives: foo-1970-01-01.0070
2019-06-28 08:06:59 DEBUG EsWriter:203 - constructIndexName from rolls per day = 1440 gives: foo-1970-01-01.0070
2019-06-28 08:06:59 INFO  EsWriterTest:60 - indexName:foo-1970-01-01.0070
2019-06-28 08:06:59 INFO  EsWriterTest:60 - indexName:foo-1970-01-01.0070
2019-06-28 08:06:59 DEBUG EsWriter:203 - constructIndexName from rolls per day = 1440 gives: foo-1970-01-01.0071
2019-06-28 08:06:59 DEBUG EsWriter:203 - constructIndexName from rolls per day = 1440 gives: foo-1970-01-01.0071
2019-06-28 08:06:59 INFO  EsWriterTest:60 - indexName:foo-1970-01-01.0071
2019-06-28 08:06:59 INFO  EsWriterTest:60 - indexName:foo-1970-01-01.0071
2019-06-28 08:06:59 DEBUG EsWriter:203 - constructIndexName from rolls per day = 1440 gives: foo-1970-01-01.0072
2019-06-28 08:06:59 DEBUG EsWriter:203 - constructIndexName from rolls per day = 1440 gives: foo-1970-01-01.0072
2019-06-28 08:06:59 INFO  EsWriterTest:60 - indexName:foo-1970-01-01.0072
2019-06-28 08:06:59 INFO  EsWriterTest:60 - indexName:foo-1970-01-01.0072
2019-06-28 08:06:59 DEBUG EsWriter:203 - constructIndexName from rolls per day = 1440 gives: foo-1970-01-01.0073
2019-06-28 08:06:59 DEBUG EsWriter:203 - constructIndexName from rolls per day = 1440 gives: foo-1970-01-01.0073
2019-06-28 08:06:59 INFO  EsWriterTest:60 - indexName:foo-1970-01-01.0073
2019-06-28 08:06:59 INFO  EsWriterTest:60 - indexName:foo-1970-01-01.0073
2019-06-28 08:06:59 DEBUG EsWriter:203 - constructIndexName from rolls per day = 1440 gives: foo-1970-01-01.0074
2019-06-28 08:06:59 DEBUG EsWriter:203 - constructIndexName from rolls per day = 1440 gives: foo-1970-01-01.0074
2019-06-28 08:06:59 INFO  EsWriterTest:60 - indexName:foo-1970-01-01.0074
2019-06-28 08:06:59 INFO  EsWriterTest:60 - indexName:foo-1970-01-01.0074
2019-06-28 08:06:59 DEBUG EsWriter:203 - constructIndexName from rolls per day = 1440 gives: foo-1970-01-01.0075
2019-06-28 08:06:59 DEBUG EsWriter:203 - constructIndexName from rolls per day = 1440 gives: foo-1970-01-01.0075
2019-06-28 08:06:59 INFO  EsWriterTest:60 - indexName:foo-1970-01-01.0075
2019-06-28 08:06:59 INFO  EsWriterTest:60 - indexName:foo-1970-01-01.0075
2019-06-28 08:06:59 DEBUG EsWriter:203 - constructIndexName from rolls per day = 1440 gives: foo-1970-01-01.0076
2019-06-28 08:06:59 DEBUG EsWriter:203 - constructIndexName from rolls per day = 1440 gives: foo-1970-01-01.0076
2019-06-28 08:06:59 INFO  EsWriterTest:60 - indexName:foo-1970-01-01.0076
2019-06-28 08:06:59 INFO  EsWriterTest:60 - indexName:foo-1970-01-01.0076
2019-06-28 08:06:59 DEBUG EsWriter:203 - constructIndexName from rolls per day = 1440 gives: foo-1970-01-01.0077
2019-06-28 08:06:59 DEBUG EsWriter:203 - constructIndexName from rolls per day = 1440 gives: foo-1970-01-01.0077
2019-06-28 08:06:59 INFO  EsWriterTest:60 - indexName:foo-1970-01-01.0077
2019-06-28 08:06:59 INFO  EsWriterTest:60 - indexName:foo-1970-01-01.0077
2019-06-28 08:06:59 DEBUG EsWriter:203 - constructIndexName from rolls per day = 1440 gives: foo-1970-01-01.0078
2019-06-28 08:06:59 DEBUG EsWriter:203 - constructIndexName from rolls per day = 1440 gives: foo-1970-01-01.0078
2019-06-28 08:06:59 INFO  EsWriterTest:60 - indexName:foo-1970-01-01.0078
2019-06-28 08:06:59 INFO  EsWriterTest:60 - indexName:foo-1970-01-01.0078
2019-06-28 08:06:59 DEBUG EsWriter:203 - constructIndexName from rolls per day = 1440 gives: foo-1970-01-01.0079
2019-06-28 08:06:59 DEBUG EsWriter:203 - constructIndexName from rolls per day = 1440 gives: foo-1970-01-01.0079
2019-06-28 08:06:59 INFO  EsWriterTest:60 - indexName:foo-1970-01-01.0079
2019-06-28 08:06:59 INFO  EsWriterTest:60 - indexName:foo-1970-01-01.0079
2019-06-28 08:06:59 DEBUG EsWriter:203 - constructIndexName from rolls per day = 1440 gives: foo-1970-01-01.0080
2019-06-28 08:06:59 DEBUG EsWriter:203 - constructIndexName from rolls per day = 1440 gives: foo-1970-01-01.0080
2019-06-28 08:06:59 INFO  EsWriterTest:60 - indexName:foo-1970-01-01.0080
2019-06-28 08:06:59 INFO  EsWriterTest:60 - indexName:foo-1970-01-01.0080
2019-06-28 08:06:59 DEBUG EsWriter:203 - constructIndexName from rolls per day = 1440 gives: foo-1970-01-01.0081
2019-06-28 08:06:59 DEBUG EsWriter:203 - constructIndexName from rolls per day = 1440 gives: foo-1970-01-01.0081
2019-06-28 08:06:59 INFO  EsWriterTest:60 - indexName:foo-1970-01-01.0081
2019-06-28 08:06:59 INFO  EsWriterTest:60 - indexName:foo-1970-01-01.0081
2019-06-28 08:06:59 DEBUG EsWriter:203 - constructIndexName from rolls per day = 1440 gives: foo-1970-01-01.0082
2019-06-28 08:06:59 DEBUG EsWriter:203 - constructIndexName from rolls per day = 1440 gives: foo-1970-01-01.0082
2019-06-28 08:06:59 INFO  EsWriterTest:60 - indexName:foo-1970-01-01.0082
2019-06-28 08:06:59 INFO  EsWriterTest:60 - indexName:foo-1970-01-01.0082
2019-06-28 08:06:59 DEBUG EsWriter:203 - constructIndexName from rolls per day = 1440 gives: foo-1970-01-01.0083
2019-06-28 08:06:59 DEBUG EsWriter:203 - constructIndexName from rolls per day = 1440 gives: foo-1970-01-01.0083
2019-06-28 08:06:59 INFO  EsWriterTest:60 - indexName:foo-1970-01-01.0083
2019-06-28 08:06:59 INFO  EsWriterTest:60 - indexName:foo-1970-01-01.0083
2019-06-28 08:06:59 DEBUG EsWriter:203 - constructIndexName from rolls per day = 1440 gives: foo-1970-01-01.0084
2019-06-28 08:06:59 DEBUG EsWriter:203 - constructIndexName from rolls per day = 1440 gives: foo-1970-01-01.0084
2019-06-28 08:06:59 INFO  EsWriterTest:60 - indexName:foo-1970-01-01.0084
2019-06-28 08:06:59 INFO  EsWriterTest:60 - indexName:foo-1970-01-01.0084
2019-06-28 08:06:59 DEBUG EsWriter:203 - constructIndexName from rolls per day = 1440 gives: foo-1970-01-01.0085
2019-06-28 08:06:59 DEBUG EsWriter:203 - constructIndexName from rolls per day = 1440 gives: foo-1970-01-01.0085
2019-06-28 08:06:59 INFO  EsWriterTest:60 - indexName:foo-1970-01-01.0085
2019-06-28 08:06:59 INFO  EsWriterTest:60 - indexName:foo-1970-01-01.0085
2019-06-28 08:06:59 DEBUG EsWriter:203 - constructIndexName from rolls per day = 1440 gives: foo-1970-01-01.0086
2019-06-28 08:06:59 DEBUG EsWriter:203 - constructIndexName from rolls per day = 1440 gives: foo-1970-01-01.0086
2019-06-28 08:06:59 INFO  EsWriterTest:60 - indexName:foo-1970-01-01.0086
2019-06-28 08:06:59 INFO  EsWriterTest:60 - indexName:foo-1970-01-01.0086
2019-06-28 08:06:59 DEBUG EsWriter:203 - constructIndexName from rolls per day = 1440 gives: foo-1970-01-01.0087
2019-06-28 08:06:59 DEBUG EsWriter:203 - constructIndexName from rolls per day = 1440 gives: foo-1970-01-01.0087
2019-06-28 08:06:59 INFO  EsWriterTest:60 - indexName:foo-1970-01-01.0087
2019-06-28 08:06:59 INFO  EsWriterTest:60 - indexName:foo-1970-01-01.0087
2019-06-28 08:06:59 DEBUG EsWriter:203 - constructIndexName from rolls per day = 1440 gives: foo-1970-01-01.0088
2019-06-28 08:06:59 DEBUG EsWriter:203 - constructIndexName from rolls per day = 1440 gives: foo-1970-01-01.0088
2019-06-28 08:06:59 INFO  EsWriterTest:60 - indexName:foo-1970-01-01.0088
2019-06-28 08:06:59 INFO  EsWriterTest:60 - indexName:foo-1970-01-01.0088
2019-06-28 08:06:59 DEBUG EsWriter:203 - constructIndexName from rolls per day = 1440 gives: foo-1970-01-01.0089
2019-06-28 08:06:59 DEBUG EsWriter:203 - constructIndexName from rolls per day = 1440 gives: foo-1970-01-01.0089
2019-06-28 08:06:59 INFO  EsWriterTest:60 - indexName:foo-1970-01-01.0089
2019-06-28 08:06:59 INFO  EsWriterTest:60 - indexName:foo-1970-01-01.0089
2019-06-28 08:06:59 DEBUG EsWriter:203 - constructIndexName from rolls per day = 1440 gives: foo-1970-01-01.0090
2019-06-28 08:06:59 DEBUG EsWriter:203 - constructIndexName from rolls per day = 1440 gives: foo-1970-01-01.0090
2019-06-28 08:06:59 INFO  EsWriterTest:60 - indexName:foo-1970-01-01.0090
2019-06-28 08:06:59 INFO  EsWriterTest:60 - indexName:foo-1970-01-01.0090
2019-06-28 08:06:59 DEBUG EsWriter:203 - constructIndexName from rolls per day = 1440 gives: foo-1970-01-01.0091
2019-06-28 08:06:59 DEBUG EsWriter:203 - constructIndexName from rolls per day = 1440 gives: foo-1970-01-01.0091
2019-06-28 08:06:59 INFO  EsWriterTest:60 - indexName:foo-1970-01-01.0091
2019-06-28 08:06:59 INFO  EsWriterTest:60 - indexName:foo-1970-01-01.0091
2019-06-28 08:06:59 DEBUG EsWriter:203 - constructIndexName from rolls per day = 1440 gives: foo-1970-01-01.0092
2019-06-28 08:06:59 DEBUG EsWriter:203 - constructIndexName from rolls per day = 1440 gives: foo-1970-01-01.0092
2019-06-28 08:06:59 INFO  EsWriterTest:60 - indexName:foo-1970-01-01.0092
2019-06-28 08:06:59 INFO  EsWriterTest:60 - indexName:foo-1970-01-01.0092
2019-06-28 08:06:59 DEBUG EsWriter:203 - constructIndexName from rolls per day = 1440 gives: foo-1970-01-01.0093
2019-06-28 08:06:59 DEBUG EsWriter:203 - constructIndexName from rolls per day = 1440 gives: foo-1970-01-01.0093
2019-06-28 08:06:59 INFO  EsWriterTest:60 - indexName:foo-1970-01-01.0093
2019-06-28 08:06:59 INFO  EsWriterTest:60 - indexName:foo-1970-01-01.0093
2019-06-28 08:06:59 DEBUG EsWriter:203 - constructIndexName from rolls per day = 1440 gives: foo-1970-01-01.0094
2019-06-28 08:06:59 DEBUG EsWriter:203 - constructIndexName from rolls per day = 1440 gives: foo-1970-01-01.0094
2019-06-28 08:06:59 INFO  EsWriterTest:60 - indexName:foo-1970-01-01.0094
2019-06-28 08:06:59 INFO  EsWriterTest:60 - indexName:foo-1970-01-01.0094
2019-06-28 08:06:59 DEBUG EsWriter:203 - constructIndexName from rolls per day = 1440 gives: foo-1970-01-01.0095
2019-06-28 08:06:59 DEBUG EsWriter:203 - constructIndexName from rolls per day = 1440 gives: foo-1970-01-01.0095
2019-06-28 08:06:59 INFO  EsWriterTest:60 - indexName:foo-1970-01-01.0095
2019-06-28 08:06:59 INFO  EsWriterTest:60 - indexName:foo-1970-01-01.0095
2019-06-28 08:06:59 DEBUG EsWriter:203 - constructIndexName from rolls per day = 1440 gives: foo-1970-01-01.0096
2019-06-28 08:06:59 DEBUG EsWriter:203 - constructIndexName from rolls per day = 1440 gives: foo-1970-01-01.0096
2019-06-28 08:06:59 INFO  EsWriterTest:60 - indexName:foo-1970-01-01.0096
2019-06-28 08:06:59 INFO  EsWriterTest:60 - indexName:foo-1970-01-01.0096
2019-06-28 08:06:59 DEBUG EsWriter:203 - constructIndexName from rolls per day = 1440 gives: foo-1970-01-01.0097
2019-06-28 08:06:59 DEBUG EsWriter:203 - constructIndexName from rolls per day = 1440 gives: foo-1970-01-01.0097
2019-06-28 08:06:59 INFO  EsWriterTest:60 - indexName:foo-1970-01-01.0097
2019-06-28 08:06:59 INFO  EsWriterTest:60 - indexName:foo-1970-01-01.0097
2019-06-28 08:06:59 DEBUG EsWriter:203 - constructIndexName from rolls per day = 1440 gives: foo-1970-01-01.0098
2019-06-28 08:06:59 DEBUG EsWriter:203 - constructIndexName from rolls per day = 1440 gives: foo-1970-01-01.0098
2019-06-28 08:06:59 INFO  EsWriterTest:60 - indexName:foo-1970-01-01.0098
2019-06-28 08:06:59 INFO  EsWriterTest:60 - indexName:foo-1970-01-01.0098
2019-06-28 08:06:59 DEBUG EsWriter:203 - constructIndexName from rolls per day = 1440 gives: foo-1970-01-01.0099
2019-06-28 08:06:59 DEBUG EsWriter:203 - constructIndexName from rolls per day = 1440 gives: foo-1970-01-01.0099
2019-06-28 08:06:59 INFO  EsWriterTest:60 - indexName:foo-1970-01-01.0099
2019-06-28 08:06:59 INFO  EsWriterTest:60 - indexName:foo-1970-01-01.0099
2019-06-28 08:06:59 DEBUG EsWriter:203 - constructIndexName from rolls per day = 1440 gives: foo-1970-01-01.0100
2019-06-28 08:06:59 DEBUG EsWriter:203 - constructIndexName from rolls per day = 1440 gives: foo-1970-01-01.0100
2019-06-28 08:06:59 INFO  EsWriterTest:60 - indexName:foo-1970-01-01.0100
2019-06-28 08:06:59 INFO  EsWriterTest:60 - indexName:foo-1970-01-01.0100
2019-06-28 08:06:59 DEBUG EsWriter:203 - constructIndexName from rolls per day = 1440 gives: foo-1970-01-01.0101
2019-06-28 08:06:59 DEBUG EsWriter:203 - constructIndexName from rolls per day = 1440 gives: foo-1970-01-01.0101
2019-06-28 08:06:59 INFO  EsWriterTest:60 - indexName:foo-1970-01-01.0101
2019-06-28 08:06:59 INFO  EsWriterTest:60 - indexName:foo-1970-01-01.0101
2019-06-28 08:06:59 DEBUG EsWriter:203 - constructIndexName from rolls per day = 1440 gives: foo-1970-01-01.0102
2019-06-28 08:06:59 DEBUG EsWriter:203 - constructIndexName from rolls per day = 1440 gives: foo-1970-01-01.0102
2019-06-28 08:06:59 INFO  EsWriterTest:60 - indexName:foo-1970-01-01.0102
2019-06-28 08:06:59 INFO  EsWriterTest:60 - indexName:foo-1970-01-01.0102
2019-06-28 08:06:59 DEBUG EsWriter:203 - constructIndexName from rolls per day = 1440 gives: foo-1970-01-01.0103
2019-06-28 08:06:59 DEBUG EsWriter:203 - constructIndexName from rolls per day = 1440 gives: foo-1970-01-01.0103
2019-06-28 08:06:59 INFO  EsWriterTest:60 - indexName:foo-1970-01-01.0103
2019-06-28 08:06:59 INFO  EsWriterTest:60 - indexName:foo-1970-01-01.0103
2019-06-28 08:06:59 DEBUG EsWriter:203 - constructIndexName from rolls per day = 1440 gives: foo-1970-01-01.0104
2019-06-28 08:06:59 DEBUG EsWriter:203 - constructIndexName from rolls per day = 1440 gives: foo-1970-01-01.0104
2019-06-28 08:06:59 INFO  EsWriterTest:60 - indexName:foo-1970-01-01.0104
2019-06-28 08:06:59 INFO  EsWriterTest:60 - indexName:foo-1970-01-01.0104
2019-06-28 08:06:59 DEBUG EsWriter:203 - constructIndexName from rolls per day = 1440 gives: foo-1970-01-01.0105
2019-06-28 08:06:59 DEBUG EsWriter:203 - constructIndexName from rolls per day = 1440 gives: foo-1970-01-01.0105
2019-06-28 08:06:59 INFO  EsWriterTest:60 - indexName:foo-1970-01-01.0105
2019-06-28 08:06:59 INFO  EsWriterTest:60 - indexName:foo-1970-01-01.0105
2019-06-28 08:06:59 DEBUG EsWriter:203 - constructIndexName from rolls per day = 1440 gives: foo-1970-01-01.0106
2019-06-28 08:06:59 DEBUG EsWriter:203 - constructIndexName from rolls per day = 1440 gives: foo-1970-01-01.0106
2019-06-28 08:06:59 INFO  EsWriterTest:60 - indexName:foo-1970-01-01.0106
2019-06-28 08:06:59 INFO  EsWriterTest:60 - indexName:foo-1970-01-01.0106
2019-06-28 08:06:59 DEBUG EsWriter:203 - constructIndexName from rolls per day = 1440 gives: foo-1970-01-01.0107
2019-06-28 08:06:59 DEBUG EsWriter:203 - constructIndexName from rolls per day = 1440 gives: foo-1970-01-01.0107
2019-06-28 08:06:59 INFO  EsWriterTest:60 - indexName:foo-1970-01-01.0107
2019-06-28 08:06:59 INFO  EsWriterTest:60 - indexName:foo-1970-01-01.0107
2019-06-28 08:06:59 DEBUG EsWriter:203 - constructIndexName from rolls per day = 1440 gives: foo-1970-01-01.0108
2019-06-28 08:06:59 DEBUG EsWriter:203 - constructIndexName from rolls per day = 1440 gives: foo-1970-01-01.0108
2019-06-28 08:06:59 INFO  EsWriterTest:60 - indexName:foo-1970-01-01.0108
2019-06-28 08:06:59 INFO  EsWriterTest:60 - indexName:foo-1970-01-01.0108
2019-06-28 08:06:59 DEBUG EsWriter:203 - constructIndexName from rolls per day = 1440 gives: foo-1970-01-01.0109
2019-06-28 08:06:59 DEBUG EsWriter:203 - constructIndexName from rolls per day = 1440 gives: foo-1970-01-01.0109
2019-06-28 08:06:59 INFO  EsWriterTest:60 - indexName:foo-1970-01-01.0109
2019-06-28 08:06:59 INFO  EsWriterTest:60 - indexName:foo-1970-01-01.0109
2019-06-28 08:06:59 DEBUG EsWriter:203 - constructIndexName from rolls per day = 1440 gives: foo-1970-01-01.0110
2019-06-28 08:06:59 DEBUG EsWriter:203 - constructIndexName from rolls per day = 1440 gives: foo-1970-01-01.0110
2019-06-28 08:06:59 INFO  EsWriterTest:60 - indexName:foo-1970-01-01.0110
2019-06-28 08:06:59 INFO  EsWriterTest:60 - indexName:foo-1970-01-01.0110
2019-06-28 08:06:59 DEBUG EsWriter:203 - constructIndexName from rolls per day = 1440 gives: foo-1970-01-01.0111
2019-06-28 08:06:59 DEBUG EsWriter:203 - constructIndexName from rolls per day = 1440 gives: foo-1970-01-01.0111
2019-06-28 08:06:59 INFO  EsWriterTest:60 - indexName:foo-1970-01-01.0111
2019-06-28 08:06:59 INFO  EsWriterTest:60 - indexName:foo-1970-01-01.0111
2019-06-28 08:06:59 DEBUG EsWriter:203 - constructIndexName from rolls per day = 1440 gives: foo-1970-01-01.0112
2019-06-28 08:06:59 DEBUG EsWriter:203 - constructIndexName from rolls per day = 1440 gives: foo-1970-01-01.0112
2019-06-28 08:06:59 INFO  EsWriterTest:60 - indexName:foo-1970-01-01.0112
2019-06-28 08:06:59 INFO  EsWriterTest:60 - indexName:foo-1970-01-01.0112
2019-06-28 08:06:59 DEBUG EsWriter:203 - constructIndexName from rolls per day = 1440 gives: foo-1970-01-01.0113
2019-06-28 08:06:59 DEBUG EsWriter:203 - constructIndexName from rolls per day = 1440 gives: foo-1970-01-01.0113
2019-06-28 08:06:59 INFO  EsWriterTest:60 - indexName:foo-1970-01-01.0113
2019-06-28 08:06:59 INFO  EsWriterTest:60 - indexName:foo-1970-01-01.0113
2019-06-28 08:06:59 DEBUG EsWriter:203 - constructIndexName from rolls per day = 1440 gives: foo-1970-01-01.0114
2019-06-28 08:06:59 DEBUG EsWriter:203 - constructIndexName from rolls per day = 1440 gives: foo-1970-01-01.0114
2019-06-28 08:06:59 INFO  EsWriterTest:60 - indexName:foo-1970-01-01.0114
2019-06-28 08:06:59 INFO  EsWriterTest:60 - indexName:foo-1970-01-01.0114
2019-06-28 08:06:59 DEBUG EsWriter:203 - constructIndexName from rolls per day = 1440 gives: foo-1970-01-01.0115
2019-06-28 08:06:59 DEBUG EsWriter:203 - constructIndexName from rolls per day = 1440 gives: foo-1970-01-01.0115
2019-06-28 08:06:59 INFO  EsWriterTest:60 - indexName:foo-1970-01-01.0115
2019-06-28 08:06:59 INFO  EsWriterTest:60 - indexName:foo-1970-01-01.0115
2019-06-28 08:06:59 DEBUG EsWriter:203 - constructIndexName from rolls per day = 1440 gives: foo-1970-01-01.0116
2019-06-28 08:06:59 DEBUG EsWriter:203 - constructIndexName from rolls per day = 1440 gives: foo-1970-01-01.0116
2019-06-28 08:06:59 INFO  EsWriterTest:60 - indexName:foo-1970-01-01.0116
2019-06-28 08:06:59 INFO  EsWriterTest:60 - indexName:foo-1970-01-01.0116
2019-06-28 08:06:59 DEBUG EsWriter:203 - constructIndexName from rolls per day = 1440 gives: foo-1970-01-01.0117
2019-06-28 08:06:59 DEBUG EsWriter:203 - constructIndexName from rolls per day = 1440 gives: foo-1970-01-01.0117
2019-06-28 08:06:59 INFO  EsWriterTest:60 - indexName:foo-1970-01-01.0117
2019-06-28 08:06:59 INFO  EsWriterTest:60 - indexName:foo-1970-01-01.0117
2019-06-28 08:06:59 DEBUG EsWriter:203 - constructIndexName from rolls per day = 1440 gives: foo-1970-01-01.0118
2019-06-28 08:06:59 DEBUG EsWriter:203 - constructIndexName from rolls per day = 1440 gives: foo-1970-01-01.0118
2019-06-28 08:06:59 INFO  EsWriterTest:60 - indexName:foo-1970-01-01.0118
2019-06-28 08:06:59 INFO  EsWriterTest:60 - indexName:foo-1970-01-01.0118
2019-06-28 08:06:59 DEBUG EsWriter:203 - constructIndexName from rolls per day = 1440 gives: foo-1970-01-01.0119
2019-06-28 08:06:59 DEBUG EsWriter:203 - constructIndexName from rolls per day = 1440 gives: foo-1970-01-01.0119
2019-06-28 08:06:59 INFO  EsWriterTest:60 - indexName:foo-1970-01-01.0119
2019-06-28 08:06:59 INFO  EsWriterTest:60 - indexName:foo-1970-01-01.0119
2019-06-28 08:06:59 DEBUG EsWriter:203 - constructIndexName from rolls per day = 1440 gives: foo-1970-01-01.0120
2019-06-28 08:06:59 DEBUG EsWriter:203 - constructIndexName from rolls per day = 1440 gives: foo-1970-01-01.0120
2019-06-28 08:06:59 INFO  EsWriterTest:60 - indexName:foo-1970-01-01.0120
2019-06-28 08:06:59 INFO  EsWriterTest:60 - indexName:foo-1970-01-01.0120
2019-06-28 08:06:59 DEBUG EsWriter:203 - constructIndexName from rolls per day = 1440 gives: foo-1970-01-01.0121
2019-06-28 08:06:59 DEBUG EsWriter:203 - constructIndexName from rolls per day = 1440 gives: foo-1970-01-01.0121
2019-06-28 08:06:59 INFO  EsWriterTest:60 - indexName:foo-1970-01-01.0121
2019-06-28 08:06:59 INFO  EsWriterTest:60 - indexName:foo-1970-01-01.0121
2019-06-28 08:06:59 DEBUG EsWriter:203 - constructIndexName from rolls per day = 1440 gives: foo-1970-01-01.0122
2019-06-28 08:06:59 DEBUG EsWriter:203 - constructIndexName from rolls per day = 1440 gives: foo-1970-01-01.0122
2019-06-28 08:06:59 INFO  EsWriterTest:60 - indexName:foo-1970-01-01.0122
2019-06-28 08:06:59 INFO  EsWriterTest:60 - indexName:foo-1970-01-01.0122
2019-06-28 08:06:59 DEBUG EsWriter:203 - constructIndexName from rolls per day = 1440 gives: foo-1970-01-01.0123
2019-06-28 08:06:59 DEBUG EsWriter:203 - constructIndexName from rolls per day = 1440 gives: foo-1970-01-01.0123
2019-06-28 08:06:59 INFO  EsWriterTest:60 - indexName:foo-1970-01-01.0123
2019-06-28 08:06:59 INFO  EsWriterTest:60 - indexName:foo-1970-01-01.0123
2019-06-28 08:06:59 DEBUG EsWriter:203 - constructIndexName from rolls per day = 1440 gives: foo-1970-01-01.0124
2019-06-28 08:06:59 DEBUG EsWriter:203 - constructIndexName from rolls per day = 1440 gives: foo-1970-01-01.0124
2019-06-28 08:06:59 INFO  EsWriterTest:60 - indexName:foo-1970-01-01.0124
2019-06-28 08:06:59 INFO  EsWriterTest:60 - indexName:foo-1970-01-01.0124
2019-06-28 08:06:59 DEBUG EsWriter:203 - constructIndexName from rolls per day = 1440 gives: foo-1970-01-01.0125
2019-06-28 08:06:59 DEBUG EsWriter:203 - constructIndexName from rolls per day = 1440 gives: foo-1970-01-01.0125
2019-06-28 08:06:59 INFO  EsWriterTest:60 - indexName:foo-1970-01-01.0125
2019-06-28 08:06:59 INFO  EsWriterTest:60 - indexName:foo-1970-01-01.0125
2019-06-28 08:06:59 DEBUG EsWriter:203 - constructIndexName from rolls per day = 1440 gives: foo-1970-01-01.0126
2019-06-28 08:06:59 DEBUG EsWriter:203 - constructIndexName from rolls per day = 1440 gives: foo-1970-01-01.0126
2019-06-28 08:06:59 INFO  EsWriterTest:60 - indexName:foo-1970-01-01.0126
2019-06-28 08:06:59 INFO  EsWriterTest:60 - indexName:foo-1970-01-01.0126
2019-06-28 08:06:59 DEBUG EsWriter:203 - constructIndexName from rolls per day = 1440 gives: foo-1970-01-01.0127
2019-06-28 08:06:59 DEBUG EsWriter:203 - constructIndexName from rolls per day = 1440 gives: foo-1970-01-01.0127
2019-06-28 08:06:59 INFO  EsWriterTest:60 - indexName:foo-1970-01-01.0127
2019-06-28 08:06:59 INFO  EsWriterTest:60 - indexName:foo-1970-01-01.0127
2019-06-28 08:06:59 DEBUG EsWriter:203 - constructIndexName from rolls per day = 1440 gives: foo-1970-01-01.0128
2019-06-28 08:06:59 DEBUG EsWriter:203 - constructIndexName from rolls per day = 1440 gives: foo-1970-01-01.0128
2019-06-28 08:06:59 INFO  EsWriterTest:60 - indexName:foo-1970-01-01.0128
2019-06-28 08:06:59 INFO  EsWriterTest:60 - indexName:foo-1970-01-01.0128
2019-06-28 08:06:59 DEBUG EsWriter:203 - constructIndexName from rolls per day = 1440 gives: foo-1970-01-01.0129
2019-06-28 08:06:59 DEBUG EsWriter:203 - constructIndexName from rolls per day = 1440 gives: foo-1970-01-01.0129
2019-06-28 08:06:59 INFO  EsWriterTest:60 - indexName:foo-1970-01-01.0129
2019-06-28 08:06:59 INFO  EsWriterTest:60 - indexName:foo-1970-01-01.0129
2019-06-28 08:06:59 DEBUG EsWriter:203 - constructIndexName from rolls per day = 1440 gives: foo-1970-01-01.0130
2019-06-28 08:06:59 DEBUG EsWriter:203 - constructIndexName from rolls per day = 1440 gives: foo-1970-01-01.0130
2019-06-28 08:06:59 INFO  EsWriterTest:60 - indexName:foo-1970-01-01.0130
2019-06-28 08:06:59 INFO  EsWriterTest:60 - indexName:foo-1970-01-01.0130
2019-06-28 08:06:59 DEBUG EsWriter:203 - constructIndexName from rolls per day = 1440 gives: foo-1970-01-01.0131
2019-06-28 08:06:59 DEBUG EsWriter:203 - constructIndexName from rolls per day = 1440 gives: foo-1970-01-01.0131
2019-06-28 08:06:59 INFO  EsWriterTest:60 - indexName:foo-1970-01-01.0131
2019-06-28 08:06:59 INFO  EsWriterTest:60 - indexName:foo-1970-01-01.0131
2019-06-28 08:06:59 DEBUG EsWriter:203 - constructIndexName from rolls per day = 1440 gives: foo-1970-01-01.0132
2019-06-28 08:06:59 DEBUG EsWriter:203 - constructIndexName from rolls per day = 1440 gives: foo-1970-01-01.0132
2019-06-28 08:06:59 INFO  EsWriterTest:60 - indexName:foo-1970-01-01.0132
2019-06-28 08:06:59 INFO  EsWriterTest:60 - indexName:foo-1970-01-01.0132
2019-06-28 08:06:59 DEBUG EsWriter:203 - constructIndexName from rolls per day = 1440 gives: foo-1970-01-01.0133
2019-06-28 08:06:59 DEBUG EsWriter:203 - constructIndexName from rolls per day = 1440 gives: foo-1970-01-01.0133
2019-06-28 08:06:59 INFO  EsWriterTest:60 - indexName:foo-1970-01-01.0133
2019-06-28 08:06:59 INFO  EsWriterTest:60 - indexName:foo-1970-01-01.0133
2019-06-28 08:06:59 DEBUG EsWriter:203 - constructIndexName from rolls per day = 1440 gives: foo-1970-01-01.0134
2019-06-28 08:06:59 DEBUG EsWriter:203 - constructIndexName from rolls per day = 1440 gives: foo-1970-01-01.0134
2019-06-28 08:06:59 INFO  EsWriterTest:60 - indexName:foo-1970-01-01.0134
2019-06-28 08:06:59 INFO  EsWriterTest:60 - indexName:foo-1970-01-01.0134
2019-06-28 08:06:59 DEBUG EsWriter:203 - constructIndexName from rolls per day = 1440 gives: foo-1970-01-01.0135
2019-06-28 08:06:59 DEBUG EsWriter:203 - constructIndexName from rolls per day = 1440 gives: foo-1970-01-01.0135
2019-06-28 08:06:59 INFO  EsWriterTest:60 - indexName:foo-1970-01-01.0135
2019-06-28 08:06:59 INFO  EsWriterTest:60 - indexName:foo-1970-01-01.0135
2019-06-28 08:06:59 DEBUG EsWriter:203 - constructIndexName from rolls per day = 1440 gives: foo-1970-01-01.0136
2019-06-28 08:06:59 DEBUG EsWriter:203 - constructIndexName from rolls per day = 1440 gives: foo-1970-01-01.0136
2019-06-28 08:06:59 INFO  EsWriterTest:60 - indexName:foo-1970-01-01.0136
2019-06-28 08:06:59 INFO  EsWriterTest:60 - indexName:foo-1970-01-01.0136
2019-06-28 08:06:59 DEBUG EsWriter:203 - constructIndexName from rolls per day = 1440 gives: foo-1970-01-01.0137
2019-06-28 08:06:59 DEBUG EsWriter:203 - constructIndexName from rolls per day = 1440 gives: foo-1970-01-01.0137
2019-06-28 08:06:59 INFO  EsWriterTest:60 - indexName:foo-1970-01-01.0137
2019-06-28 08:06:59 INFO  EsWriterTest:60 - indexName:foo-1970-01-01.0137
2019-06-28 08:06:59 DEBUG EsWriter:203 - constructIndexName from rolls per day = 1440 gives: foo-1970-01-01.0138
2019-06-28 08:06:59 DEBUG EsWriter:203 - constructIndexName from rolls per day = 1440 gives: foo-1970-01-01.0138
2019-06-28 08:06:59 INFO  EsWriterTest:60 - indexName:foo-1970-01-01.0138
2019-06-28 08:06:59 INFO  EsWriterTest:60 - indexName:foo-1970-01-01.0138
2019-06-28 08:06:59 DEBUG EsWriter:203 - constructIndexName from rolls per day = 1440 gives: foo-1970-01-01.0139
2019-06-28 08:06:59 DEBUG EsWriter:203 - constructIndexName from rolls per day = 1440 gives: foo-1970-01-01.0139
2019-06-28 08:06:59 INFO  EsWriterTest:60 - indexName:foo-1970-01-01.0139
2019-06-28 08:06:59 INFO  EsWriterTest:60 - indexName:foo-1970-01-01.0139
2019-06-28 08:06:59 DEBUG EsWriter:203 - constructIndexName from rolls per day = 1440 gives: foo-1970-01-01.0140
2019-06-28 08:06:59 DEBUG EsWriter:203 - constructIndexName from rolls per day = 1440 gives: foo-1970-01-01.0140
2019-06-28 08:06:59 INFO  EsWriterTest:60 - indexName:foo-1970-01-01.0140
2019-06-28 08:06:59 INFO  EsWriterTest:60 - indexName:foo-1970-01-01.0140
2019-06-28 08:06:59 DEBUG EsWriter:203 - constructIndexName from rolls per day = 1440 gives: foo-1970-01-01.0141
2019-06-28 08:06:59 DEBUG EsWriter:203 - constructIndexName from rolls per day = 1440 gives: foo-1970-01-01.0141
2019-06-28 08:06:59 INFO  EsWriterTest:60 - indexName:foo-1970-01-01.0141
2019-06-28 08:06:59 INFO  EsWriterTest:60 - indexName:foo-1970-01-01.0141
2019-06-28 08:06:59 DEBUG EsWriter:203 - constructIndexName from rolls per day = 1440 gives: foo-1970-01-01.0142
2019-06-28 08:06:59 DEBUG EsWriter:203 - constructIndexName from rolls per day = 1440 gives: foo-1970-01-01.0142
2019-06-28 08:06:59 INFO  EsWriterTest:60 - indexName:foo-1970-01-01.0142
2019-06-28 08:06:59 INFO  EsWriterTest:60 - indexName:foo-1970-01-01.0142
2019-06-28 08:06:59 DEBUG EsWriter:203 - constructIndexName from rolls per day = 1440 gives: foo-1970-01-01.0143
2019-06-28 08:06:59 DEBUG EsWriter:203 - constructIndexName from rolls per day = 1440 gives: foo-1970-01-01.0143
2019-06-28 08:06:59 INFO  EsWriterTest:60 - indexName:foo-1970-01-01.0143
2019-06-28 08:06:59 INFO  EsWriterTest:60 - indexName:foo-1970-01-01.0143
2019-06-28 08:06:59 DEBUG EsWriter:203 - constructIndexName from rolls per day = 1440 gives: foo-1970-01-01.0144
2019-06-28 08:06:59 DEBUG EsWriter:203 - constructIndexName from rolls per day = 1440 gives: foo-1970-01-01.0144
2019-06-28 08:06:59 INFO  EsWriterTest:60 - indexName:foo-1970-01-01.0144
2019-06-28 08:06:59 INFO  EsWriterTest:60 - indexName:foo-1970-01-01.0144
2019-06-28 08:06:59 DEBUG EsWriter:203 - constructIndexName from rolls per day = 1440 gives: foo-1970-01-01.0145
2019-06-28 08:06:59 DEBUG EsWriter:203 - constructIndexName from rolls per day = 1440 gives: foo-1970-01-01.0145
2019-06-28 08:06:59 INFO  EsWriterTest:60 - indexName:foo-1970-01-01.0145
2019-06-28 08:06:59 INFO  EsWriterTest:60 - indexName:foo-1970-01-01.0145
2019-06-28 08:06:59 DEBUG EsWriter:203 - constructIndexName from rolls per day = 1440 gives: foo-1970-01-01.0146
2019-06-28 08:06:59 DEBUG EsWriter:203 - constructIndexName from rolls per day = 1440 gives: foo-1970-01-01.0146
2019-06-28 08:06:59 INFO  EsWriterTest:60 - indexName:foo-1970-01-01.0146
2019-06-28 08:06:59 INFO  EsWriterTest:60 - indexName:foo-1970-01-01.0146
2019-06-28 08:06:59 DEBUG EsWriter:203 - constructIndexName from rolls per day = 1440 gives: foo-1970-01-01.0147
2019-06-28 08:06:59 DEBUG EsWriter:203 - constructIndexName from rolls per day = 1440 gives: foo-1970-01-01.0147
2019-06-28 08:06:59 INFO  EsWriterTest:60 - indexName:foo-1970-01-01.0147
2019-06-28 08:06:59 INFO  EsWriterTest:60 - indexName:foo-1970-01-01.0147
2019-06-28 08:06:59 DEBUG EsWriter:203 - constructIndexName from rolls per day = 1440 gives: foo-1970-01-01.0148
2019-06-28 08:06:59 DEBUG EsWriter:203 - constructIndexName from rolls per day = 1440 gives: foo-1970-01-01.0148
2019-06-28 08:06:59 INFO  EsWriterTest:60 - indexName:foo-1970-01-01.0148
2019-06-28 08:06:59 INFO  EsWriterTest:60 - indexName:foo-1970-01-01.0148
2019-06-28 08:06:59 DEBUG EsWriter:203 - constructIndexName from rolls per day = 1440 gives: foo-1970-01-01.0149
2019-06-28 08:06:59 DEBUG EsWriter:203 - constructIndexName from rolls per day = 1440 gives: foo-1970-01-01.0149
2019-06-28 08:06:59 INFO  EsWriterTest:60 - indexName:foo-1970-01-01.0149
2019-06-28 08:06:59 INFO  EsWriterTest:60 - indexName:foo-1970-01-01.0149
2019-06-28 08:06:59 DEBUG EsWriter:203 - constructIndexName from rolls per day = 1440 gives: foo-1970-01-01.0150
2019-06-28 08:06:59 DEBUG EsWriter:203 - constructIndexName from rolls per day = 1440 gives: foo-1970-01-01.0150
2019-06-28 08:06:59 INFO  EsWriterTest:60 - indexName:foo-1970-01-01.0150
2019-06-28 08:06:59 INFO  EsWriterTest:60 - indexName:foo-1970-01-01.0150
2019-06-28 08:06:59 DEBUG EsWriter:203 - constructIndexName from rolls per day = 1440 gives: foo-1970-01-01.0151
2019-06-28 08:06:59 DEBUG EsWriter:203 - constructIndexName from rolls per day = 1440 gives: foo-1970-01-01.0151
2019-06-28 08:06:59 INFO  EsWriterTest:60 - indexName:foo-1970-01-01.0151
2019-06-28 08:06:59 INFO  EsWriterTest:60 - indexName:foo-1970-01-01.0151
2019-06-28 08:06:59 DEBUG EsWriter:203 - constructIndexName from rolls per day = 1440 gives: foo-1970-01-01.0152
2019-06-28 08:06:59 DEBUG EsWriter:203 - constructIndexName from rolls per day = 1440 gives: foo-1970-01-01.0152
2019-06-28 08:06:59 INFO  EsWriterTest:60 - indexName:foo-1970-01-01.0152
2019-06-28 08:06:59 INFO  EsWriterTest:60 - indexName:foo-1970-01-01.0152
2019-06-28 08:06:59 DEBUG EsWriter:203 - constructIndexName from rolls per day = 1440 gives: foo-1970-01-01.0153
2019-06-28 08:06:59 DEBUG EsWriter:203 - constructIndexName from rolls per day = 1440 gives: foo-1970-01-01.0153
2019-06-28 08:06:59 INFO  EsWriterTest:60 - indexName:foo-1970-01-01.0153
2019-06-28 08:06:59 INFO  EsWriterTest:60 - indexName:foo-1970-01-01.0153
2019-06-28 08:06:59 DEBUG EsWriter:203 - constructIndexName from rolls per day = 1440 gives: foo-1970-01-01.0154
2019-06-28 08:06:59 DEBUG EsWriter:203 - constructIndexName from rolls per day = 1440 gives: foo-1970-01-01.0154
2019-06-28 08:06:59 INFO  EsWriterTest:60 - indexName:foo-1970-01-01.0154
2019-06-28 08:06:59 INFO  EsWriterTest:60 - indexName:foo-1970-01-01.0154
2019-06-28 08:06:59 DEBUG EsWriter:203 - constructIndexName from rolls per day = 1440 gives: foo-1970-01-01.0155
2019-06-28 08:06:59 DEBUG EsWriter:203 - constructIndexName from rolls per day = 1440 gives: foo-1970-01-01.0155
2019-06-28 08:06:59 INFO  EsWriterTest:60 - indexName:foo-1970-01-01.0155
2019-06-28 08:06:59 INFO  EsWriterTest:60 - indexName:foo-1970-01-01.0155
2019-06-28 08:06:59 DEBUG EsWriter:203 - constructIndexName from rolls per day = 1440 gives: foo-1970-01-01.0156
2019-06-28 08:06:59 DEBUG EsWriter:203 - constructIndexName from rolls per day = 1440 gives: foo-1970-01-01.0156
2019-06-28 08:06:59 INFO  EsWriterTest:60 - indexName:foo-1970-01-01.0156
2019-06-28 08:06:59 INFO  EsWriterTest:60 - indexName:foo-1970-01-01.0156
2019-06-28 08:06:59 DEBUG EsWriter:203 - constructIndexName from rolls per day = 1440 gives: foo-1970-01-01.0157
2019-06-28 08:06:59 DEBUG EsWriter:203 - constructIndexName from rolls per day = 1440 gives: foo-1970-01-01.0157
2019-06-28 08:06:59 INFO  EsWriterTest:60 - indexName:foo-1970-01-01.0157
2019-06-28 08:06:59 INFO  EsWriterTest:60 - indexName:foo-1970-01-01.0157
2019-06-28 08:06:59 DEBUG EsWriter:203 - constructIndexName from rolls per day = 1440 gives: foo-1970-01-01.0158
2019-06-28 08:06:59 DEBUG EsWriter:203 - constructIndexName from rolls per day = 1440 gives: foo-1970-01-01.0158
2019-06-28 08:06:59 INFO  EsWriterTest:60 - indexName:foo-1970-01-01.0158
2019-06-28 08:06:59 INFO  EsWriterTest:60 - indexName:foo-1970-01-01.0158
2019-06-28 08:06:59 DEBUG EsWriter:203 - constructIndexName from rolls per day = 1440 gives: foo-1970-01-01.0159
2019-06-28 08:06:59 DEBUG EsWriter:203 - constructIndexName from rolls per day = 1440 gives: foo-1970-01-01.0159
2019-06-28 08:06:59 INFO  EsWriterTest:60 - indexName:foo-1970-01-01.0159
2019-06-28 08:06:59 INFO  EsWriterTest:60 - indexName:foo-1970-01-01.0159
2019-06-28 08:06:59 DEBUG EsWriter:203 - constructIndexName from rolls per day = 1440 gives: foo-1970-01-01.0160
2019-06-28 08:06:59 DEBUG EsWriter:203 - constructIndexName from rolls per day = 1440 gives: foo-1970-01-01.0160
2019-06-28 08:06:59 INFO  EsWriterTest:60 - indexName:foo-1970-01-01.0160
2019-06-28 08:06:59 INFO  EsWriterTest:60 - indexName:foo-1970-01-01.0160
2019-06-28 08:06:59 DEBUG EsWriter:203 - constructIndexName from rolls per day = 1440 gives: foo-1970-01-01.0161
2019-06-28 08:06:59 DEBUG EsWriter:203 - constructIndexName from rolls per day = 1440 gives: foo-1970-01-01.0161
2019-06-28 08:06:59 INFO  EsWriterTest:60 - indexName:foo-1970-01-01.0161
2019-06-28 08:06:59 INFO  EsWriterTest:60 - indexName:foo-1970-01-01.0161
2019-06-28 08:06:59 DEBUG EsWriter:203 - constructIndexName from rolls per day = 1440 gives: foo-1970-01-01.0162
2019-06-28 08:06:59 DEBUG EsWriter:203 - constructIndexName from rolls per day = 1440 gives: foo-1970-01-01.0162
2019-06-28 08:06:59 INFO  EsWriterTest:60 - indexName:foo-1970-01-01.0162
2019-06-28 08:06:59 INFO  EsWriterTest:60 - indexName:foo-1970-01-01.0162
2019-06-28 08:06:59 DEBUG EsWriter:203 - constructIndexName from rolls per day = 1440 gives: foo-1970-01-01.0163
2019-06-28 08:06:59 DEBUG EsWriter:203 - constructIndexName from rolls per day = 1440 gives: foo-1970-01-01.0163
2019-06-28 08:06:59 INFO  EsWriterTest:60 - indexName:foo-1970-01-01.0163
2019-06-28 08:06:59 INFO  EsWriterTest:60 - indexName:foo-1970-01-01.0163
2019-06-28 08:06:59 DEBUG EsWriter:203 - constructIndexName from rolls per day = 1440 gives: foo-1970-01-01.0164
2019-06-28 08:06:59 DEBUG EsWriter:203 - constructIndexName from rolls per day = 1440 gives: foo-1970-01-01.0164
2019-06-28 08:06:59 INFO  EsWriterTest:60 - indexName:foo-1970-01-01.0164
2019-06-28 08:06:59 INFO  EsWriterTest:60 - indexName:foo-1970-01-01.0164
2019-06-28 08:06:59 DEBUG EsWriter:203 - constructIndexName from rolls per day = 1440 gives: foo-1970-01-01.0165
2019-06-28 08:06:59 DEBUG EsWriter:203 - constructIndexName from rolls per day = 1440 gives: foo-1970-01-01.0165
2019-06-28 08:06:59 INFO  EsWriterTest:60 - indexName:foo-1970-01-01.0165
2019-06-28 08:06:59 INFO  EsWriterTest:60 - indexName:foo-1970-01-01.0165
2019-06-28 08:06:59 DEBUG EsWriter:203 - constructIndexName from rolls per day = 1440 gives: foo-1970-01-01.0166
2019-06-28 08:06:59 DEBUG EsWriter:203 - constructIndexName from rolls per day = 1440 gives: foo-1970-01-01.0166
2019-06-28 08:06:59 INFO  EsWriterTest:60 - indexName:foo-1970-01-01.0166
2019-06-28 08:06:59 INFO  EsWriterTest:60 - indexName:foo-1970-01-01.0166
2019-06-28 08:06:59 DEBUG EsWriter:203 - constructIndexName from rolls per day = 1440 gives: foo-1970-01-01.0167
2019-06-28 08:06:59 DEBUG EsWriter:203 - constructIndexName from rolls per day = 1440 gives: foo-1970-01-01.0167
2019-06-28 08:06:59 INFO  EsWriterTest:60 - indexName:foo-1970-01-01.0167
2019-06-28 08:06:59 INFO  EsWriterTest:60 - indexName:foo-1970-01-01.0167
2019-06-28 08:06:59 DEBUG EsWriter:203 - constructIndexName from rolls per day = 1440 gives: foo-1970-01-01.0168
2019-06-28 08:06:59 DEBUG EsWriter:203 - constructIndexName from rolls per day = 1440 gives: foo-1970-01-01.0168
2019-06-28 08:06:59 INFO  EsWriterTest:60 - indexName:foo-1970-01-01.0168
2019-06-28 08:06:59 INFO  EsWriterTest:60 - indexName:foo-1970-01-01.0168
2019-06-28 08:06:59 DEBUG EsWriter:203 - constructIndexName from rolls per day = 1440 gives: foo-1970-01-01.0169
2019-06-28 08:06:59 DEBUG EsWriter:203 - constructIndexName from rolls per day = 1440 gives: foo-1970-01-01.0169
2019-06-28 08:06:59 INFO  EsWriterTest:60 - indexName:foo-1970-01-01.0169
2019-06-28 08:06:59 INFO  EsWriterTest:60 - indexName:foo-1970-01-01.0169
2019-06-28 08:06:59 DEBUG EsWriter:203 - constructIndexName from rolls per day = 1440 gives: foo-1970-01-01.0170
2019-06-28 08:06:59 DEBUG EsWriter:203 - constructIndexName from rolls per day = 1440 gives: foo-1970-01-01.0170
2019-06-28 08:06:59 INFO  EsWriterTest:60 - indexName:foo-1970-01-01.0170
2019-06-28 08:06:59 INFO  EsWriterTest:60 - indexName:foo-1970-01-01.0170
2019-06-28 08:06:59 DEBUG EsWriter:203 - constructIndexName from rolls per day = 1440 gives: foo-1970-01-01.0171
2019-06-28 08:06:59 DEBUG EsWriter:203 - constructIndexName from rolls per day = 1440 gives: foo-1970-01-01.0171
2019-06-28 08:06:59 INFO  EsWriterTest:60 - indexName:foo-1970-01-01.0171
2019-06-28 08:06:59 INFO  EsWriterTest:60 - indexName:foo-1970-01-01.0171
2019-06-28 08:06:59 DEBUG EsWriter:203 - constructIndexName from rolls per day = 1440 gives: foo-1970-01-01.0172
2019-06-28 08:06:59 DEBUG EsWriter:203 - constructIndexName from rolls per day = 1440 gives: foo-1970-01-01.0172
2019-06-28 08:06:59 INFO  EsWriterTest:60 - indexName:foo-1970-01-01.0172
2019-06-28 08:06:59 INFO  EsWriterTest:60 - indexName:foo-1970-01-01.0172
2019-06-28 08:06:59 DEBUG EsWriter:203 - constructIndexName from rolls per day = 1440 gives: foo-1970-01-01.0173
2019-06-28 08:06:59 DEBUG EsWriter:203 - constructIndexName from rolls per day = 1440 gives: foo-1970-01-01.0173
2019-06-28 08:06:59 INFO  EsWriterTest:60 - indexName:foo-1970-01-01.0173
2019-06-28 08:06:59 INFO  EsWriterTest:60 - indexName:foo-1970-01-01.0173
2019-06-28 08:06:59 DEBUG EsWriter:203 - constructIndexName from rolls per day = 1440 gives: foo-1970-01-01.0174
2019-06-28 08:06:59 DEBUG EsWriter:203 - constructIndexName from rolls per day = 1440 gives: foo-1970-01-01.0174
2019-06-28 08:06:59 INFO  EsWriterTest:60 - indexName:foo-1970-01-01.0174
2019-06-28 08:06:59 INFO  EsWriterTest:60 - indexName:foo-1970-01-01.0174
2019-06-28 08:06:59 DEBUG EsWriter:203 - constructIndexName from rolls per day = 1440 gives: foo-1970-01-01.0175
2019-06-28 08:06:59 DEBUG EsWriter:203 - constructIndexName from rolls per day = 1440 gives: foo-1970-01-01.0175
2019-06-28 08:06:59 INFO  EsWriterTest:60 - indexName:foo-1970-01-01.0175
2019-06-28 08:06:59 INFO  EsWriterTest:60 - indexName:foo-1970-01-01.0175
2019-06-28 08:06:59 DEBUG EsWriter:203 - constructIndexName from rolls per day = 1440 gives: foo-1970-01-01.0176
2019-06-28 08:06:59 DEBUG EsWriter:203 - constructIndexName from rolls per day = 1440 gives: foo-1970-01-01.0176
2019-06-28 08:06:59 INFO  EsWriterTest:60 - indexName:foo-1970-01-01.0176
2019-06-28 08:06:59 INFO  EsWriterTest:60 - indexName:foo-1970-01-01.0176
2019-06-28 08:06:59 DEBUG EsWriter:203 - constructIndexName from rolls per day = 1440 gives: foo-1970-01-01.0177
2019-06-28 08:06:59 DEBUG EsWriter:203 - constructIndexName from rolls per day = 1440 gives: foo-1970-01-01.0177
2019-06-28 08:06:59 INFO  EsWriterTest:60 - indexName:foo-1970-01-01.0177
2019-06-28 08:06:59 INFO  EsWriterTest:60 - indexName:foo-1970-01-01.0177
2019-06-28 08:06:59 DEBUG EsWriter:203 - constructIndexName from rolls per day = 1440 gives: foo-1970-01-01.0178
2019-06-28 08:06:59 DEBUG EsWriter:203 - constructIndexName from rolls per day = 1440 gives: foo-1970-01-01.0178
2019-06-28 08:06:59 INFO  EsWriterTest:60 - indexName:foo-1970-01-01.0178
2019-06-28 08:06:59 INFO  EsWriterTest:60 - indexName:foo-1970-01-01.0178
2019-06-28 08:06:59 DEBUG EsWriter:203 - constructIndexName from rolls per day = 1440 gives: foo-1970-01-01.0179
2019-06-28 08:06:59 DEBUG EsWriter:203 - constructIndexName from rolls per day = 1440 gives: foo-1970-01-01.0179
2019-06-28 08:06:59 INFO  EsWriterTest:60 - indexName:foo-1970-01-01.0179
2019-06-28 08:06:59 INFO  EsWriterTest:60 - indexName:foo-1970-01-01.0179
2019-06-28 08:06:59 DEBUG EsWriter:203 - constructIndexName from rolls per day = 1440 gives: foo-1970-01-01.0180
2019-06-28 08:06:59 DEBUG EsWriter:203 - constructIndexName from rolls per day = 1440 gives: foo-1970-01-01.0180
2019-06-28 08:06:59 INFO  EsWriterTest:60 - indexName:foo-1970-01-01.0180
2019-06-28 08:06:59 INFO  EsWriterTest:60 - indexName:foo-1970-01-01.0180
2019-06-28 08:06:59 DEBUG EsWriter:203 - constructIndexName from rolls per day = 1440 gives: foo-1970-01-01.0181
2019-06-28 08:06:59 DEBUG EsWriter:203 - constructIndexName from rolls per day = 1440 gives: foo-1970-01-01.0181
2019-06-28 08:06:59 INFO  EsWriterTest:60 - indexName:foo-1970-01-01.0181
2019-06-28 08:06:59 INFO  EsWriterTest:60 - indexName:foo-1970-01-01.0181
2019-06-28 08:06:59 DEBUG EsWriter:203 - constructIndexName from rolls per day = 1440 gives: foo-1970-01-01.0182
2019-06-28 08:06:59 DEBUG EsWriter:203 - constructIndexName from rolls per day = 1440 gives: foo-1970-01-01.0182
2019-06-28 08:06:59 INFO  EsWriterTest:60 - indexName:foo-1970-01-01.0182
2019-06-28 08:06:59 INFO  EsWriterTest:60 - indexName:foo-1970-01-01.0182
2019-06-28 08:06:59 DEBUG EsWriter:203 - constructIndexName from rolls per day = 1440 gives: foo-1970-01-01.0183
2019-06-28 08:06:59 DEBUG EsWriter:203 - constructIndexName from rolls per day = 1440 gives: foo-1970-01-01.0183
2019-06-28 08:06:59 INFO  EsWriterTest:60 - indexName:foo-1970-01-01.0183
2019-06-28 08:06:59 INFO  EsWriterTest:60 - indexName:foo-1970-01-01.0183
2019-06-28 08:06:59 DEBUG EsWriter:203 - constructIndexName from rolls per day = 1440 gives: foo-1970-01-01.0184
2019-06-28 08:06:59 DEBUG EsWriter:203 - constructIndexName from rolls per day = 1440 gives: foo-1970-01-01.0184
2019-06-28 08:06:59 INFO  EsWriterTest:60 - indexName:foo-1970-01-01.0184
2019-06-28 08:06:59 INFO  EsWriterTest:60 - indexName:foo-1970-01-01.0184
2019-06-28 08:06:59 DEBUG EsWriter:203 - constructIndexName from rolls per day = 1440 gives: foo-1970-01-01.0185
2019-06-28 08:06:59 DEBUG EsWriter:203 - constructIndexName from rolls per day = 1440 gives: foo-1970-01-01.0185
2019-06-28 08:06:59 INFO  EsWriterTest:60 - indexName:foo-1970-01-01.0185
2019-06-28 08:06:59 INFO  EsWriterTest:60 - indexName:foo-1970-01-01.0185
2019-06-28 08:06:59 DEBUG EsWriter:203 - constructIndexName from rolls per day = 1440 gives: foo-1970-01-01.0186
2019-06-28 08:06:59 DEBUG EsWriter:203 - constructIndexName from rolls per day = 1440 gives: foo-1970-01-01.0186
2019-06-28 08:06:59 INFO  EsWriterTest:60 - indexName:foo-1970-01-01.0186
2019-06-28 08:06:59 INFO  EsWriterTest:60 - indexName:foo-1970-01-01.0186
2019-06-28 08:06:59 DEBUG EsWriter:203 - constructIndexName from rolls per day = 1440 gives: foo-1970-01-01.0187
2019-06-28 08:06:59 DEBUG EsWriter:203 - constructIndexName from rolls per day = 1440 gives: foo-1970-01-01.0187
2019-06-28 08:06:59 INFO  EsWriterTest:60 - indexName:foo-1970-01-01.0187
2019-06-28 08:06:59 INFO  EsWriterTest:60 - indexName:foo-1970-01-01.0187
2019-06-28 08:06:59 DEBUG EsWriter:203 - constructIndexName from rolls per day = 1440 gives: foo-1970-01-01.0188
2019-06-28 08:06:59 DEBUG EsWriter:203 - constructIndexName from rolls per day = 1440 gives: foo-1970-01-01.0188
2019-06-28 08:06:59 INFO  EsWriterTest:60 - indexName:foo-1970-01-01.0188
2019-06-28 08:06:59 INFO  EsWriterTest:60 - indexName:foo-1970-01-01.0188
2019-06-28 08:06:59 DEBUG EsWriter:203 - constructIndexName from rolls per day = 1440 gives: foo-1970-01-01.0189
2019-06-28 08:06:59 DEBUG EsWriter:203 - constructIndexName from rolls per day = 1440 gives: foo-1970-01-01.0189
2019-06-28 08:06:59 INFO  EsWriterTest:60 - indexName:foo-1970-01-01.0189
2019-06-28 08:06:59 INFO  EsWriterTest:60 - indexName:foo-1970-01-01.0189
2019-06-28 08:06:59 DEBUG EsWriter:203 - constructIndexName from rolls per day = 1440 gives: foo-1970-01-01.0190
2019-06-28 08:06:59 DEBUG EsWriter:203 - constructIndexName from rolls per day = 1440 gives: foo-1970-01-01.0190
2019-06-28 08:06:59 INFO  EsWriterTest:60 - indexName:foo-1970-01-01.0190
2019-06-28 08:06:59 INFO  EsWriterTest:60 - indexName:foo-1970-01-01.0190
2019-06-28 08:06:59 DEBUG EsWriter:203 - constructIndexName from rolls per day = 1440 gives: foo-1970-01-01.0191
2019-06-28 08:06:59 DEBUG EsWriter:203 - constructIndexName from rolls per day = 1440 gives: foo-1970-01-01.0191
2019-06-28 08:06:59 INFO  EsWriterTest:60 - indexName:foo-1970-01-01.0191
2019-06-28 08:06:59 INFO  EsWriterTest:60 - indexName:foo-1970-01-01.0191
2019-06-28 08:06:59 DEBUG EsWriter:203 - constructIndexName from rolls per day = 1440 gives: foo-1970-01-01.0192
2019-06-28 08:06:59 DEBUG EsWriter:203 - constructIndexName from rolls per day = 1440 gives: foo-1970-01-01.0192
2019-06-28 08:06:59 INFO  EsWriterTest:60 - indexName:foo-1970-01-01.0192
2019-06-28 08:06:59 INFO  EsWriterTest:60 - indexName:foo-1970-01-01.0192
2019-06-28 08:06:59 DEBUG EsWriter:203 - constructIndexName from rolls per day = 1440 gives: foo-1970-01-01.0193
2019-06-28 08:06:59 DEBUG EsWriter:203 - constructIndexName from rolls per day = 1440 gives: foo-1970-01-01.0193
2019-06-28 08:06:59 INFO  EsWriterTest:60 - indexName:foo-1970-01-01.0193
2019-06-28 08:06:59 INFO  EsWriterTest:60 - indexName:foo-1970-01-01.0193
2019-06-28 08:06:59 DEBUG EsWriter:203 - constructIndexName from rolls per day = 1440 gives: foo-1970-01-01.0194
2019-06-28 08:06:59 DEBUG EsWriter:203 - constructIndexName from rolls per day = 1440 gives: foo-1970-01-01.0194
2019-06-28 08:06:59 INFO  EsWriterTest:60 - indexName:foo-1970-01-01.0194
2019-06-28 08:06:59 INFO  EsWriterTest:60 - indexName:foo-1970-01-01.0194
2019-06-28 08:06:59 DEBUG EsWriter:203 - constructIndexName from rolls per day = 1440 gives: foo-1970-01-01.0195
2019-06-28 08:06:59 DEBUG EsWriter:203 - constructIndexName from rolls per day = 1440 gives: foo-1970-01-01.0195
2019-06-28 08:06:59 INFO  EsWriterTest:60 - indexName:foo-1970-01-01.0195
2019-06-28 08:06:59 INFO  EsWriterTest:60 - indexName:foo-1970-01-01.0195
2019-06-28 08:06:59 DEBUG EsWriter:203 - constructIndexName from rolls per day = 1440 gives: foo-1970-01-01.0196
2019-06-28 08:06:59 DEBUG EsWriter:203 - constructIndexName from rolls per day = 1440 gives: foo-1970-01-01.0196
2019-06-28 08:06:59 INFO  EsWriterTest:60 - indexName:foo-1970-01-01.0196
2019-06-28 08:06:59 INFO  EsWriterTest:60 - indexName:foo-1970-01-01.0196
2019-06-28 08:06:59 DEBUG EsWriter:203 - constructIndexName from rolls per day = 1440 gives: foo-1970-01-01.0197
2019-06-28 08:06:59 DEBUG EsWriter:203 - constructIndexName from rolls per day = 1440 gives: foo-1970-01-01.0197
2019-06-28 08:06:59 INFO  EsWriterTest:60 - indexName:foo-1970-01-01.0197
2019-06-28 08:06:59 INFO  EsWriterTest:60 - indexName:foo-1970-01-01.0197
2019-06-28 08:06:59 DEBUG EsWriter:203 - constructIndexName from rolls per day = 1440 gives: foo-1970-01-01.0198
2019-06-28 08:06:59 DEBUG EsWriter:203 - constructIndexName from rolls per day = 1440 gives: foo-1970-01-01.0198
2019-06-28 08:06:59 INFO  EsWriterTest:60 - indexName:foo-1970-01-01.0198
2019-06-28 08:06:59 INFO  EsWriterTest:60 - indexName:foo-1970-01-01.0198
2019-06-28 08:06:59 DEBUG EsWriter:203 - constructIndexName from rolls per day = 1440 gives: foo-1970-01-01.0199
2019-06-28 08:06:59 DEBUG EsWriter:203 - constructIndexName from rolls per day = 1440 gives: foo-1970-01-01.0199
2019-06-28 08:06:59 INFO  EsWriterTest:60 - indexName:foo-1970-01-01.0199
2019-06-28 08:06:59 INFO  EsWriterTest:60 - indexName:foo-1970-01-01.0199
2019-06-28 08:06:59 DEBUG EsWriter:203 - constructIndexName from rolls per day = 1440 gives: foo-1970-01-01.0200
2019-06-28 08:06:59 DEBUG EsWriter:203 - constructIndexName from rolls per day = 1440 gives: foo-1970-01-01.0200
2019-06-28 08:06:59 INFO  EsWriterTest:60 - indexName:foo-1970-01-01.0200
2019-06-28 08:06:59 INFO  EsWriterTest:60 - indexName:foo-1970-01-01.0200
2019-06-28 08:06:59 DEBUG EsWriter:203 - constructIndexName from rolls per day = 1440 gives: foo-1970-01-01.0201
2019-06-28 08:06:59 DEBUG EsWriter:203 - constructIndexName from rolls per day = 1440 gives: foo-1970-01-01.0201
2019-06-28 08:06:59 INFO  EsWriterTest:60 - indexName:foo-1970-01-01.0201
2019-06-28 08:06:59 INFO  EsWriterTest:60 - indexName:foo-1970-01-01.0201
2019-06-28 08:06:59 DEBUG EsWriter:203 - constructIndexName from rolls per day = 1440 gives: foo-1970-01-01.0202
2019-06-28 08:06:59 DEBUG EsWriter:203 - constructIndexName from rolls per day = 1440 gives: foo-1970-01-01.0202
2019-06-28 08:06:59 INFO  EsWriterTest:60 - indexName:foo-1970-01-01.0202
2019-06-28 08:06:59 INFO  EsWriterTest:60 - indexName:foo-1970-01-01.0202
2019-06-28 08:06:59 DEBUG EsWriter:203 - constructIndexName from rolls per day = 1440 gives: foo-1970-01-01.0203
2019-06-28 08:06:59 DEBUG EsWriter:203 - constructIndexName from rolls per day = 1440 gives: foo-1970-01-01.0203
2019-06-28 08:06:59 INFO  EsWriterTest:60 - indexName:foo-1970-01-01.0203
2019-06-28 08:06:59 INFO  EsWriterTest:60 - indexName:foo-1970-01-01.0203
2019-06-28 08:06:59 DEBUG EsWriter:203 - constructIndexName from rolls per day = 1440 gives: foo-1970-01-01.0204
2019-06-28 08:06:59 DEBUG EsWriter:203 - constructIndexName from rolls per day = 1440 gives: foo-1970-01-01.0204
2019-06-28 08:06:59 INFO  EsWriterTest:60 - indexName:foo-1970-01-01.0204
2019-06-28 08:06:59 INFO  EsWriterTest:60 - indexName:foo-1970-01-01.0204
2019-06-28 08:06:59 DEBUG EsWriter:203 - constructIndexName from rolls per day = 1440 gives: foo-1970-01-01.0205
2019-06-28 08:06:59 DEBUG EsWriter:203 - constructIndexName from rolls per day = 1440 gives: foo-1970-01-01.0205
2019-06-28 08:06:59 INFO  EsWriterTest:60 - indexName:foo-1970-01-01.0205
2019-06-28 08:06:59 INFO  EsWriterTest:60 - indexName:foo-1970-01-01.0205
2019-06-28 08:06:59 DEBUG EsWriter:203 - constructIndexName from rolls per day = 1440 gives: foo-1970-01-01.0206
2019-06-28 08:06:59 DEBUG EsWriter:203 - constructIndexName from rolls per day = 1440 gives: foo-1970-01-01.0206
2019-06-28 08:06:59 INFO  EsWriterTest:60 - indexName:foo-1970-01-01.0206
2019-06-28 08:06:59 INFO  EsWriterTest:60 - indexName:foo-1970-01-01.0206
2019-06-28 08:06:59 DEBUG EsWriter:203 - constructIndexName from rolls per day = 1440 gives: foo-1970-01-01.0207
2019-06-28 08:06:59 DEBUG EsWriter:203 - constructIndexName from rolls per day = 1440 gives: foo-1970-01-01.0207
2019-06-28 08:06:59 INFO  EsWriterTest:60 - indexName:foo-1970-01-01.0207
2019-06-28 08:06:59 INFO  EsWriterTest:60 - indexName:foo-1970-01-01.0207
2019-06-28 08:06:59 DEBUG EsWriter:203 - constructIndexName from rolls per day = 1440 gives: foo-1970-01-01.0208
2019-06-28 08:06:59 DEBUG EsWriter:203 - constructIndexName from rolls per day = 1440 gives: foo-1970-01-01.0208
2019-06-28 08:06:59 INFO  EsWriterTest:60 - indexName:foo-1970-01-01.0208
2019-06-28 08:06:59 INFO  EsWriterTest:60 - indexName:foo-1970-01-01.0208
2019-06-28 08:06:59 DEBUG EsWriter:203 - constructIndexName from rolls per day = 1440 gives: foo-1970-01-01.0209
2019-06-28 08:06:59 DEBUG EsWriter:203 - constructIndexName from rolls per day = 1440 gives: foo-1970-01-01.0209
2019-06-28 08:06:59 INFO  EsWriterTest:60 - indexName:foo-1970-01-01.0209
2019-06-28 08:06:59 INFO  EsWriterTest:60 - indexName:foo-1970-01-01.0209
2019-06-28 08:06:59 DEBUG EsWriter:203 - constructIndexName from rolls per day = 1440 gives: foo-1970-01-01.0210
2019-06-28 08:06:59 DEBUG EsWriter:203 - constructIndexName from rolls per day = 1440 gives: foo-1970-01-01.0210
2019-06-28 08:06:59 INFO  EsWriterTest:60 - indexName:foo-1970-01-01.0210
2019-06-28 08:06:59 INFO  EsWriterTest:60 - indexName:foo-1970-01-01.0210
2019-06-28 08:06:59 DEBUG EsWriter:203 - constructIndexName from rolls per day = 1440 gives: foo-1970-01-01.0211
2019-06-28 08:06:59 DEBUG EsWriter:203 - constructIndexName from rolls per day = 1440 gives: foo-1970-01-01.0211
2019-06-28 08:06:59 INFO  EsWriterTest:60 - indexName:foo-1970-01-01.0211
2019-06-28 08:06:59 INFO  EsWriterTest:60 - indexName:foo-1970-01-01.0211
2019-06-28 08:06:59 DEBUG EsWriter:203 - constructIndexName from rolls per day = 1440 gives: foo-1970-01-01.0212
2019-06-28 08:06:59 DEBUG EsWriter:203 - constructIndexName from rolls per day = 1440 gives: foo-1970-01-01.0212
2019-06-28 08:06:59 INFO  EsWriterTest:60 - indexName:foo-1970-01-01.0212
2019-06-28 08:06:59 INFO  EsWriterTest:60 - indexName:foo-1970-01-01.0212
2019-06-28 08:06:59 DEBUG EsWriter:203 - constructIndexName from rolls per day = 1440 gives: foo-1970-01-01.0213
2019-06-28 08:06:59 DEBUG EsWriter:203 - constructIndexName from rolls per day = 1440 gives: foo-1970-01-01.0213
2019-06-28 08:06:59 INFO  EsWriterTest:60 - indexName:foo-1970-01-01.0213
2019-06-28 08:06:59 INFO  EsWriterTest:60 - indexName:foo-1970-01-01.0213
2019-06-28 08:06:59 DEBUG EsWriter:203 - constructIndexName from rolls per day = 1440 gives: foo-1970-01-01.0214
2019-06-28 08:06:59 DEBUG EsWriter:203 - constructIndexName from rolls per day = 1440 gives: foo-1970-01-01.0214
2019-06-28 08:06:59 INFO  EsWriterTest:60 - indexName:foo-1970-01-01.0214
2019-06-28 08:06:59 INFO  EsWriterTest:60 - indexName:foo-1970-01-01.0214
2019-06-28 08:06:59 DEBUG EsWriter:203 - constructIndexName from rolls per day = 1440 gives: foo-1970-01-01.0215
2019-06-28 08:06:59 DEBUG EsWriter:203 - constructIndexName from rolls per day = 1440 gives: foo-1970-01-01.0215
2019-06-28 08:06:59 INFO  EsWriterTest:60 - indexName:foo-1970-01-01.0215
2019-06-28 08:06:59 INFO  EsWriterTest:60 - indexName:foo-1970-01-01.0215
2019-06-28 08:06:59 DEBUG EsWriter:203 - constructIndexName from rolls per day = 1440 gives: foo-1970-01-01.0216
2019-06-28 08:06:59 DEBUG EsWriter:203 - constructIndexName from rolls per day = 1440 gives: foo-1970-01-01.0216
2019-06-28 08:06:59 INFO  EsWriterTest:60 - indexName:foo-1970-01-01.0216
2019-06-28 08:06:59 INFO  EsWriterTest:60 - indexName:foo-1970-01-01.0216
2019-06-28 08:06:59 DEBUG EsWriter:203 - constructIndexName from rolls per day = 1440 gives: foo-1970-01-01.0217
2019-06-28 08:06:59 DEBUG EsWriter:203 - constructIndexName from rolls per day = 1440 gives: foo-1970-01-01.0217
2019-06-28 08:06:59 INFO  EsWriterTest:60 - indexName:foo-1970-01-01.0217
2019-06-28 08:06:59 INFO  EsWriterTest:60 - indexName:foo-1970-01-01.0217
2019-06-28 08:06:59 DEBUG EsWriter:203 - constructIndexName from rolls per day = 1440 gives: foo-1970-01-01.0218
2019-06-28 08:06:59 DEBUG EsWriter:203 - constructIndexName from rolls per day = 1440 gives: foo-1970-01-01.0218
2019-06-28 08:06:59 INFO  EsWriterTest:60 - indexName:foo-1970-01-01.0218
2019-06-28 08:06:59 INFO  EsWriterTest:60 - indexName:foo-1970-01-01.0218
2019-06-28 08:06:59 DEBUG EsWriter:203 - constructIndexName from rolls per day = 1440 gives: foo-1970-01-01.0219
2019-06-28 08:06:59 DEBUG EsWriter:203 - constructIndexName from rolls per day = 1440 gives: foo-1970-01-01.0219
2019-06-28 08:06:59 INFO  EsWriterTest:60 - indexName:foo-1970-01-01.0219
2019-06-28 08:06:59 INFO  EsWriterTest:60 - indexName:foo-1970-01-01.0219
2019-06-28 08:06:59 DEBUG EsWriter:203 - constructIndexName from rolls per day = 1440 gives: foo-1970-01-01.0220
2019-06-28 08:06:59 DEBUG EsWriter:203 - constructIndexName from rolls per day = 1440 gives: foo-1970-01-01.0220
2019-06-28 08:06:59 INFO  EsWriterTest:60 - indexName:foo-1970-01-01.0220
2019-06-28 08:06:59 INFO  EsWriterTest:60 - indexName:foo-1970-01-01.0220
2019-06-28 08:06:59 DEBUG EsWriter:203 - constructIndexName from rolls per day = 1440 gives: foo-1970-01-01.0221
2019-06-28 08:06:59 DEBUG EsWriter:203 - constructIndexName from rolls per day = 1440 gives: foo-1970-01-01.0221
2019-06-28 08:06:59 INFO  EsWriterTest:60 - indexName:foo-1970-01-01.0221
2019-06-28 08:06:59 INFO  EsWriterTest:60 - indexName:foo-1970-01-01.0221
2019-06-28 08:06:59 DEBUG EsWriter:203 - constructIndexName from rolls per day = 1440 gives: foo-1970-01-01.0222
2019-06-28 08:06:59 DEBUG EsWriter:203 - constructIndexName from rolls per day = 1440 gives: foo-1970-01-01.0222
2019-06-28 08:06:59 INFO  EsWriterTest:60 - indexName:foo-1970-01-01.0222
2019-06-28 08:06:59 INFO  EsWriterTest:60 - indexName:foo-1970-01-01.0222
2019-06-28 08:06:59 DEBUG EsWriter:203 - constructIndexName from rolls per day = 1440 gives: foo-1970-01-01.0223
2019-06-28 08:06:59 DEBUG EsWriter:203 - constructIndexName from rolls per day = 1440 gives: foo-1970-01-01.0223
2019-06-28 08:06:59 INFO  EsWriterTest:60 - indexName:foo-1970-01-01.0223
2019-06-28 08:06:59 INFO  EsWriterTest:60 - indexName:foo-1970-01-01.0223
2019-06-28 08:06:59 DEBUG EsWriter:203 - constructIndexName from rolls per day = 1440 gives: foo-1970-01-01.0224
2019-06-28 08:06:59 DEBUG EsWriter:203 - constructIndexName from rolls per day = 1440 gives: foo-1970-01-01.0224
2019-06-28 08:06:59 INFO  EsWriterTest:60 - indexName:foo-1970-01-01.0224
2019-06-28 08:06:59 INFO  EsWriterTest:60 - indexName:foo-1970-01-01.0224
2019-06-28 08:06:59 DEBUG EsWriter:203 - constructIndexName from rolls per day = 1440 gives: foo-1970-01-01.0225
2019-06-28 08:06:59 DEBUG EsWriter:203 - constructIndexName from rolls per day = 1440 gives: foo-1970-01-01.0225
2019-06-28 08:06:59 INFO  EsWriterTest:60 - indexName:foo-1970-01-01.0225
2019-06-28 08:06:59 INFO  EsWriterTest:60 - indexName:foo-1970-01-01.0225
2019-06-28 08:06:59 DEBUG EsWriter:203 - constructIndexName from rolls per day = 1440 gives: foo-1970-01-01.0226
2019-06-28 08:06:59 DEBUG EsWriter:203 - constructIndexName from rolls per day = 1440 gives: foo-1970-01-01.0226
2019-06-28 08:06:59 INFO  EsWriterTest:60 - indexName:foo-1970-01-01.0226
2019-06-28 08:06:59 INFO  EsWriterTest:60 - indexName:foo-1970-01-01.0226
2019-06-28 08:06:59 DEBUG EsWriter:203 - constructIndexName from rolls per day = 1440 gives: foo-1970-01-01.0227
2019-06-28 08:06:59 DEBUG EsWriter:203 - constructIndexName from rolls per day = 1440 gives: foo-1970-01-01.0227
2019-06-28 08:06:59 INFO  EsWriterTest:60 - indexName:foo-1970-01-01.0227
2019-06-28 08:06:59 INFO  EsWriterTest:60 - indexName:foo-1970-01-01.0227
2019-06-28 08:06:59 DEBUG EsWriter:203 - constructIndexName from rolls per day = 1440 gives: foo-1970-01-01.0228
2019-06-28 08:06:59 DEBUG EsWriter:203 - constructIndexName from rolls per day = 1440 gives: foo-1970-01-01.0228
2019-06-28 08:06:59 INFO  EsWriterTest:60 - indexName:foo-1970-01-01.0228
2019-06-28 08:06:59 INFO  EsWriterTest:60 - indexName:foo-1970-01-01.0228
2019-06-28 08:06:59 DEBUG EsWriter:203 - constructIndexName from rolls per day = 1440 gives: foo-1970-01-01.0229
2019-06-28 08:06:59 DEBUG EsWriter:203 - constructIndexName from rolls per day = 1440 gives: foo-1970-01-01.0229
2019-06-28 08:06:59 INFO  EsWriterTest:60 - indexName:foo-1970-01-01.0229
2019-06-28 08:06:59 INFO  EsWriterTest:60 - indexName:foo-1970-01-01.0229
2019-06-28 08:06:59 DEBUG EsWriter:203 - constructIndexName from rolls per day = 1440 gives: foo-1970-01-01.0230
2019-06-28 08:06:59 DEBUG EsWriter:203 - constructIndexName from rolls per day = 1440 gives: foo-1970-01-01.0230
2019-06-28 08:06:59 INFO  EsWriterTest:60 - indexName:foo-1970-01-01.0230
2019-06-28 08:06:59 INFO  EsWriterTest:60 - indexName:foo-1970-01-01.0230
2019-06-28 08:06:59 DEBUG EsWriter:203 - constructIndexName from rolls per day = 1440 gives: foo-1970-01-01.0231
2019-06-28 08:06:59 DEBUG EsWriter:203 - constructIndexName from rolls per day = 1440 gives: foo-1970-01-01.0231
2019-06-28 08:06:59 INFO  EsWriterTest:60 - indexName:foo-1970-01-01.0231
2019-06-28 08:06:59 INFO  EsWriterTest:60 - indexName:foo-1970-01-01.0231
2019-06-28 08:06:59 DEBUG EsWriter:203 - constructIndexName from rolls per day = 1440 gives: foo-1970-01-01.0232
2019-06-28 08:06:59 DEBUG EsWriter:203 - constructIndexName from rolls per day = 1440 gives: foo-1970-01-01.0232
2019-06-28 08:06:59 INFO  EsWriterTest:60 - indexName:foo-1970-01-01.0232
2019-06-28 08:06:59 INFO  EsWriterTest:60 - indexName:foo-1970-01-01.0232
2019-06-28 08:06:59 DEBUG EsWriter:203 - constructIndexName from rolls per day = 1440 gives: foo-1970-01-01.0233
2019-06-28 08:06:59 DEBUG EsWriter:203 - constructIndexName from rolls per day = 1440 gives: foo-1970-01-01.0233
2019-06-28 08:06:59 INFO  EsWriterTest:60 - indexName:foo-1970-01-01.0233
2019-06-28 08:06:59 INFO  EsWriterTest:60 - indexName:foo-1970-01-01.0233
2019-06-28 08:06:59 DEBUG EsWriter:203 - constructIndexName from rolls per day = 1440 gives: foo-1970-01-01.0234
2019-06-28 08:06:59 DEBUG EsWriter:203 - constructIndexName from rolls per day = 1440 gives: foo-1970-01-01.0234
2019-06-28 08:06:59 INFO  EsWriterTest:60 - indexName:foo-1970-01-01.0234
2019-06-28 08:06:59 INFO  EsWriterTest:60 - indexName:foo-1970-01-01.0234
2019-06-28 08:06:59 DEBUG EsWriter:203 - constructIndexName from rolls per day = 1440 gives: foo-1970-01-01.0235
2019-06-28 08:06:59 DEBUG EsWriter:203 - constructIndexName from rolls per day = 1440 gives: foo-1970-01-01.0235
2019-06-28 08:06:59 INFO  EsWriterTest:60 - indexName:foo-1970-01-01.0235
2019-06-28 08:06:59 INFO  EsWriterTest:60 - indexName:foo-1970-01-01.0235
2019-06-28 08:06:59 DEBUG EsWriter:203 - constructIndexName from rolls per day = 1440 gives: foo-1970-01-01.0236
2019-06-28 08:06:59 DEBUG EsWriter:203 - constructIndexName from rolls per day = 1440 gives: foo-1970-01-01.0236
2019-06-28 08:06:59 INFO  EsWriterTest:60 - indexName:foo-1970-01-01.0236
2019-06-28 08:06:59 INFO  EsWriterTest:60 - indexName:foo-1970-01-01.0236
2019-06-28 08:06:59 DEBUG EsWriter:203 - constructIndexName from rolls per day = 1440 gives: foo-1970-01-01.0237
2019-06-28 08:06:59 DEBUG EsWriter:203 - constructIndexName from rolls per day = 1440 gives: foo-1970-01-01.0237
2019-06-28 08:06:59 INFO  EsWriterTest:60 - indexName:foo-1970-01-01.0237
2019-06-28 08:06:59 INFO  EsWriterTest:60 - indexName:foo-1970-01-01.0237
2019-06-28 08:06:59 DEBUG EsWriter:203 - constructIndexName from rolls per day = 1440 gives: foo-1970-01-01.0238
2019-06-28 08:06:59 DEBUG EsWriter:203 - constructIndexName from rolls per day = 1440 gives: foo-1970-01-01.0238
2019-06-28 08:06:59 INFO  EsWriterTest:60 - indexName:foo-1970-01-01.0238
2019-06-28 08:06:59 INFO  EsWriterTest:60 - indexName:foo-1970-01-01.0238
2019-06-28 08:06:59 DEBUG EsWriter:203 - constructIndexName from rolls per day = 1440 gives: foo-1970-01-01.0239
2019-06-28 08:06:59 DEBUG EsWriter:203 - constructIndexName from rolls per day = 1440 gives: foo-1970-01-01.0239
2019-06-28 08:06:59 INFO  EsWriterTest:60 - indexName:foo-1970-01-01.0239
2019-06-28 08:06:59 INFO  EsWriterTest:60 - indexName:foo-1970-01-01.0239
2019-06-28 08:06:59 DEBUG EsWriter:203 - constructIndexName from rolls per day = 1440 gives: foo-1970-01-01.0240
2019-06-28 08:06:59 DEBUG EsWriter:203 - constructIndexName from rolls per day = 1440 gives: foo-1970-01-01.0240
2019-06-28 08:06:59 INFO  EsWriterTest:60 - indexName:foo-1970-01-01.0240
2019-06-28 08:06:59 INFO  EsWriterTest:60 - indexName:foo-1970-01-01.0240
2019-06-28 08:06:59 DEBUG EsWriter:203 - constructIndexName from rolls per day = 1440 gives: foo-1970-01-01.0241
2019-06-28 08:06:59 DEBUG EsWriter:203 - constructIndexName from rolls per day = 1440 gives: foo-1970-01-01.0241
2019-06-28 08:06:59 INFO  EsWriterTest:60 - indexName:foo-1970-01-01.0241
2019-06-28 08:06:59 INFO  EsWriterTest:60 - indexName:foo-1970-01-01.0241
2019-06-28 08:06:59 DEBUG EsWriter:203 - constructIndexName from rolls per day = 1440 gives: foo-1970-01-01.0242
2019-06-28 08:06:59 DEBUG EsWriter:203 - constructIndexName from rolls per day = 1440 gives: foo-1970-01-01.0242
2019-06-28 08:06:59 INFO  EsWriterTest:60 - indexName:foo-1970-01-01.0242
2019-06-28 08:06:59 INFO  EsWriterTest:60 - indexName:foo-1970-01-01.0242
2019-06-28 08:06:59 DEBUG EsWriter:203 - constructIndexName from rolls per day = 1440 gives: foo-1970-01-01.0243
2019-06-28 08:06:59 DEBUG EsWriter:203 - constructIndexName from rolls per day = 1440 gives: foo-1970-01-01.0243
2019-06-28 08:06:59 INFO  EsWriterTest:60 - indexName:foo-1970-01-01.0243
2019-06-28 08:06:59 INFO  EsWriterTest:60 - indexName:foo-1970-01-01.0243
2019-06-28 08:06:59 DEBUG EsWriter:203 - constructIndexName from rolls per day = 1440 gives: foo-1970-01-01.0244
2019-06-28 08:06:59 DEBUG EsWriter:203 - constructIndexName from rolls per day = 1440 gives: foo-1970-01-01.0244
2019-06-28 08:06:59 INFO  EsWriterTest:60 - indexName:foo-1970-01-01.0244
2019-06-28 08:06:59 INFO  EsWriterTest:60 - indexName:foo-1970-01-01.0244
2019-06-28 08:06:59 DEBUG EsWriter:203 - constructIndexName from rolls per day = 1440 gives: foo-1970-01-01.0245
2019-06-28 08:06:59 DEBUG EsWriter:203 - constructIndexName from rolls per day = 1440 gives: foo-1970-01-01.0245
2019-06-28 08:06:59 INFO  EsWriterTest:60 - indexName:foo-1970-01-01.0245
2019-06-28 08:06:59 INFO  EsWriterTest:60 - indexName:foo-1970-01-01.0245
2019-06-28 08:06:59 DEBUG EsWriter:203 - constructIndexName from rolls per day = 1440 gives: foo-1970-01-01.0246
2019-06-28 08:06:59 DEBUG EsWriter:203 - constructIndexName from rolls per day = 1440 gives: foo-1970-01-01.0246
2019-06-28 08:06:59 INFO  EsWriterTest:60 - indexName:foo-1970-01-01.0246
2019-06-28 08:06:59 INFO  EsWriterTest:60 - indexName:foo-1970-01-01.0246
2019-06-28 08:06:59 DEBUG EsWriter:203 - constructIndexName from rolls per day = 1440 gives: foo-1970-01-01.0247
2019-06-28 08:06:59 DEBUG EsWriter:203 - constructIndexName from rolls per day = 1440 gives: foo-1970-01-01.0247
2019-06-28 08:06:59 INFO  EsWriterTest:60 - indexName:foo-1970-01-01.0247
2019-06-28 08:06:59 INFO  EsWriterTest:60 - indexName:foo-1970-01-01.0247
2019-06-28 08:06:59 DEBUG EsWriter:203 - constructIndexName from rolls per day = 1440 gives: foo-1970-01-01.0248
2019-06-28 08:06:59 DEBUG EsWriter:203 - constructIndexName from rolls per day = 1440 gives: foo-1970-01-01.0248
2019-06-28 08:06:59 INFO  EsWriterTest:60 - indexName:foo-1970-01-01.0248
2019-06-28 08:06:59 INFO  EsWriterTest:60 - indexName:foo-1970-01-01.0248
2019-06-28 08:06:59 DEBUG EsWriter:203 - constructIndexName from rolls per day = 1440 gives: foo-1970-01-01.0249
2019-06-28 08:06:59 DEBUG EsWriter:203 - constructIndexName from rolls per day = 1440 gives: foo-1970-01-01.0249
2019-06-28 08:06:59 INFO  EsWriterTest:60 - indexName:foo-1970-01-01.0249
2019-06-28 08:06:59 INFO  EsWriterTest:60 - indexName:foo-1970-01-01.0249
2019-06-28 08:06:59 DEBUG EsWriter:203 - constructIndexName from rolls per day = 1440 gives: foo-1970-01-01.0250
2019-06-28 08:06:59 DEBUG EsWriter:203 - constructIndexName from rolls per day = 1440 gives: foo-1970-01-01.0250
2019-06-28 08:06:59 INFO  EsWriterTest:60 - indexName:foo-1970-01-01.0250
2019-06-28 08:06:59 INFO  EsWriterTest:60 - indexName:foo-1970-01-01.0250
2019-06-28 08:06:59 DEBUG EsWriter:203 - constructIndexName from rolls per day = 1440 gives: foo-1970-01-01.0251
2019-06-28 08:06:59 DEBUG EsWriter:203 - constructIndexName from rolls per day = 1440 gives: foo-1970-01-01.0251
2019-06-28 08:06:59 INFO  EsWriterTest:60 - indexName:foo-1970-01-01.0251
2019-06-28 08:06:59 INFO  EsWriterTest:60 - indexName:foo-1970-01-01.0251
2019-06-28 08:06:59 DEBUG EsWriter:203 - constructIndexName from rolls per day = 1440 gives: foo-1970-01-01.0252
2019-06-28 08:06:59 DEBUG EsWriter:203 - constructIndexName from rolls per day = 1440 gives: foo-1970-01-01.0252
2019-06-28 08:06:59 INFO  EsWriterTest:60 - indexName:foo-1970-01-01.0252
2019-06-28 08:06:59 INFO  EsWriterTest:60 - indexName:foo-1970-01-01.0252
2019-06-28 08:06:59 DEBUG EsWriter:203 - constructIndexName from rolls per day = 1440 gives: foo-1970-01-01.0253
2019-06-28 08:06:59 DEBUG EsWriter:203 - constructIndexName from rolls per day = 1440 gives: foo-1970-01-01.0253
2019-06-28 08:06:59 INFO  EsWriterTest:60 - indexName:foo-1970-01-01.0253
2019-06-28 08:06:59 INFO  EsWriterTest:60 - indexName:foo-1970-01-01.0253
2019-06-28 08:06:59 DEBUG EsWriter:203 - constructIndexName from rolls per day = 1440 gives: foo-1970-01-01.0254
2019-06-28 08:06:59 DEBUG EsWriter:203 - constructIndexName from rolls per day = 1440 gives: foo-1970-01-01.0254
2019-06-28 08:06:59 INFO  EsWriterTest:60 - indexName:foo-1970-01-01.0254
2019-06-28 08:06:59 INFO  EsWriterTest:60 - indexName:foo-1970-01-01.0254
2019-06-28 08:06:59 DEBUG EsWriter:203 - constructIndexName from rolls per day = 1440 gives: foo-1970-01-01.0255
2019-06-28 08:06:59 DEBUG EsWriter:203 - constructIndexName from rolls per day = 1440 gives: foo-1970-01-01.0255
2019-06-28 08:06:59 INFO  EsWriterTest:60 - indexName:foo-1970-01-01.0255
2019-06-28 08:06:59 INFO  EsWriterTest:60 - indexName:foo-1970-01-01.0255
2019-06-28 08:06:59 DEBUG EsWriter:203 - constructIndexName from rolls per day = 1440 gives: foo-1970-01-01.0256
2019-06-28 08:06:59 DEBUG EsWriter:203 - constructIndexName from rolls per day = 1440 gives: foo-1970-01-01.0256
2019-06-28 08:06:59 INFO  EsWriterTest:60 - indexName:foo-1970-01-01.0256
2019-06-28 08:06:59 INFO  EsWriterTest:60 - indexName:foo-1970-01-01.0256
2019-06-28 08:06:59 DEBUG EsWriter:203 - constructIndexName from rolls per day = 1440 gives: foo-1970-01-01.0257
2019-06-28 08:06:59 DEBUG EsWriter:203 - constructIndexName from rolls per day = 1440 gives: foo-1970-01-01.0257
2019-06-28 08:06:59 INFO  EsWriterTest:60 - indexName:foo-1970-01-01.0257
2019-06-28 08:06:59 INFO  EsWriterTest:60 - indexName:foo-1970-01-01.0257
2019-06-28 08:06:59 DEBUG EsWriter:203 - constructIndexName from rolls per day = 1440 gives: foo-1970-01-01.0258
2019-06-28 08:06:59 DEBUG EsWriter:203 - constructIndexName from rolls per day = 1440 gives: foo-1970-01-01.0258
2019-06-28 08:06:59 INFO  EsWriterTest:60 - indexName:foo-1970-01-01.0258
2019-06-28 08:06:59 INFO  EsWriterTest:60 - indexName:foo-1970-01-01.0258
2019-06-28 08:06:59 DEBUG EsWriter:203 - constructIndexName from rolls per day = 1440 gives: foo-1970-01-01.0259
2019-06-28 08:06:59 DEBUG EsWriter:203 - constructIndexName from rolls per day = 1440 gives: foo-1970-01-01.0259
2019-06-28 08:06:59 INFO  EsWriterTest:60 - indexName:foo-1970-01-01.0259
2019-06-28 08:06:59 INFO  EsWriterTest:60 - indexName:foo-1970-01-01.0259
2019-06-28 08:06:59 DEBUG EsWriter:203 - constructIndexName from rolls per day = 1440 gives: foo-1970-01-01.0260
2019-06-28 08:06:59 DEBUG EsWriter:203 - constructIndexName from rolls per day = 1440 gives: foo-1970-01-01.0260
2019-06-28 08:06:59 INFO  EsWriterTest:60 - indexName:foo-1970-01-01.0260
2019-06-28 08:06:59 INFO  EsWriterTest:60 - indexName:foo-1970-01-01.0260
2019-06-28 08:06:59 DEBUG EsWriter:203 - constructIndexName from rolls per day = 1440 gives: foo-1970-01-01.0261
2019-06-28 08:06:59 DEBUG EsWriter:203 - constructIndexName from rolls per day = 1440 gives: foo-1970-01-01.0261
2019-06-28 08:06:59 INFO  EsWriterTest:60 - indexName:foo-1970-01-01.0261
2019-06-28 08:06:59 INFO  EsWriterTest:60 - indexName:foo-1970-01-01.0261
2019-06-28 08:06:59 DEBUG EsWriter:203 - constructIndexName from rolls per day = 1440 gives: foo-1970-01-01.0262
2019-06-28 08:06:59 DEBUG EsWriter:203 - constructIndexName from rolls per day = 1440 gives: foo-1970-01-01.0262
2019-06-28 08:06:59 INFO  EsWriterTest:60 - indexName:foo-1970-01-01.0262
2019-06-28 08:06:59 INFO  EsWriterTest:60 - indexName:foo-1970-01-01.0262
2019-06-28 08:06:59 DEBUG EsWriter:203 - constructIndexName from rolls per day = 1440 gives: foo-1970-01-01.0263
2019-06-28 08:06:59 DEBUG EsWriter:203 - constructIndexName from rolls per day = 1440 gives: foo-1970-01-01.0263
2019-06-28 08:06:59 INFO  EsWriterTest:60 - indexName:foo-1970-01-01.0263
2019-06-28 08:06:59 INFO  EsWriterTest:60 - indexName:foo-1970-01-01.0263
2019-06-28 08:06:59 DEBUG EsWriter:203 - constructIndexName from rolls per day = 1440 gives: foo-1970-01-01.0264
2019-06-28 08:06:59 DEBUG EsWriter:203 - constructIndexName from rolls per day = 1440 gives: foo-1970-01-01.0264
2019-06-28 08:06:59 INFO  EsWriterTest:60 - indexName:foo-1970-01-01.0264
2019-06-28 08:06:59 INFO  EsWriterTest:60 - indexName:foo-1970-01-01.0264
2019-06-28 08:06:59 DEBUG EsWriter:203 - constructIndexName from rolls per day = 1440 gives: foo-1970-01-01.0265
2019-06-28 08:06:59 DEBUG EsWriter:203 - constructIndexName from rolls per day = 1440 gives: foo-1970-01-01.0265
2019-06-28 08:06:59 INFO  EsWriterTest:60 - indexName:foo-1970-01-01.0265
2019-06-28 08:06:59 INFO  EsWriterTest:60 - indexName:foo-1970-01-01.0265
2019-06-28 08:06:59 DEBUG EsWriter:203 - constructIndexName from rolls per day = 1440 gives: foo-1970-01-01.0266
2019-06-28 08:06:59 DEBUG EsWriter:203 - constructIndexName from rolls per day = 1440 gives: foo-1970-01-01.0266
2019-06-28 08:06:59 INFO  EsWriterTest:60 - indexName:foo-1970-01-01.0266
2019-06-28 08:06:59 INFO  EsWriterTest:60 - indexName:foo-1970-01-01.0266
2019-06-28 08:06:59 DEBUG EsWriter:203 - constructIndexName from rolls per day = 1440 gives: foo-1970-01-01.0267
2019-06-28 08:06:59 DEBUG EsWriter:203 - constructIndexName from rolls per day = 1440 gives: foo-1970-01-01.0267
2019-06-28 08:06:59 INFO  EsWriterTest:60 - indexName:foo-1970-01-01.0267
2019-06-28 08:06:59 INFO  EsWriterTest:60 - indexName:foo-1970-01-01.0267
2019-06-28 08:06:59 DEBUG EsWriter:203 - constructIndexName from rolls per day = 1440 gives: foo-1970-01-01.0268
2019-06-28 08:06:59 DEBUG EsWriter:203 - constructIndexName from rolls per day = 1440 gives: foo-1970-01-01.0268
2019-06-28 08:06:59 INFO  EsWriterTest:60 - indexName:foo-1970-01-01.0268
2019-06-28 08:06:59 INFO  EsWriterTest:60 - indexName:foo-1970-01-01.0268
2019-06-28 08:06:59 DEBUG EsWriter:203 - constructIndexName from rolls per day = 1440 gives: foo-1970-01-01.0269
2019-06-28 08:06:59 DEBUG EsWriter:203 - constructIndexName from rolls per day = 1440 gives: foo-1970-01-01.0269
2019-06-28 08:06:59 INFO  EsWriterTest:60 - indexName:foo-1970-01-01.0269
2019-06-28 08:06:59 INFO  EsWriterTest:60 - indexName:foo-1970-01-01.0269
2019-06-28 08:06:59 DEBUG EsWriter:203 - constructIndexName from rolls per day = 1440 gives: foo-1970-01-01.0270
2019-06-28 08:06:59 DEBUG EsWriter:203 - constructIndexName from rolls per day = 1440 gives: foo-1970-01-01.0270
2019-06-28 08:06:59 INFO  EsWriterTest:60 - indexName:foo-1970-01-01.0270
2019-06-28 08:06:59 INFO  EsWriterTest:60 - indexName:foo-1970-01-01.0270
2019-06-28 08:06:59 DEBUG EsWriter:203 - constructIndexName from rolls per day = 1440 gives: foo-1970-01-01.0271
2019-06-28 08:06:59 DEBUG EsWriter:203 - constructIndexName from rolls per day = 1440 gives: foo-1970-01-01.0271
2019-06-28 08:06:59 INFO  EsWriterTest:60 - indexName:foo-1970-01-01.0271
2019-06-28 08:06:59 INFO  EsWriterTest:60 - indexName:foo-1970-01-01.0271
2019-06-28 08:06:59 DEBUG EsWriter:203 - constructIndexName from rolls per day = 1440 gives: foo-1970-01-01.0272
2019-06-28 08:06:59 DEBUG EsWriter:203 - constructIndexName from rolls per day = 1440 gives: foo-1970-01-01.0272
2019-06-28 08:06:59 INFO  EsWriterTest:60 - indexName:foo-1970-01-01.0272
2019-06-28 08:06:59 INFO  EsWriterTest:60 - indexName:foo-1970-01-01.0272
2019-06-28 08:06:59 DEBUG EsWriter:203 - constructIndexName from rolls per day = 1440 gives: foo-1970-01-01.0273
2019-06-28 08:06:59 DEBUG EsWriter:203 - constructIndexName from rolls per day = 1440 gives: foo-1970-01-01.0273
2019-06-28 08:06:59 INFO  EsWriterTest:60 - indexName:foo-1970-01-01.0273
2019-06-28 08:06:59 INFO  EsWriterTest:60 - indexName:foo-1970-01-01.0273
2019-06-28 08:06:59 DEBUG EsWriter:203 - constructIndexName from rolls per day = 1440 gives: foo-1970-01-01.0274
2019-06-28 08:06:59 DEBUG EsWriter:203 - constructIndexName from rolls per day = 1440 gives: foo-1970-01-01.0274
2019-06-28 08:06:59 INFO  EsWriterTest:60 - indexName:foo-1970-01-01.0274
2019-06-28 08:06:59 INFO  EsWriterTest:60 - indexName:foo-1970-01-01.0274
2019-06-28 08:06:59 DEBUG EsWriter:203 - constructIndexName from rolls per day = 1440 gives: foo-1970-01-01.0275
2019-06-28 08:06:59 DEBUG EsWriter:203 - constructIndexName from rolls per day = 1440 gives: foo-1970-01-01.0275
2019-06-28 08:06:59 INFO  EsWriterTest:60 - indexName:foo-1970-01-01.0275
2019-06-28 08:06:59 INFO  EsWriterTest:60 - indexName:foo-1970-01-01.0275
2019-06-28 08:06:59 DEBUG EsWriter:203 - constructIndexName from rolls per day = 1440 gives: foo-1970-01-01.0276
2019-06-28 08:06:59 DEBUG EsWriter:203 - constructIndexName from rolls per day = 1440 gives: foo-1970-01-01.0276
2019-06-28 08:06:59 INFO  EsWriterTest:60 - indexName:foo-1970-01-01.0276
2019-06-28 08:06:59 INFO  EsWriterTest:60 - indexName:foo-1970-01-01.0276
2019-06-28 08:06:59 DEBUG EsWriter:203 - constructIndexName from rolls per day = 1440 gives: foo-1970-01-01.0277
2019-06-28 08:06:59 DEBUG EsWriter:203 - constructIndexName from rolls per day = 1440 gives: foo-1970-01-01.0277
2019-06-28 08:06:59 INFO  EsWriterTest:60 - indexName:foo-1970-01-01.0277
2019-06-28 08:06:59 INFO  EsWriterTest:60 - indexName:foo-1970-01-01.0277
2019-06-28 08:06:59 DEBUG EsWriter:203 - constructIndexName from rolls per day = 1440 gives: foo-1970-01-01.0278
2019-06-28 08:06:59 DEBUG EsWriter:203 - constructIndexName from rolls per day = 1440 gives: foo-1970-01-01.0278
2019-06-28 08:06:59 INFO  EsWriterTest:60 - indexName:foo-1970-01-01.0278
2019-06-28 08:06:59 INFO  EsWriterTest:60 - indexName:foo-1970-01-01.0278
2019-06-28 08:06:59 DEBUG EsWriter:203 - constructIndexName from rolls per day = 1440 gives: foo-1970-01-01.0279
2019-06-28 08:06:59 DEBUG EsWriter:203 - constructIndexName from rolls per day = 1440 gives: foo-1970-01-01.0279
2019-06-28 08:06:59 INFO  EsWriterTest:60 - indexName:foo-1970-01-01.0279
2019-06-28 08:06:59 INFO  EsWriterTest:60 - indexName:foo-1970-01-01.0279
2019-06-28 08:06:59 DEBUG EsWriter:203 - constructIndexName from rolls per day = 1440 gives: foo-1970-01-01.0280
2019-06-28 08:06:59 DEBUG EsWriter:203 - constructIndexName from rolls per day = 1440 gives: foo-1970-01-01.0280
2019-06-28 08:06:59 INFO  EsWriterTest:60 - indexName:foo-1970-01-01.0280
2019-06-28 08:06:59 INFO  EsWriterTest:60 - indexName:foo-1970-01-01.0280
2019-06-28 08:06:59 DEBUG EsWriter:203 - constructIndexName from rolls per day = 1440 gives: foo-1970-01-01.0281
2019-06-28 08:06:59 DEBUG EsWriter:203 - constructIndexName from rolls per day = 1440 gives: foo-1970-01-01.0281
2019-06-28 08:06:59 INFO  EsWriterTest:60 - indexName:foo-1970-01-01.0281
2019-06-28 08:06:59 INFO  EsWriterTest:60 - indexName:foo-1970-01-01.0281
2019-06-28 08:06:59 DEBUG EsWriter:203 - constructIndexName from rolls per day = 1440 gives: foo-1970-01-01.0282
2019-06-28 08:06:59 DEBUG EsWriter:203 - constructIndexName from rolls per day = 1440 gives: foo-1970-01-01.0282
2019-06-28 08:06:59 INFO  EsWriterTest:60 - indexName:foo-1970-01-01.0282
2019-06-28 08:06:59 INFO  EsWriterTest:60 - indexName:foo-1970-01-01.0282
2019-06-28 08:06:59 DEBUG EsWriter:203 - constructIndexName from rolls per day = 1440 gives: foo-1970-01-01.0283
2019-06-28 08:06:59 DEBUG EsWriter:203 - constructIndexName from rolls per day = 1440 gives: foo-1970-01-01.0283
2019-06-28 08:06:59 INFO  EsWriterTest:60 - indexName:foo-1970-01-01.0283
2019-06-28 08:06:59 INFO  EsWriterTest:60 - indexName:foo-1970-01-01.0283
2019-06-28 08:06:59 DEBUG EsWriter:203 - constructIndexName from rolls per day = 1440 gives: foo-1970-01-01.0284
2019-06-28 08:06:59 DEBUG EsWriter:203 - constructIndexName from rolls per day = 1440 gives: foo-1970-01-01.0284
2019-06-28 08:06:59 INFO  EsWriterTest:60 - indexName:foo-1970-01-01.0284
2019-06-28 08:06:59 INFO  EsWriterTest:60 - indexName:foo-1970-01-01.0284
2019-06-28 08:06:59 DEBUG EsWriter:203 - constructIndexName from rolls per day = 1440 gives: foo-1970-01-01.0285
2019-06-28 08:06:59 DEBUG EsWriter:203 - constructIndexName from rolls per day = 1440 gives: foo-1970-01-01.0285
2019-06-28 08:06:59 INFO  EsWriterTest:60 - indexName:foo-1970-01-01.0285
2019-06-28 08:06:59 INFO  EsWriterTest:60 - indexName:foo-1970-01-01.0285
2019-06-28 08:06:59 DEBUG EsWriter:203 - constructIndexName from rolls per day = 1440 gives: foo-1970-01-01.0286
2019-06-28 08:06:59 DEBUG EsWriter:203 - constructIndexName from rolls per day = 1440 gives: foo-1970-01-01.0286
2019-06-28 08:06:59 INFO  EsWriterTest:60 - indexName:foo-1970-01-01.0286
2019-06-28 08:06:59 INFO  EsWriterTest:60 - indexName:foo-1970-01-01.0286
2019-06-28 08:06:59 DEBUG EsWriter:203 - constructIndexName from rolls per day = 1440 gives: foo-1970-01-01.0287
2019-06-28 08:06:59 DEBUG EsWriter:203 - constructIndexName from rolls per day = 1440 gives: foo-1970-01-01.0287
2019-06-28 08:06:59 INFO  EsWriterTest:60 - indexName:foo-1970-01-01.0287
2019-06-28 08:06:59 INFO  EsWriterTest:60 - indexName:foo-1970-01-01.0287
2019-06-28 08:06:59 DEBUG EsWriter:203 - constructIndexName from rolls per day = 1440 gives: foo-1970-01-01.0288
2019-06-28 08:06:59 DEBUG EsWriter:203 - constructIndexName from rolls per day = 1440 gives: foo-1970-01-01.0288
2019-06-28 08:06:59 INFO  EsWriterTest:60 - indexName:foo-1970-01-01.0288
2019-06-28 08:06:59 INFO  EsWriterTest:60 - indexName:foo-1970-01-01.0288
2019-06-28 08:06:59 DEBUG EsWriter:203 - constructIndexName from rolls per day = 1440 gives: foo-1970-01-01.0289
2019-06-28 08:06:59 DEBUG EsWriter:203 - constructIndexName from rolls per day = 1440 gives: foo-1970-01-01.0289
2019-06-28 08:06:59 INFO  EsWriterTest:60 - indexName:foo-1970-01-01.0289
2019-06-28 08:06:59 INFO  EsWriterTest:60 - indexName:foo-1970-01-01.0289
2019-06-28 08:06:59 DEBUG EsWriter:203 - constructIndexName from rolls per day = 1440 gives: foo-1970-01-01.0290
2019-06-28 08:06:59 DEBUG EsWriter:203 - constructIndexName from rolls per day = 1440 gives: foo-1970-01-01.0290
2019-06-28 08:06:59 INFO  EsWriterTest:60 - indexName:foo-1970-01-01.0290
2019-06-28 08:06:59 INFO  EsWriterTest:60 - indexName:foo-1970-01-01.0290
2019-06-28 08:06:59 DEBUG EsWriter:203 - constructIndexName from rolls per day = 1440 gives: foo-1970-01-01.0291
2019-06-28 08:06:59 DEBUG EsWriter:203 - constructIndexName from rolls per day = 1440 gives: foo-1970-01-01.0291
2019-06-28 08:06:59 INFO  EsWriterTest:60 - indexName:foo-1970-01-01.0291
2019-06-28 08:06:59 INFO  EsWriterTest:60 - indexName:foo-1970-01-01.0291
2019-06-28 08:06:59 DEBUG EsWriter:203 - constructIndexName from rolls per day = 1440 gives: foo-1970-01-01.0292
2019-06-28 08:06:59 DEBUG EsWriter:203 - constructIndexName from rolls per day = 1440 gives: foo-1970-01-01.0292
2019-06-28 08:06:59 INFO  EsWriterTest:60 - indexName:foo-1970-01-01.0292
2019-06-28 08:06:59 INFO  EsWriterTest:60 - indexName:foo-1970-01-01.0292
2019-06-28 08:06:59 DEBUG EsWriter:203 - constructIndexName from rolls per day = 1440 gives: foo-1970-01-01.0293
2019-06-28 08:06:59 DEBUG EsWriter:203 - constructIndexName from rolls per day = 1440 gives: foo-1970-01-01.0293
2019-06-28 08:06:59 INFO  EsWriterTest:60 - indexName:foo-1970-01-01.0293
2019-06-28 08:06:59 INFO  EsWriterTest:60 - indexName:foo-1970-01-01.0293
2019-06-28 08:06:59 DEBUG EsWriter:203 - constructIndexName from rolls per day = 1440 gives: foo-1970-01-01.0294
2019-06-28 08:06:59 DEBUG EsWriter:203 - constructIndexName from rolls per day = 1440 gives: foo-1970-01-01.0294
2019-06-28 08:06:59 INFO  EsWriterTest:60 - indexName:foo-1970-01-01.0294
2019-06-28 08:06:59 INFO  EsWriterTest:60 - indexName:foo-1970-01-01.0294
2019-06-28 08:06:59 DEBUG EsWriter:203 - constructIndexName from rolls per day = 1440 gives: foo-1970-01-01.0295
2019-06-28 08:06:59 DEBUG EsWriter:203 - constructIndexName from rolls per day = 1440 gives: foo-1970-01-01.0295
2019-06-28 08:06:59 INFO  EsWriterTest:60 - indexName:foo-1970-01-01.0295
2019-06-28 08:06:59 INFO  EsWriterTest:60 - indexName:foo-1970-01-01.0295
2019-06-28 08:06:59 DEBUG EsWriter:203 - constructIndexName from rolls per day = 1440 gives: foo-1970-01-01.0296
2019-06-28 08:06:59 DEBUG EsWriter:203 - constructIndexName from rolls per day = 1440 gives: foo-1970-01-01.0296
2019-06-28 08:06:59 INFO  EsWriterTest:60 - indexName:foo-1970-01-01.0296
2019-06-28 08:06:59 INFO  EsWriterTest:60 - indexName:foo-1970-01-01.0296
2019-06-28 08:06:59 DEBUG EsWriter:203 - constructIndexName from rolls per day = 1440 gives: foo-1970-01-01.0297
2019-06-28 08:06:59 DEBUG EsWriter:203 - constructIndexName from rolls per day = 1440 gives: foo-1970-01-01.0297
2019-06-28 08:06:59 INFO  EsWriterTest:60 - indexName:foo-1970-01-01.0297
2019-06-28 08:06:59 INFO  EsWriterTest:60 - indexName:foo-1970-01-01.0297
2019-06-28 08:06:59 DEBUG EsWriter:203 - constructIndexName from rolls per day = 1440 gives: foo-1970-01-01.0298
2019-06-28 08:06:59 DEBUG EsWriter:203 - constructIndexName from rolls per day = 1440 gives: foo-1970-01-01.0298
2019-06-28 08:06:59 INFO  EsWriterTest:60 - indexName:foo-1970-01-01.0298
2019-06-28 08:06:59 INFO  EsWriterTest:60 - indexName:foo-1970-01-01.0298
2019-06-28 08:06:59 DEBUG EsWriter:203 - constructIndexName from rolls per day = 1440 gives: foo-1970-01-01.0299
2019-06-28 08:06:59 DEBUG EsWriter:203 - constructIndexName from rolls per day = 1440 gives: foo-1970-01-01.0299
2019-06-28 08:06:59 INFO  EsWriterTest:60 - indexName:foo-1970-01-01.0299
2019-06-28 08:06:59 INFO  EsWriterTest:60 - indexName:foo-1970-01-01.0299
2019-06-28 08:06:59 DEBUG EsWriter:203 - constructIndexName from rolls per day = 1440 gives: foo-1970-01-01.0300
2019-06-28 08:06:59 DEBUG EsWriter:203 - constructIndexName from rolls per day = 1440 gives: foo-1970-01-01.0300
2019-06-28 08:06:59 INFO  EsWriterTest:60 - indexName:foo-1970-01-01.0300
2019-06-28 08:06:59 INFO  EsWriterTest:60 - indexName:foo-1970-01-01.0300
2019-06-28 08:06:59 DEBUG EsWriter:203 - constructIndexName from rolls per day = 1440 gives: foo-1970-01-01.0301
2019-06-28 08:06:59 DEBUG EsWriter:203 - constructIndexName from rolls per day = 1440 gives: foo-1970-01-01.0301
2019-06-28 08:06:59 INFO  EsWriterTest:60 - indexName:foo-1970-01-01.0301
2019-06-28 08:06:59 INFO  EsWriterTest:60 - indexName:foo-1970-01-01.0301
2019-06-28 08:06:59 DEBUG EsWriter:203 - constructIndexName from rolls per day = 1440 gives: foo-1970-01-01.0302
2019-06-28 08:06:59 DEBUG EsWriter:203 - constructIndexName from rolls per day = 1440 gives: foo-1970-01-01.0302
2019-06-28 08:06:59 INFO  EsWriterTest:60 - indexName:foo-1970-01-01.0302
2019-06-28 08:06:59 INFO  EsWriterTest:60 - indexName:foo-1970-01-01.0302
2019-06-28 08:06:59 DEBUG EsWriter:203 - constructIndexName from rolls per day = 1440 gives: foo-1970-01-01.0303
2019-06-28 08:06:59 DEBUG EsWriter:203 - constructIndexName from rolls per day = 1440 gives: foo-1970-01-01.0303
2019-06-28 08:06:59 INFO  EsWriterTest:60 - indexName:foo-1970-01-01.0303
2019-06-28 08:06:59 INFO  EsWriterTest:60 - indexName:foo-1970-01-01.0303
2019-06-28 08:06:59 DEBUG EsWriter:203 - constructIndexName from rolls per day = 1440 gives: foo-1970-01-01.0304
2019-06-28 08:06:59 DEBUG EsWriter:203 - constructIndexName from rolls per day = 1440 gives: foo-1970-01-01.0304
2019-06-28 08:06:59 INFO  EsWriterTest:60 - indexName:foo-1970-01-01.0304
2019-06-28 08:06:59 INFO  EsWriterTest:60 - indexName:foo-1970-01-01.0304
2019-06-28 08:06:59 DEBUG EsWriter:203 - constructIndexName from rolls per day = 1440 gives: foo-1970-01-01.0305
2019-06-28 08:06:59 DEBUG EsWriter:203 - constructIndexName from rolls per day = 1440 gives: foo-1970-01-01.0305
2019-06-28 08:06:59 INFO  EsWriterTest:60 - indexName:foo-1970-01-01.0305
2019-06-28 08:06:59 INFO  EsWriterTest:60 - indexName:foo-1970-01-01.0305
2019-06-28 08:06:59 DEBUG EsWriter:203 - constructIndexName from rolls per day = 1440 gives: foo-1970-01-01.0306
2019-06-28 08:06:59 DEBUG EsWriter:203 - constructIndexName from rolls per day = 1440 gives: foo-1970-01-01.0306
2019-06-28 08:06:59 INFO  EsWriterTest:60 - indexName:foo-1970-01-01.0306
2019-06-28 08:06:59 INFO  EsWriterTest:60 - indexName:foo-1970-01-01.0306
2019-06-28 08:06:59 DEBUG EsWriter:203 - constructIndexName from rolls per day = 1440 gives: foo-1970-01-01.0307
2019-06-28 08:06:59 DEBUG EsWriter:203 - constructIndexName from rolls per day = 1440 gives: foo-1970-01-01.0307
2019-06-28 08:06:59 INFO  EsWriterTest:60 - indexName:foo-1970-01-01.0307
2019-06-28 08:06:59 INFO  EsWriterTest:60 - indexName:foo-1970-01-01.0307
2019-06-28 08:06:59 DEBUG EsWriter:203 - constructIndexName from rolls per day = 1440 gives: foo-1970-01-01.0308
2019-06-28 08:06:59 DEBUG EsWriter:203 - constructIndexName from rolls per day = 1440 gives: foo-1970-01-01.0308
2019-06-28 08:06:59 INFO  EsWriterTest:60 - indexName:foo-1970-01-01.0308
2019-06-28 08:06:59 INFO  EsWriterTest:60 - indexName:foo-1970-01-01.0308
2019-06-28 08:06:59 DEBUG EsWriter:203 - constructIndexName from rolls per day = 1440 gives: foo-1970-01-01.0309
2019-06-28 08:06:59 DEBUG EsWriter:203 - constructIndexName from rolls per day = 1440 gives: foo-1970-01-01.0309
2019-06-28 08:06:59 INFO  EsWriterTest:60 - indexName:foo-1970-01-01.0309
2019-06-28 08:06:59 INFO  EsWriterTest:60 - indexName:foo-1970-01-01.0309
2019-06-28 08:06:59 DEBUG EsWriter:203 - constructIndexName from rolls per day = 1440 gives: foo-1970-01-01.0310
2019-06-28 08:06:59 DEBUG EsWriter:203 - constructIndexName from rolls per day = 1440 gives: foo-1970-01-01.0310
2019-06-28 08:06:59 INFO  EsWriterTest:60 - indexName:foo-1970-01-01.0310
2019-06-28 08:06:59 INFO  EsWriterTest:60 - indexName:foo-1970-01-01.0310
2019-06-28 08:06:59 DEBUG EsWriter:203 - constructIndexName from rolls per day = 1440 gives: foo-1970-01-01.0311
2019-06-28 08:06:59 DEBUG EsWriter:203 - constructIndexName from rolls per day = 1440 gives: foo-1970-01-01.0311
2019-06-28 08:06:59 INFO  EsWriterTest:60 - indexName:foo-1970-01-01.0311
2019-06-28 08:06:59 INFO  EsWriterTest:60 - indexName:foo-1970-01-01.0311
2019-06-28 08:06:59 DEBUG EsWriter:203 - constructIndexName from rolls per day = 1440 gives: foo-1970-01-01.0312
2019-06-28 08:06:59 DEBUG EsWriter:203 - constructIndexName from rolls per day = 1440 gives: foo-1970-01-01.0312
2019-06-28 08:06:59 INFO  EsWriterTest:60 - indexName:foo-1970-01-01.0312
2019-06-28 08:06:59 INFO  EsWriterTest:60 - indexName:foo-1970-01-01.0312
2019-06-28 08:06:59 DEBUG EsWriter:203 - constructIndexName from rolls per day = 1440 gives: foo-1970-01-01.0313
2019-06-28 08:06:59 DEBUG EsWriter:203 - constructIndexName from rolls per day = 1440 gives: foo-1970-01-01.0313
2019-06-28 08:06:59 INFO  EsWriterTest:60 - indexName:foo-1970-01-01.0313
2019-06-28 08:06:59 INFO  EsWriterTest:60 - indexName:foo-1970-01-01.0313
2019-06-28 08:06:59 DEBUG EsWriter:203 - constructIndexName from rolls per day = 1440 gives: foo-1970-01-01.0314
2019-06-28 08:06:59 DEBUG EsWriter:203 - constructIndexName from rolls per day = 1440 gives: foo-1970-01-01.0314
2019-06-28 08:06:59 INFO  EsWriterTest:60 - indexName:foo-1970-01-01.0314
2019-06-28 08:06:59 INFO  EsWriterTest:60 - indexName:foo-1970-01-01.0314
2019-06-28 08:06:59 DEBUG EsWriter:203 - constructIndexName from rolls per day = 1440 gives: foo-1970-01-01.0315
2019-06-28 08:06:59 DEBUG EsWriter:203 - constructIndexName from rolls per day = 1440 gives: foo-1970-01-01.0315
2019-06-28 08:06:59 INFO  EsWriterTest:60 - indexName:foo-1970-01-01.0315
2019-06-28 08:06:59 INFO  EsWriterTest:60 - indexName:foo-1970-01-01.0315
2019-06-28 08:06:59 DEBUG EsWriter:203 - constructIndexName from rolls per day = 1440 gives: foo-1970-01-01.0316
2019-06-28 08:06:59 DEBUG EsWriter:203 - constructIndexName from rolls per day = 1440 gives: foo-1970-01-01.0316
2019-06-28 08:06:59 INFO  EsWriterTest:60 - indexName:foo-1970-01-01.0316
2019-06-28 08:06:59 INFO  EsWriterTest:60 - indexName:foo-1970-01-01.0316
2019-06-28 08:06:59 DEBUG EsWriter:203 - constructIndexName from rolls per day = 1440 gives: foo-1970-01-01.0317
2019-06-28 08:06:59 DEBUG EsWriter:203 - constructIndexName from rolls per day = 1440 gives: foo-1970-01-01.0317
2019-06-28 08:06:59 INFO  EsWriterTest:60 - indexName:foo-1970-01-01.0317
2019-06-28 08:06:59 INFO  EsWriterTest:60 - indexName:foo-1970-01-01.0317
2019-06-28 08:06:59 DEBUG EsWriter:203 - constructIndexName from rolls per day = 1440 gives: foo-1970-01-01.0318
2019-06-28 08:06:59 DEBUG EsWriter:203 - constructIndexName from rolls per day = 1440 gives: foo-1970-01-01.0318
2019-06-28 08:06:59 INFO  EsWriterTest:60 - indexName:foo-1970-01-01.0318
2019-06-28 08:06:59 INFO  EsWriterTest:60 - indexName:foo-1970-01-01.0318
2019-06-28 08:06:59 DEBUG EsWriter:203 - constructIndexName from rolls per day = 1440 gives: foo-1970-01-01.0319
2019-06-28 08:06:59 DEBUG EsWriter:203 - constructIndexName from rolls per day = 1440 gives: foo-1970-01-01.0319
2019-06-28 08:06:59 INFO  EsWriterTest:60 - indexName:foo-1970-01-01.0319
2019-06-28 08:06:59 INFO  EsWriterTest:60 - indexName:foo-1970-01-01.0319
2019-06-28 08:06:59 DEBUG EsWriter:203 - constructIndexName from rolls per day = 1440 gives: foo-1970-01-01.0320
2019-06-28 08:06:59 DEBUG EsWriter:203 - constructIndexName from rolls per day = 1440 gives: foo-1970-01-01.0320
2019-06-28 08:06:59 INFO  EsWriterTest:60 - indexName:foo-1970-01-01.0320
2019-06-28 08:06:59 INFO  EsWriterTest:60 - indexName:foo-1970-01-01.0320
2019-06-28 08:06:59 DEBUG EsWriter:203 - constructIndexName from rolls per day = 1440 gives: foo-1970-01-01.0321
2019-06-28 08:06:59 DEBUG EsWriter:203 - constructIndexName from rolls per day = 1440 gives: foo-1970-01-01.0321
2019-06-28 08:06:59 INFO  EsWriterTest:60 - indexName:foo-1970-01-01.0321
2019-06-28 08:06:59 INFO  EsWriterTest:60 - indexName:foo-1970-01-01.0321
2019-06-28 08:06:59 DEBUG EsWriter:203 - constructIndexName from rolls per day = 1440 gives: foo-1970-01-01.0322
2019-06-28 08:06:59 DEBUG EsWriter:203 - constructIndexName from rolls per day = 1440 gives: foo-1970-01-01.0322
2019-06-28 08:06:59 INFO  EsWriterTest:60 - indexName:foo-1970-01-01.0322
2019-06-28 08:06:59 INFO  EsWriterTest:60 - indexName:foo-1970-01-01.0322
2019-06-28 08:06:59 DEBUG EsWriter:203 - constructIndexName from rolls per day = 1440 gives: foo-1970-01-01.0323
2019-06-28 08:06:59 DEBUG EsWriter:203 - constructIndexName from rolls per day = 1440 gives: foo-1970-01-01.0323
2019-06-28 08:06:59 INFO  EsWriterTest:60 - indexName:foo-1970-01-01.0323
2019-06-28 08:06:59 INFO  EsWriterTest:60 - indexName:foo-1970-01-01.0323
2019-06-28 08:06:59 DEBUG EsWriter:203 - constructIndexName from rolls per day = 1440 gives: foo-1970-01-01.0324
2019-06-28 08:06:59 DEBUG EsWriter:203 - constructIndexName from rolls per day = 1440 gives: foo-1970-01-01.0324
2019-06-28 08:06:59 INFO  EsWriterTest:60 - indexName:foo-1970-01-01.0324
2019-06-28 08:06:59 INFO  EsWriterTest:60 - indexName:foo-1970-01-01.0324
2019-06-28 08:06:59 DEBUG EsWriter:203 - constructIndexName from rolls per day = 1440 gives: foo-1970-01-01.0325
2019-06-28 08:06:59 DEBUG EsWriter:203 - constructIndexName from rolls per day = 1440 gives: foo-1970-01-01.0325
2019-06-28 08:06:59 INFO  EsWriterTest:60 - indexName:foo-1970-01-01.0325
2019-06-28 08:06:59 INFO  EsWriterTest:60 - indexName:foo-1970-01-01.0325
2019-06-28 08:06:59 DEBUG EsWriter:203 - constructIndexName from rolls per day = 1440 gives: foo-1970-01-01.0326
2019-06-28 08:06:59 DEBUG EsWriter:203 - constructIndexName from rolls per day = 1440 gives: foo-1970-01-01.0326
2019-06-28 08:06:59 INFO  EsWriterTest:60 - indexName:foo-1970-01-01.0326
2019-06-28 08:06:59 INFO  EsWriterTest:60 - indexName:foo-1970-01-01.0326
2019-06-28 08:06:59 DEBUG EsWriter:203 - constructIndexName from rolls per day = 1440 gives: foo-1970-01-01.0327
2019-06-28 08:06:59 DEBUG EsWriter:203 - constructIndexName from rolls per day = 1440 gives: foo-1970-01-01.0327
2019-06-28 08:06:59 INFO  EsWriterTest:60 - indexName:foo-1970-01-01.0327
2019-06-28 08:06:59 INFO  EsWriterTest:60 - indexName:foo-1970-01-01.0327
2019-06-28 08:06:59 DEBUG EsWriter:203 - constructIndexName from rolls per day = 1440 gives: foo-1970-01-01.0328
2019-06-28 08:06:59 DEBUG EsWriter:203 - constructIndexName from rolls per day = 1440 gives: foo-1970-01-01.0328
2019-06-28 08:06:59 INFO  EsWriterTest:60 - indexName:foo-1970-01-01.0328
2019-06-28 08:06:59 INFO  EsWriterTest:60 - indexName:foo-1970-01-01.0328
2019-06-28 08:06:59 DEBUG EsWriter:203 - constructIndexName from rolls per day = 1440 gives: foo-1970-01-01.0329
2019-06-28 08:06:59 DEBUG EsWriter:203 - constructIndexName from rolls per day = 1440 gives: foo-1970-01-01.0329
2019-06-28 08:06:59 INFO  EsWriterTest:60 - indexName:foo-1970-01-01.0329
2019-06-28 08:06:59 INFO  EsWriterTest:60 - indexName:foo-1970-01-01.0329
2019-06-28 08:06:59 DEBUG EsWriter:203 - constructIndexName from rolls per day = 1440 gives: foo-1970-01-01.0330
2019-06-28 08:06:59 DEBUG EsWriter:203 - constructIndexName from rolls per day = 1440 gives: foo-1970-01-01.0330
2019-06-28 08:06:59 INFO  EsWriterTest:60 - indexName:foo-1970-01-01.0330
2019-06-28 08:06:59 INFO  EsWriterTest:60 - indexName:foo-1970-01-01.0330
2019-06-28 08:06:59 DEBUG EsWriter:203 - constructIndexName from rolls per day = 1440 gives: foo-1970-01-01.0331
2019-06-28 08:06:59 DEBUG EsWriter:203 - constructIndexName from rolls per day = 1440 gives: foo-1970-01-01.0331
2019-06-28 08:06:59 INFO  EsWriterTest:60 - indexName:foo-1970-01-01.0331
2019-06-28 08:06:59 INFO  EsWriterTest:60 - indexName:foo-1970-01-01.0331
2019-06-28 08:06:59 DEBUG EsWriter:203 - constructIndexName from rolls per day = 1440 gives: foo-1970-01-01.0332
2019-06-28 08:06:59 DEBUG EsWriter:203 - constructIndexName from rolls per day = 1440 gives: foo-1970-01-01.0332
2019-06-28 08:06:59 INFO  EsWriterTest:60 - indexName:foo-1970-01-01.0332
2019-06-28 08:06:59 INFO  EsWriterTest:60 - indexName:foo-1970-01-01.0332
2019-06-28 08:06:59 DEBUG EsWriter:203 - constructIndexName from rolls per day = 1440 gives: foo-1970-01-01.0333
2019-06-28 08:06:59 DEBUG EsWriter:203 - constructIndexName from rolls per day = 1440 gives: foo-1970-01-01.0333
2019-06-28 08:06:59 INFO  EsWriterTest:60 - indexName:foo-1970-01-01.0333
2019-06-28 08:06:59 INFO  EsWriterTest:60 - indexName:foo-1970-01-01.0333
2019-06-28 08:06:59 DEBUG EsWriter:203 - constructIndexName from rolls per day = 1440 gives: foo-1970-01-01.0334
2019-06-28 08:06:59 DEBUG EsWriter:203 - constructIndexName from rolls per day = 1440 gives: foo-1970-01-01.0334
2019-06-28 08:06:59 INFO  EsWriterTest:60 - indexName:foo-1970-01-01.0334
2019-06-28 08:06:59 INFO  EsWriterTest:60 - indexName:foo-1970-01-01.0334
2019-06-28 08:06:59 DEBUG EsWriter:203 - constructIndexName from rolls per day = 1440 gives: foo-1970-01-01.0335
2019-06-28 08:06:59 DEBUG EsWriter:203 - constructIndexName from rolls per day = 1440 gives: foo-1970-01-01.0335
2019-06-28 08:06:59 INFO  EsWriterTest:60 - indexName:foo-1970-01-01.0335
2019-06-28 08:06:59 INFO  EsWriterTest:60 - indexName:foo-1970-01-01.0335
2019-06-28 08:06:59 DEBUG EsWriter:203 - constructIndexName from rolls per day = 1440 gives: foo-1970-01-01.0336
2019-06-28 08:06:59 DEBUG EsWriter:203 - constructIndexName from rolls per day = 1440 gives: foo-1970-01-01.0336
2019-06-28 08:06:59 INFO  EsWriterTest:60 - indexName:foo-1970-01-01.0336
2019-06-28 08:06:59 INFO  EsWriterTest:60 - indexName:foo-1970-01-01.0336
2019-06-28 08:06:59 DEBUG EsWriter:203 - constructIndexName from rolls per day = 1440 gives: foo-1970-01-01.0337
2019-06-28 08:06:59 DEBUG EsWriter:203 - constructIndexName from rolls per day = 1440 gives: foo-1970-01-01.0337
2019-06-28 08:06:59 INFO  EsWriterTest:60 - indexName:foo-1970-01-01.0337
2019-06-28 08:06:59 INFO  EsWriterTest:60 - indexName:foo-1970-01-01.0337
2019-06-28 08:06:59 DEBUG EsWriter:203 - constructIndexName from rolls per day = 1440 gives: foo-1970-01-01.0338
2019-06-28 08:06:59 DEBUG EsWriter:203 - constructIndexName from rolls per day = 1440 gives: foo-1970-01-01.0338
2019-06-28 08:06:59 INFO  EsWriterTest:60 - indexName:foo-1970-01-01.0338
2019-06-28 08:06:59 INFO  EsWriterTest:60 - indexName:foo-1970-01-01.0338
2019-06-28 08:06:59 DEBUG EsWriter:203 - constructIndexName from rolls per day = 1440 gives: foo-1970-01-01.0339
2019-06-28 08:06:59 DEBUG EsWriter:203 - constructIndexName from rolls per day = 1440 gives: foo-1970-01-01.0339
2019-06-28 08:06:59 INFO  EsWriterTest:60 - indexName:foo-1970-01-01.0339
2019-06-28 08:06:59 INFO  EsWriterTest:60 - indexName:foo-1970-01-01.0339
2019-06-28 08:06:59 DEBUG EsWriter:203 - constructIndexName from rolls per day = 1440 gives: foo-1970-01-01.0340
2019-06-28 08:06:59 DEBUG EsWriter:203 - constructIndexName from rolls per day = 1440 gives: foo-1970-01-01.0340
2019-06-28 08:06:59 INFO  EsWriterTest:60 - indexName:foo-1970-01-01.0340
2019-06-28 08:06:59 INFO  EsWriterTest:60 - indexName:foo-1970-01-01.0340
2019-06-28 08:06:59 DEBUG EsWriter:203 - constructIndexName from rolls per day = 1440 gives: foo-1970-01-01.0341
2019-06-28 08:06:59 DEBUG EsWriter:203 - constructIndexName from rolls per day = 1440 gives: foo-1970-01-01.0341
2019-06-28 08:06:59 INFO  EsWriterTest:60 - indexName:foo-1970-01-01.0341
2019-06-28 08:06:59 INFO  EsWriterTest:60 - indexName:foo-1970-01-01.0341
2019-06-28 08:06:59 DEBUG EsWriter:203 - constructIndexName from rolls per day = 1440 gives: foo-1970-01-01.0342
2019-06-28 08:06:59 DEBUG EsWriter:203 - constructIndexName from rolls per day = 1440 gives: foo-1970-01-01.0342
2019-06-28 08:06:59 INFO  EsWriterTest:60 - indexName:foo-1970-01-01.0342
2019-06-28 08:06:59 INFO  EsWriterTest:60 - indexName:foo-1970-01-01.0342
2019-06-28 08:06:59 DEBUG EsWriter:203 - constructIndexName from rolls per day = 1440 gives: foo-1970-01-01.0343
2019-06-28 08:06:59 DEBUG EsWriter:203 - constructIndexName from rolls per day = 1440 gives: foo-1970-01-01.0343
2019-06-28 08:06:59 INFO  EsWriterTest:60 - indexName:foo-1970-01-01.0343
2019-06-28 08:06:59 INFO  EsWriterTest:60 - indexName:foo-1970-01-01.0343
2019-06-28 08:06:59 DEBUG EsWriter:203 - constructIndexName from rolls per day = 1440 gives: foo-1970-01-01.0344
2019-06-28 08:06:59 DEBUG EsWriter:203 - constructIndexName from rolls per day = 1440 gives: foo-1970-01-01.0344
2019-06-28 08:06:59 INFO  EsWriterTest:60 - indexName:foo-1970-01-01.0344
2019-06-28 08:06:59 INFO  EsWriterTest:60 - indexName:foo-1970-01-01.0344
2019-06-28 08:06:59 DEBUG EsWriter:203 - constructIndexName from rolls per day = 1440 gives: foo-1970-01-01.0345
2019-06-28 08:06:59 DEBUG EsWriter:203 - constructIndexName from rolls per day = 1440 gives: foo-1970-01-01.0345
2019-06-28 08:06:59 INFO  EsWriterTest:60 - indexName:foo-1970-01-01.0345
2019-06-28 08:06:59 INFO  EsWriterTest:60 - indexName:foo-1970-01-01.0345
2019-06-28 08:06:59 DEBUG EsWriter:203 - constructIndexName from rolls per day = 1440 gives: foo-1970-01-01.0346
2019-06-28 08:06:59 DEBUG EsWriter:203 - constructIndexName from rolls per day = 1440 gives: foo-1970-01-01.0346
2019-06-28 08:06:59 INFO  EsWriterTest:60 - indexName:foo-1970-01-01.0346
2019-06-28 08:06:59 INFO  EsWriterTest:60 - indexName:foo-1970-01-01.0346
2019-06-28 08:06:59 DEBUG EsWriter:203 - constructIndexName from rolls per day = 1440 gives: foo-1970-01-01.0347
2019-06-28 08:06:59 DEBUG EsWriter:203 - constructIndexName from rolls per day = 1440 gives: foo-1970-01-01.0347
2019-06-28 08:06:59 INFO  EsWriterTest:60 - indexName:foo-1970-01-01.0347
2019-06-28 08:06:59 INFO  EsWriterTest:60 - indexName:foo-1970-01-01.0347
2019-06-28 08:06:59 DEBUG EsWriter:203 - constructIndexName from rolls per day = 1440 gives: foo-1970-01-01.0348
2019-06-28 08:06:59 DEBUG EsWriter:203 - constructIndexName from rolls per day = 1440 gives: foo-1970-01-01.0348
2019-06-28 08:06:59 INFO  EsWriterTest:60 - indexName:foo-1970-01-01.0348
2019-06-28 08:06:59 INFO  EsWriterTest:60 - indexName:foo-1970-01-01.0348
2019-06-28 08:06:59 DEBUG EsWriter:203 - constructIndexName from rolls per day = 1440 gives: foo-1970-01-01.0349
2019-06-28 08:06:59 DEBUG EsWriter:203 - constructIndexName from rolls per day = 1440 gives: foo-1970-01-01.0349
2019-06-28 08:06:59 INFO  EsWriterTest:60 - indexName:foo-1970-01-01.0349
2019-06-28 08:06:59 INFO  EsWriterTest:60 - indexName:foo-1970-01-01.0349
2019-06-28 08:06:59 DEBUG EsWriter:203 - constructIndexName from rolls per day = 1440 gives: foo-1970-01-01.0350
2019-06-28 08:06:59 DEBUG EsWriter:203 - constructIndexName from rolls per day = 1440 gives: foo-1970-01-01.0350
2019-06-28 08:06:59 INFO  EsWriterTest:60 - indexName:foo-1970-01-01.0350
2019-06-28 08:06:59 INFO  EsWriterTest:60 - indexName:foo-1970-01-01.0350
2019-06-28 08:06:59 DEBUG EsWriter:203 - constructIndexName from rolls per day = 1440 gives: foo-1970-01-01.0351
2019-06-28 08:06:59 DEBUG EsWriter:203 - constructIndexName from rolls per day = 1440 gives: foo-1970-01-01.0351
2019-06-28 08:06:59 INFO  EsWriterTest:60 - indexName:foo-1970-01-01.0351
2019-06-28 08:06:59 INFO  EsWriterTest:60 - indexName:foo-1970-01-01.0351
2019-06-28 08:06:59 DEBUG EsWriter:203 - constructIndexName from rolls per day = 1440 gives: foo-1970-01-01.0352
2019-06-28 08:06:59 DEBUG EsWriter:203 - constructIndexName from rolls per day = 1440 gives: foo-1970-01-01.0352
2019-06-28 08:06:59 INFO  EsWriterTest:60 - indexName:foo-1970-01-01.0352
2019-06-28 08:06:59 INFO  EsWriterTest:60 - indexName:foo-1970-01-01.0352
2019-06-28 08:06:59 DEBUG EsWriter:203 - constructIndexName from rolls per day = 1440 gives: foo-1970-01-01.0353
2019-06-28 08:06:59 DEBUG EsWriter:203 - constructIndexName from rolls per day = 1440 gives: foo-1970-01-01.0353
2019-06-28 08:06:59 INFO  EsWriterTest:60 - indexName:foo-1970-01-01.0353
2019-06-28 08:06:59 INFO  EsWriterTest:60 - indexName:foo-1970-01-01.0353
2019-06-28 08:06:59 DEBUG EsWriter:203 - constructIndexName from rolls per day = 1440 gives: foo-1970-01-01.0354
2019-06-28 08:06:59 DEBUG EsWriter:203 - constructIndexName from rolls per day = 1440 gives: foo-1970-01-01.0354
2019-06-28 08:06:59 INFO  EsWriterTest:60 - indexName:foo-1970-01-01.0354
2019-06-28 08:06:59 INFO  EsWriterTest:60 - indexName:foo-1970-01-01.0354
2019-06-28 08:06:59 DEBUG EsWriter:203 - constructIndexName from rolls per day = 1440 gives: foo-1970-01-01.0355
2019-06-28 08:06:59 DEBUG EsWriter:203 - constructIndexName from rolls per day = 1440 gives: foo-1970-01-01.0355
2019-06-28 08:06:59 INFO  EsWriterTest:60 - indexName:foo-1970-01-01.0355
2019-06-28 08:06:59 INFO  EsWriterTest:60 - indexName:foo-1970-01-01.0355
2019-06-28 08:06:59 DEBUG EsWriter:203 - constructIndexName from rolls per day = 1440 gives: foo-1970-01-01.0356
2019-06-28 08:06:59 DEBUG EsWriter:203 - constructIndexName from rolls per day = 1440 gives: foo-1970-01-01.0356
2019-06-28 08:06:59 INFO  EsWriterTest:60 - indexName:foo-1970-01-01.0356
2019-06-28 08:06:59 INFO  EsWriterTest:60 - indexName:foo-1970-01-01.0356
2019-06-28 08:06:59 DEBUG EsWriter:203 - constructIndexName from rolls per day = 1440 gives: foo-1970-01-01.0357
2019-06-28 08:06:59 DEBUG EsWriter:203 - constructIndexName from rolls per day = 1440 gives: foo-1970-01-01.0357
2019-06-28 08:06:59 INFO  EsWriterTest:60 - indexName:foo-1970-01-01.0357
2019-06-28 08:06:59 INFO  EsWriterTest:60 - indexName:foo-1970-01-01.0357
2019-06-28 08:06:59 DEBUG EsWriter:203 - constructIndexName from rolls per day = 1440 gives: foo-1970-01-01.0358
2019-06-28 08:06:59 DEBUG EsWriter:203 - constructIndexName from rolls per day = 1440 gives: foo-1970-01-01.0358
2019-06-28 08:06:59 INFO  EsWriterTest:60 - indexName:foo-1970-01-01.0358
2019-06-28 08:06:59 INFO  EsWriterTest:60 - indexName:foo-1970-01-01.0358
2019-06-28 08:06:59 DEBUG EsWriter:203 - constructIndexName from rolls per day = 1440 gives: foo-1970-01-01.0359
2019-06-28 08:06:59 DEBUG EsWriter:203 - constructIndexName from rolls per day = 1440 gives: foo-1970-01-01.0359
2019-06-28 08:06:59 INFO  EsWriterTest:60 - indexName:foo-1970-01-01.0359
2019-06-28 08:06:59 INFO  EsWriterTest:60 - indexName:foo-1970-01-01.0359
2019-06-28 08:06:59 DEBUG EsWriter:203 - constructIndexName from rolls per day = 1440 gives: foo-1970-01-01.0360
2019-06-28 08:06:59 DEBUG EsWriter:203 - constructIndexName from rolls per day = 1440 gives: foo-1970-01-01.0360
2019-06-28 08:06:59 INFO  EsWriterTest:60 - indexName:foo-1970-01-01.0360
2019-06-28 08:06:59 INFO  EsWriterTest:60 - indexName:foo-1970-01-01.0360
2019-06-28 08:06:59 DEBUG EsWriter:203 - constructIndexName from rolls per day = 1440 gives: foo-1970-01-01.0361
2019-06-28 08:06:59 DEBUG EsWriter:203 - constructIndexName from rolls per day = 1440 gives: foo-1970-01-01.0361
2019-06-28 08:06:59 INFO  EsWriterTest:60 - indexName:foo-1970-01-01.0361
2019-06-28 08:06:59 INFO  EsWriterTest:60 - indexName:foo-1970-01-01.0361
2019-06-28 08:06:59 DEBUG EsWriter:203 - constructIndexName from rolls per day = 1440 gives: foo-1970-01-01.0362
2019-06-28 08:06:59 DEBUG EsWriter:203 - constructIndexName from rolls per day = 1440 gives: foo-1970-01-01.0362
2019-06-28 08:06:59 INFO  EsWriterTest:60 - indexName:foo-1970-01-01.0362
2019-06-28 08:06:59 INFO  EsWriterTest:60 - indexName:foo-1970-01-01.0362
2019-06-28 08:06:59 DEBUG EsWriter:203 - constructIndexName from rolls per day = 1440 gives: foo-1970-01-01.0363
2019-06-28 08:06:59 DEBUG EsWriter:203 - constructIndexName from rolls per day = 1440 gives: foo-1970-01-01.0363
2019-06-28 08:06:59 INFO  EsWriterTest:60 - indexName:foo-1970-01-01.0363
2019-06-28 08:06:59 INFO  EsWriterTest:60 - indexName:foo-1970-01-01.0363
2019-06-28 08:06:59 DEBUG EsWriter:203 - constructIndexName from rolls per day = 1440 gives: foo-1970-01-01.0364
2019-06-28 08:06:59 DEBUG EsWriter:203 - constructIndexName from rolls per day = 1440 gives: foo-1970-01-01.0364
2019-06-28 08:06:59 INFO  EsWriterTest:60 - indexName:foo-1970-01-01.0364
2019-06-28 08:06:59 INFO  EsWriterTest:60 - indexName:foo-1970-01-01.0364
2019-06-28 08:06:59 DEBUG EsWriter:203 - constructIndexName from rolls per day = 1440 gives: foo-1970-01-01.0365
2019-06-28 08:06:59 DEBUG EsWriter:203 - constructIndexName from rolls per day = 1440 gives: foo-1970-01-01.0365
2019-06-28 08:06:59 INFO  EsWriterTest:60 - indexName:foo-1970-01-01.0365
2019-06-28 08:06:59 INFO  EsWriterTest:60 - indexName:foo-1970-01-01.0365
2019-06-28 08:06:59 DEBUG EsWriter:203 - constructIndexName from rolls per day = 1440 gives: foo-1970-01-01.0366
2019-06-28 08:06:59 DEBUG EsWriter:203 - constructIndexName from rolls per day = 1440 gives: foo-1970-01-01.0366
2019-06-28 08:06:59 INFO  EsWriterTest:60 - indexName:foo-1970-01-01.0366
2019-06-28 08:06:59 INFO  EsWriterTest:60 - indexName:foo-1970-01-01.0366
2019-06-28 08:06:59 DEBUG EsWriter:203 - constructIndexName from rolls per day = 1440 gives: foo-1970-01-01.0367
2019-06-28 08:06:59 DEBUG EsWriter:203 - constructIndexName from rolls per day = 1440 gives: foo-1970-01-01.0367
2019-06-28 08:06:59 INFO  EsWriterTest:60 - indexName:foo-1970-01-01.0367
2019-06-28 08:06:59 INFO  EsWriterTest:60 - indexName:foo-1970-01-01.0367
2019-06-28 08:06:59 DEBUG EsWriter:203 - constructIndexName from rolls per day = 1440 gives: foo-1970-01-01.0368
2019-06-28 08:06:59 DEBUG EsWriter:203 - constructIndexName from rolls per day = 1440 gives: foo-1970-01-01.0368
2019-06-28 08:06:59 INFO  EsWriterTest:60 - indexName:foo-1970-01-01.0368
2019-06-28 08:06:59 INFO  EsWriterTest:60 - indexName:foo-1970-01-01.0368
2019-06-28 08:06:59 DEBUG EsWriter:203 - constructIndexName from rolls per day = 1440 gives: foo-1970-01-01.0369
2019-06-28 08:06:59 DEBUG EsWriter:203 - constructIndexName from rolls per day = 1440 gives: foo-1970-01-01.0369
2019-06-28 08:06:59 INFO  EsWriterTest:60 - indexName:foo-1970-01-01.0369
2019-06-28 08:06:59 INFO  EsWriterTest:60 - indexName:foo-1970-01-01.0369
2019-06-28 08:06:59 DEBUG EsWriter:203 - constructIndexName from rolls per day = 1440 gives: foo-1970-01-01.0370
2019-06-28 08:06:59 DEBUG EsWriter:203 - constructIndexName from rolls per day = 1440 gives: foo-1970-01-01.0370
2019-06-28 08:06:59 INFO  EsWriterTest:60 - indexName:foo-1970-01-01.0370
2019-06-28 08:06:59 INFO  EsWriterTest:60 - indexName:foo-1970-01-01.0370
2019-06-28 08:06:59 DEBUG EsWriter:203 - constructIndexName from rolls per day = 1440 gives: foo-1970-01-01.0371
2019-06-28 08:06:59 DEBUG EsWriter:203 - constructIndexName from rolls per day = 1440 gives: foo-1970-01-01.0371
2019-06-28 08:06:59 INFO  EsWriterTest:60 - indexName:foo-1970-01-01.0371
2019-06-28 08:06:59 INFO  EsWriterTest:60 - indexName:foo-1970-01-01.0371
2019-06-28 08:06:59 DEBUG EsWriter:203 - constructIndexName from rolls per day = 1440 gives: foo-1970-01-01.0372
2019-06-28 08:06:59 DEBUG EsWriter:203 - constructIndexName from rolls per day = 1440 gives: foo-1970-01-01.0372
2019-06-28 08:06:59 INFO  EsWriterTest:60 - indexName:foo-1970-01-01.0372
2019-06-28 08:06:59 INFO  EsWriterTest:60 - indexName:foo-1970-01-01.0372
2019-06-28 08:06:59 DEBUG EsWriter:203 - constructIndexName from rolls per day = 1440 gives: foo-1970-01-01.0373
2019-06-28 08:06:59 DEBUG EsWriter:203 - constructIndexName from rolls per day = 1440 gives: foo-1970-01-01.0373
2019-06-28 08:06:59 INFO  EsWriterTest:60 - indexName:foo-1970-01-01.0373
2019-06-28 08:06:59 INFO  EsWriterTest:60 - indexName:foo-1970-01-01.0373
2019-06-28 08:06:59 DEBUG EsWriter:203 - constructIndexName from rolls per day = 1440 gives: foo-1970-01-01.0374
2019-06-28 08:06:59 DEBUG EsWriter:203 - constructIndexName from rolls per day = 1440 gives: foo-1970-01-01.0374
2019-06-28 08:06:59 INFO  EsWriterTest:60 - indexName:foo-1970-01-01.0374
2019-06-28 08:06:59 INFO  EsWriterTest:60 - indexName:foo-1970-01-01.0374
2019-06-28 08:06:59 DEBUG EsWriter:203 - constructIndexName from rolls per day = 1440 gives: foo-1970-01-01.0375
2019-06-28 08:06:59 DEBUG EsWriter:203 - constructIndexName from rolls per day = 1440 gives: foo-1970-01-01.0375
2019-06-28 08:06:59 INFO  EsWriterTest:60 - indexName:foo-1970-01-01.0375
2019-06-28 08:06:59 INFO  EsWriterTest:60 - indexName:foo-1970-01-01.0375
2019-06-28 08:06:59 DEBUG EsWriter:203 - constructIndexName from rolls per day = 1440 gives: foo-1970-01-01.0376
2019-06-28 08:06:59 DEBUG EsWriter:203 - constructIndexName from rolls per day = 1440 gives: foo-1970-01-01.0376
2019-06-28 08:06:59 INFO  EsWriterTest:60 - indexName:foo-1970-01-01.0376
2019-06-28 08:06:59 INFO  EsWriterTest:60 - indexName:foo-1970-01-01.0376
2019-06-28 08:06:59 DEBUG EsWriter:203 - constructIndexName from rolls per day = 1440 gives: foo-1970-01-01.0377
2019-06-28 08:06:59 DEBUG EsWriter:203 - constructIndexName from rolls per day = 1440 gives: foo-1970-01-01.0377
2019-06-28 08:06:59 INFO  EsWriterTest:60 - indexName:foo-1970-01-01.0377
2019-06-28 08:06:59 INFO  EsWriterTest:60 - indexName:foo-1970-01-01.0377
2019-06-28 08:06:59 DEBUG EsWriter:203 - constructIndexName from rolls per day = 1440 gives: foo-1970-01-01.0378
2019-06-28 08:06:59 DEBUG EsWriter:203 - constructIndexName from rolls per day = 1440 gives: foo-1970-01-01.0378
2019-06-28 08:06:59 INFO  EsWriterTest:60 - indexName:foo-1970-01-01.0378
2019-06-28 08:06:59 INFO  EsWriterTest:60 - indexName:foo-1970-01-01.0378
2019-06-28 08:06:59 DEBUG EsWriter:203 - constructIndexName from rolls per day = 1440 gives: foo-1970-01-01.0379
2019-06-28 08:06:59 DEBUG EsWriter:203 - constructIndexName from rolls per day = 1440 gives: foo-1970-01-01.0379
2019-06-28 08:06:59 INFO  EsWriterTest:60 - indexName:foo-1970-01-01.0379
2019-06-28 08:06:59 INFO  EsWriterTest:60 - indexName:foo-1970-01-01.0379
2019-06-28 08:06:59 DEBUG EsWriter:203 - constructIndexName from rolls per day = 1440 gives: foo-1970-01-01.0380
2019-06-28 08:06:59 DEBUG EsWriter:203 - constructIndexName from rolls per day = 1440 gives: foo-1970-01-01.0380
2019-06-28 08:06:59 INFO  EsWriterTest:60 - indexName:foo-1970-01-01.0380
2019-06-28 08:06:59 INFO  EsWriterTest:60 - indexName:foo-1970-01-01.0380
2019-06-28 08:06:59 DEBUG EsWriter:203 - constructIndexName from rolls per day = 1440 gives: foo-1970-01-01.0381
2019-06-28 08:06:59 DEBUG EsWriter:203 - constructIndexName from rolls per day = 1440 gives: foo-1970-01-01.0381
2019-06-28 08:06:59 INFO  EsWriterTest:60 - indexName:foo-1970-01-01.0381
2019-06-28 08:06:59 INFO  EsWriterTest:60 - indexName:foo-1970-01-01.0381
2019-06-28 08:06:59 DEBUG EsWriter:203 - constructIndexName from rolls per day = 1440 gives: foo-1970-01-01.0382
2019-06-28 08:06:59 DEBUG EsWriter:203 - constructIndexName from rolls per day = 1440 gives: foo-1970-01-01.0382
2019-06-28 08:06:59 INFO  EsWriterTest:60 - indexName:foo-1970-01-01.0382
2019-06-28 08:06:59 INFO  EsWriterTest:60 - indexName:foo-1970-01-01.0382
2019-06-28 08:06:59 DEBUG EsWriter:203 - constructIndexName from rolls per day = 1440 gives: foo-1970-01-01.0383
2019-06-28 08:06:59 DEBUG EsWriter:203 - constructIndexName from rolls per day = 1440 gives: foo-1970-01-01.0383
2019-06-28 08:06:59 INFO  EsWriterTest:60 - indexName:foo-1970-01-01.0383
2019-06-28 08:06:59 INFO  EsWriterTest:60 - indexName:foo-1970-01-01.0383
2019-06-28 08:06:59 DEBUG EsWriter:203 - constructIndexName from rolls per day = 1440 gives: foo-1970-01-01.0384
2019-06-28 08:06:59 DEBUG EsWriter:203 - constructIndexName from rolls per day = 1440 gives: foo-1970-01-01.0384
2019-06-28 08:06:59 INFO  EsWriterTest:60 - indexName:foo-1970-01-01.0384
2019-06-28 08:06:59 INFO  EsWriterTest:60 - indexName:foo-1970-01-01.0384
2019-06-28 08:06:59 DEBUG EsWriter:203 - constructIndexName from rolls per day = 1440 gives: foo-1970-01-01.0385
2019-06-28 08:06:59 DEBUG EsWriter:203 - constructIndexName from rolls per day = 1440 gives: foo-1970-01-01.0385
2019-06-28 08:06:59 INFO  EsWriterTest:60 - indexName:foo-1970-01-01.0385
2019-06-28 08:06:59 INFO  EsWriterTest:60 - indexName:foo-1970-01-01.0385
2019-06-28 08:06:59 DEBUG EsWriter:203 - constructIndexName from rolls per day = 1440 gives: foo-1970-01-01.0386
2019-06-28 08:06:59 DEBUG EsWriter:203 - constructIndexName from rolls per day = 1440 gives: foo-1970-01-01.0386
2019-06-28 08:06:59 INFO  EsWriterTest:60 - indexName:foo-1970-01-01.0386
2019-06-28 08:06:59 INFO  EsWriterTest:60 - indexName:foo-1970-01-01.0386
2019-06-28 08:06:59 DEBUG EsWriter:203 - constructIndexName from rolls per day = 1440 gives: foo-1970-01-01.0387
2019-06-28 08:06:59 DEBUG EsWriter:203 - constructIndexName from rolls per day = 1440 gives: foo-1970-01-01.0387
2019-06-28 08:06:59 INFO  EsWriterTest:60 - indexName:foo-1970-01-01.0387
2019-06-28 08:06:59 INFO  EsWriterTest:60 - indexName:foo-1970-01-01.0387
2019-06-28 08:06:59 DEBUG EsWriter:203 - constructIndexName from rolls per day = 1440 gives: foo-1970-01-01.0388
2019-06-28 08:06:59 DEBUG EsWriter:203 - constructIndexName from rolls per day = 1440 gives: foo-1970-01-01.0388
2019-06-28 08:06:59 INFO  EsWriterTest:60 - indexName:foo-1970-01-01.0388
2019-06-28 08:06:59 INFO  EsWriterTest:60 - indexName:foo-1970-01-01.0388
2019-06-28 08:06:59 DEBUG EsWriter:203 - constructIndexName from rolls per day = 1440 gives: foo-1970-01-01.0389
2019-06-28 08:06:59 DEBUG EsWriter:203 - constructIndexName from rolls per day = 1440 gives: foo-1970-01-01.0389
2019-06-28 08:06:59 INFO  EsWriterTest:60 - indexName:foo-1970-01-01.0389
2019-06-28 08:06:59 INFO  EsWriterTest:60 - indexName:foo-1970-01-01.0389
2019-06-28 08:06:59 DEBUG EsWriter:203 - constructIndexName from rolls per day = 1440 gives: foo-1970-01-01.0390
2019-06-28 08:06:59 DEBUG EsWriter:203 - constructIndexName from rolls per day = 1440 gives: foo-1970-01-01.0390
2019-06-28 08:06:59 INFO  EsWriterTest:60 - indexName:foo-1970-01-01.0390
2019-06-28 08:06:59 INFO  EsWriterTest:60 - indexName:foo-1970-01-01.0390
2019-06-28 08:06:59 DEBUG EsWriter:203 - constructIndexName from rolls per day = 1440 gives: foo-1970-01-01.0391
2019-06-28 08:06:59 DEBUG EsWriter:203 - constructIndexName from rolls per day = 1440 gives: foo-1970-01-01.0391
2019-06-28 08:06:59 INFO  EsWriterTest:60 - indexName:foo-1970-01-01.0391
2019-06-28 08:06:59 INFO  EsWriterTest:60 - indexName:foo-1970-01-01.0391
2019-06-28 08:06:59 DEBUG EsWriter:203 - constructIndexName from rolls per day = 1440 gives: foo-1970-01-01.0392
2019-06-28 08:06:59 DEBUG EsWriter:203 - constructIndexName from rolls per day = 1440 gives: foo-1970-01-01.0392
2019-06-28 08:06:59 INFO  EsWriterTest:60 - indexName:foo-1970-01-01.0392
2019-06-28 08:06:59 INFO  EsWriterTest:60 - indexName:foo-1970-01-01.0392
2019-06-28 08:06:59 DEBUG EsWriter:203 - constructIndexName from rolls per day = 1440 gives: foo-1970-01-01.0393
2019-06-28 08:06:59 DEBUG EsWriter:203 - constructIndexName from rolls per day = 1440 gives: foo-1970-01-01.0393
2019-06-28 08:06:59 INFO  EsWriterTest:60 - indexName:foo-1970-01-01.0393
2019-06-28 08:06:59 INFO  EsWriterTest:60 - indexName:foo-1970-01-01.0393
2019-06-28 08:06:59 DEBUG EsWriter:203 - constructIndexName from rolls per day = 1440 gives: foo-1970-01-01.0394
2019-06-28 08:06:59 DEBUG EsWriter:203 - constructIndexName from rolls per day = 1440 gives: foo-1970-01-01.0394
2019-06-28 08:06:59 INFO  EsWriterTest:60 - indexName:foo-1970-01-01.0394
2019-06-28 08:06:59 INFO  EsWriterTest:60 - indexName:foo-1970-01-01.0394
2019-06-28 08:06:59 DEBUG EsWriter:203 - constructIndexName from rolls per day = 1440 gives: foo-1970-01-01.0395
2019-06-28 08:06:59 DEBUG EsWriter:203 - constructIndexName from rolls per day = 1440 gives: foo-1970-01-01.0395
2019-06-28 08:06:59 INFO  EsWriterTest:60 - indexName:foo-1970-01-01.0395
2019-06-28 08:06:59 INFO  EsWriterTest:60 - indexName:foo-1970-01-01.0395
2019-06-28 08:06:59 DEBUG EsWriter:203 - constructIndexName from rolls per day = 1440 gives: foo-1970-01-01.0396
2019-06-28 08:06:59 DEBUG EsWriter:203 - constructIndexName from rolls per day = 1440 gives: foo-1970-01-01.0396
2019-06-28 08:06:59 INFO  EsWriterTest:60 - indexName:foo-1970-01-01.0396
2019-06-28 08:06:59 INFO  EsWriterTest:60 - indexName:foo-1970-01-01.0396
2019-06-28 08:06:59 DEBUG EsWriter:203 - constructIndexName from rolls per day = 1440 gives: foo-1970-01-01.0397
2019-06-28 08:06:59 DEBUG EsWriter:203 - constructIndexName from rolls per day = 1440 gives: foo-1970-01-01.0397
2019-06-28 08:06:59 INFO  EsWriterTest:60 - indexName:foo-1970-01-01.0397
2019-06-28 08:06:59 INFO  EsWriterTest:60 - indexName:foo-1970-01-01.0397
2019-06-28 08:06:59 DEBUG EsWriter:203 - constructIndexName from rolls per day = 1440 gives: foo-1970-01-01.0398
2019-06-28 08:06:59 DEBUG EsWriter:203 - constructIndexName from rolls per day = 1440 gives: foo-1970-01-01.0398
2019-06-28 08:06:59 INFO  EsWriterTest:60 - indexName:foo-1970-01-01.0398
2019-06-28 08:06:59 INFO  EsWriterTest:60 - indexName:foo-1970-01-01.0398
2019-06-28 08:06:59 DEBUG EsWriter:203 - constructIndexName from rolls per day = 1440 gives: foo-1970-01-01.0399
2019-06-28 08:06:59 DEBUG EsWriter:203 - constructIndexName from rolls per day = 1440 gives: foo-1970-01-01.0399
2019-06-28 08:06:59 INFO  EsWriterTest:60 - indexName:foo-1970-01-01.0399
2019-06-28 08:06:59 INFO  EsWriterTest:60 - indexName:foo-1970-01-01.0399
2019-06-28 08:06:59 DEBUG EsWriter:203 - constructIndexName from rolls per day = 1440 gives: foo-1970-01-01.0400
2019-06-28 08:06:59 DEBUG EsWriter:203 - constructIndexName from rolls per day = 1440 gives: foo-1970-01-01.0400
2019-06-28 08:06:59 INFO  EsWriterTest:60 - indexName:foo-1970-01-01.0400
2019-06-28 08:06:59 INFO  EsWriterTest:60 - indexName:foo-1970-01-01.0400
2019-06-28 08:06:59 DEBUG EsWriter:203 - constructIndexName from rolls per day = 1440 gives: foo-1970-01-01.0401
2019-06-28 08:06:59 DEBUG EsWriter:203 - constructIndexName from rolls per day = 1440 gives: foo-1970-01-01.0401
2019-06-28 08:06:59 INFO  EsWriterTest:60 - indexName:foo-1970-01-01.0401
2019-06-28 08:06:59 INFO  EsWriterTest:60 - indexName:foo-1970-01-01.0401
2019-06-28 08:06:59 DEBUG EsWriter:203 - constructIndexName from rolls per day = 1440 gives: foo-1970-01-01.0402
2019-06-28 08:06:59 DEBUG EsWriter:203 - constructIndexName from rolls per day = 1440 gives: foo-1970-01-01.0402
2019-06-28 08:06:59 INFO  EsWriterTest:60 - indexName:foo-1970-01-01.0402
2019-06-28 08:06:59 INFO  EsWriterTest:60 - indexName:foo-1970-01-01.0402
2019-06-28 08:06:59 DEBUG EsWriter:203 - constructIndexName from rolls per day = 1440 gives: foo-1970-01-01.0403
2019-06-28 08:06:59 DEBUG EsWriter:203 - constructIndexName from rolls per day = 1440 gives: foo-1970-01-01.0403
2019-06-28 08:06:59 INFO  EsWriterTest:60 - indexName:foo-1970-01-01.0403
2019-06-28 08:06:59 INFO  EsWriterTest:60 - indexName:foo-1970-01-01.0403
2019-06-28 08:06:59 DEBUG EsWriter:203 - constructIndexName from rolls per day = 1440 gives: foo-1970-01-01.0404
2019-06-28 08:06:59 DEBUG EsWriter:203 - constructIndexName from rolls per day = 1440 gives: foo-1970-01-01.0404
2019-06-28 08:06:59 INFO  EsWriterTest:60 - indexName:foo-1970-01-01.0404
2019-06-28 08:06:59 INFO  EsWriterTest:60 - indexName:foo-1970-01-01.0404
2019-06-28 08:06:59 DEBUG EsWriter:203 - constructIndexName from rolls per day = 1440 gives: foo-1970-01-01.0405
2019-06-28 08:06:59 DEBUG EsWriter:203 - constructIndexName from rolls per day = 1440 gives: foo-1970-01-01.0405
2019-06-28 08:06:59 INFO  EsWriterTest:60 - indexName:foo-1970-01-01.0405
2019-06-28 08:06:59 INFO  EsWriterTest:60 - indexName:foo-1970-01-01.0405
2019-06-28 08:06:59 DEBUG EsWriter:203 - constructIndexName from rolls per day = 1440 gives: foo-1970-01-01.0406
2019-06-28 08:06:59 DEBUG EsWriter:203 - constructIndexName from rolls per day = 1440 gives: foo-1970-01-01.0406
2019-06-28 08:06:59 INFO  EsWriterTest:60 - indexName:foo-1970-01-01.0406
2019-06-28 08:06:59 INFO  EsWriterTest:60 - indexName:foo-1970-01-01.0406
2019-06-28 08:06:59 DEBUG EsWriter:203 - constructIndexName from rolls per day = 1440 gives: foo-1970-01-01.0407
2019-06-28 08:06:59 DEBUG EsWriter:203 - constructIndexName from rolls per day = 1440 gives: foo-1970-01-01.0407
2019-06-28 08:06:59 INFO  EsWriterTest:60 - indexName:foo-1970-01-01.0407
2019-06-28 08:06:59 INFO  EsWriterTest:60 - indexName:foo-1970-01-01.0407
2019-06-28 08:06:59 DEBUG EsWriter:203 - constructIndexName from rolls per day = 1440 gives: foo-1970-01-01.0408
2019-06-28 08:06:59 DEBUG EsWriter:203 - constructIndexName from rolls per day = 1440 gives: foo-1970-01-01.0408
2019-06-28 08:06:59 INFO  EsWriterTest:60 - indexName:foo-1970-01-01.0408
2019-06-28 08:06:59 INFO  EsWriterTest:60 - indexName:foo-1970-01-01.0408
2019-06-28 08:06:59 DEBUG EsWriter:203 - constructIndexName from rolls per day = 1440 gives: foo-1970-01-01.0409
2019-06-28 08:06:59 DEBUG EsWriter:203 - constructIndexName from rolls per day = 1440 gives: foo-1970-01-01.0409
2019-06-28 08:06:59 INFO  EsWriterTest:60 - indexName:foo-1970-01-01.0409
2019-06-28 08:06:59 INFO  EsWriterTest:60 - indexName:foo-1970-01-01.0409
2019-06-28 08:06:59 DEBUG EsWriter:203 - constructIndexName from rolls per day = 1440 gives: foo-1970-01-01.0410
2019-06-28 08:06:59 DEBUG EsWriter:203 - constructIndexName from rolls per day = 1440 gives: foo-1970-01-01.0410
2019-06-28 08:06:59 INFO  EsWriterTest:60 - indexName:foo-1970-01-01.0410
2019-06-28 08:06:59 INFO  EsWriterTest:60 - indexName:foo-1970-01-01.0410
2019-06-28 08:06:59 DEBUG EsWriter:203 - constructIndexName from rolls per day = 1440 gives: foo-1970-01-01.0411
2019-06-28 08:06:59 DEBUG EsWriter:203 - constructIndexName from rolls per day = 1440 gives: foo-1970-01-01.0411
2019-06-28 08:06:59 INFO  EsWriterTest:60 - indexName:foo-1970-01-01.0411
2019-06-28 08:06:59 INFO  EsWriterTest:60 - indexName:foo-1970-01-01.0411
2019-06-28 08:06:59 DEBUG EsWriter:203 - constructIndexName from rolls per day = 1440 gives: foo-1970-01-01.0412
2019-06-28 08:06:59 DEBUG EsWriter:203 - constructIndexName from rolls per day = 1440 gives: foo-1970-01-01.0412
2019-06-28 08:06:59 INFO  EsWriterTest:60 - indexName:foo-1970-01-01.0412
2019-06-28 08:06:59 INFO  EsWriterTest:60 - indexName:foo-1970-01-01.0412
2019-06-28 08:06:59 DEBUG EsWriter:203 - constructIndexName from rolls per day = 1440 gives: foo-1970-01-01.0413
2019-06-28 08:06:59 DEBUG EsWriter:203 - constructIndexName from rolls per day = 1440 gives: foo-1970-01-01.0413
2019-06-28 08:06:59 INFO  EsWriterTest:60 - indexName:foo-1970-01-01.0413
2019-06-28 08:06:59 INFO  EsWriterTest:60 - indexName:foo-1970-01-01.0413
2019-06-28 08:06:59 DEBUG EsWriter:203 - constructIndexName from rolls per day = 1440 gives: foo-1970-01-01.0414
2019-06-28 08:06:59 DEBUG EsWriter:203 - constructIndexName from rolls per day = 1440 gives: foo-1970-01-01.0414
2019-06-28 08:06:59 INFO  EsWriterTest:60 - indexName:foo-1970-01-01.0414
2019-06-28 08:06:59 INFO  EsWriterTest:60 - indexName:foo-1970-01-01.0414
2019-06-28 08:06:59 DEBUG EsWriter:203 - constructIndexName from rolls per day = 1440 gives: foo-1970-01-01.0415
2019-06-28 08:06:59 DEBUG EsWriter:203 - constructIndexName from rolls per day = 1440 gives: foo-1970-01-01.0415
2019-06-28 08:06:59 INFO  EsWriterTest:60 - indexName:foo-1970-01-01.0415
2019-06-28 08:06:59 INFO  EsWriterTest:60 - indexName:foo-1970-01-01.0415
2019-06-28 08:06:59 DEBUG EsWriter:203 - constructIndexName from rolls per day = 1440 gives: foo-1970-01-01.0416
2019-06-28 08:06:59 DEBUG EsWriter:203 - constructIndexName from rolls per day = 1440 gives: foo-1970-01-01.0416
2019-06-28 08:06:59 INFO  EsWriterTest:60 - indexName:foo-1970-01-01.0416
2019-06-28 08:06:59 INFO  EsWriterTest:60 - indexName:foo-1970-01-01.0416
2019-06-28 08:06:59 DEBUG EsWriter:203 - constructIndexName from rolls per day = 1440 gives: foo-1970-01-01.0417
2019-06-28 08:06:59 DEBUG EsWriter:203 - constructIndexName from rolls per day = 1440 gives: foo-1970-01-01.0417
2019-06-28 08:06:59 INFO  EsWriterTest:60 - indexName:foo-1970-01-01.0417
2019-06-28 08:06:59 INFO  EsWriterTest:60 - indexName:foo-1970-01-01.0417
2019-06-28 08:06:59 DEBUG EsWriter:203 - constructIndexName from rolls per day = 1440 gives: foo-1970-01-01.0418
2019-06-28 08:06:59 DEBUG EsWriter:203 - constructIndexName from rolls per day = 1440 gives: foo-1970-01-01.0418
2019-06-28 08:06:59 INFO  EsWriterTest:60 - indexName:foo-1970-01-01.0418
2019-06-28 08:06:59 INFO  EsWriterTest:60 - indexName:foo-1970-01-01.0418
2019-06-28 08:06:59 DEBUG EsWriter:203 - constructIndexName from rolls per day = 1440 gives: foo-1970-01-01.0419
2019-06-28 08:06:59 DEBUG EsWriter:203 - constructIndexName from rolls per day = 1440 gives: foo-1970-01-01.0419
2019-06-28 08:06:59 INFO  EsWriterTest:60 - indexName:foo-1970-01-01.0419
2019-06-28 08:06:59 INFO  EsWriterTest:60 - indexName:foo-1970-01-01.0419
2019-06-28 08:06:59 DEBUG EsWriter:203 - constructIndexName from rolls per day = 1440 gives: foo-1970-01-01.0420
2019-06-28 08:06:59 DEBUG EsWriter:203 - constructIndexName from rolls per day = 1440 gives: foo-1970-01-01.0420
2019-06-28 08:06:59 INFO  EsWriterTest:60 - indexName:foo-1970-01-01.0420
2019-06-28 08:06:59 INFO  EsWriterTest:60 - indexName:foo-1970-01-01.0420
2019-06-28 08:06:59 DEBUG EsWriter:203 - constructIndexName from rolls per day = 1440 gives: foo-1970-01-01.0421
2019-06-28 08:06:59 DEBUG EsWriter:203 - constructIndexName from rolls per day = 1440 gives: foo-1970-01-01.0421
2019-06-28 08:06:59 INFO  EsWriterTest:60 - indexName:foo-1970-01-01.0421
2019-06-28 08:06:59 INFO  EsWriterTest:60 - indexName:foo-1970-01-01.0421
2019-06-28 08:06:59 DEBUG EsWriter:203 - constructIndexName from rolls per day = 1440 gives: foo-1970-01-01.0422
2019-06-28 08:06:59 DEBUG EsWriter:203 - constructIndexName from rolls per day = 1440 gives: foo-1970-01-01.0422
2019-06-28 08:06:59 INFO  EsWriterTest:60 - indexName:foo-1970-01-01.0422
2019-06-28 08:06:59 INFO  EsWriterTest:60 - indexName:foo-1970-01-01.0422
2019-06-28 08:06:59 DEBUG EsWriter:203 - constructIndexName from rolls per day = 1440 gives: foo-1970-01-01.0423
2019-06-28 08:06:59 DEBUG EsWriter:203 - constructIndexName from rolls per day = 1440 gives: foo-1970-01-01.0423
2019-06-28 08:06:59 INFO  EsWriterTest:60 - indexName:foo-1970-01-01.0423
2019-06-28 08:06:59 INFO  EsWriterTest:60 - indexName:foo-1970-01-01.0423
2019-06-28 08:06:59 DEBUG EsWriter:203 - constructIndexName from rolls per day = 1440 gives: foo-1970-01-01.0424
2019-06-28 08:06:59 DEBUG EsWriter:203 - constructIndexName from rolls per day = 1440 gives: foo-1970-01-01.0424
2019-06-28 08:06:59 INFO  EsWriterTest:60 - indexName:foo-1970-01-01.0424
2019-06-28 08:06:59 INFO  EsWriterTest:60 - indexName:foo-1970-01-01.0424
2019-06-28 08:06:59 DEBUG EsWriter:203 - constructIndexName from rolls per day = 1440 gives: foo-1970-01-01.0425
2019-06-28 08:06:59 DEBUG EsWriter:203 - constructIndexName from rolls per day = 1440 gives: foo-1970-01-01.0425
2019-06-28 08:06:59 INFO  EsWriterTest:60 - indexName:foo-1970-01-01.0425
2019-06-28 08:06:59 INFO  EsWriterTest:60 - indexName:foo-1970-01-01.0425
2019-06-28 08:06:59 DEBUG EsWriter:203 - constructIndexName from rolls per day = 1440 gives: foo-1970-01-01.0426
2019-06-28 08:06:59 DEBUG EsWriter:203 - constructIndexName from rolls per day = 1440 gives: foo-1970-01-01.0426
2019-06-28 08:06:59 INFO  EsWriterTest:60 - indexName:foo-1970-01-01.0426
2019-06-28 08:06:59 INFO  EsWriterTest:60 - indexName:foo-1970-01-01.0426
2019-06-28 08:06:59 DEBUG EsWriter:203 - constructIndexName from rolls per day = 1440 gives: foo-1970-01-01.0427
2019-06-28 08:06:59 DEBUG EsWriter:203 - constructIndexName from rolls per day = 1440 gives: foo-1970-01-01.0427
2019-06-28 08:06:59 INFO  EsWriterTest:60 - indexName:foo-1970-01-01.0427
2019-06-28 08:06:59 INFO  EsWriterTest:60 - indexName:foo-1970-01-01.0427
2019-06-28 08:06:59 DEBUG EsWriter:203 - constructIndexName from rolls per day = 1440 gives: foo-1970-01-01.0428
2019-06-28 08:06:59 DEBUG EsWriter:203 - constructIndexName from rolls per day = 1440 gives: foo-1970-01-01.0428
2019-06-28 08:06:59 INFO  EsWriterTest:60 - indexName:foo-1970-01-01.0428
2019-06-28 08:06:59 INFO  EsWriterTest:60 - indexName:foo-1970-01-01.0428
2019-06-28 08:06:59 DEBUG EsWriter:203 - constructIndexName from rolls per day = 1440 gives: foo-1970-01-01.0429
2019-06-28 08:06:59 DEBUG EsWriter:203 - constructIndexName from rolls per day = 1440 gives: foo-1970-01-01.0429
2019-06-28 08:06:59 INFO  EsWriterTest:60 - indexName:foo-1970-01-01.0429
2019-06-28 08:06:59 INFO  EsWriterTest:60 - indexName:foo-1970-01-01.0429
2019-06-28 08:06:59 DEBUG EsWriter:203 - constructIndexName from rolls per day = 1440 gives: foo-1970-01-01.0430
2019-06-28 08:06:59 DEBUG EsWriter:203 - constructIndexName from rolls per day = 1440 gives: foo-1970-01-01.0430
2019-06-28 08:06:59 INFO  EsWriterTest:60 - indexName:foo-1970-01-01.0430
2019-06-28 08:06:59 INFO  EsWriterTest:60 - indexName:foo-1970-01-01.0430
2019-06-28 08:06:59 DEBUG EsWriter:203 - constructIndexName from rolls per day = 1440 gives: foo-1970-01-01.0431
2019-06-28 08:06:59 DEBUG EsWriter:203 - constructIndexName from rolls per day = 1440 gives: foo-1970-01-01.0431
2019-06-28 08:06:59 INFO  EsWriterTest:60 - indexName:foo-1970-01-01.0431
2019-06-28 08:06:59 INFO  EsWriterTest:60 - indexName:foo-1970-01-01.0431
2019-06-28 08:06:59 DEBUG EsWriter:203 - constructIndexName from rolls per day = 1440 gives: foo-1970-01-01.0432
2019-06-28 08:06:59 DEBUG EsWriter:203 - constructIndexName from rolls per day = 1440 gives: foo-1970-01-01.0432
2019-06-28 08:06:59 INFO  EsWriterTest:60 - indexName:foo-1970-01-01.0432
2019-06-28 08:06:59 INFO  EsWriterTest:60 - indexName:foo-1970-01-01.0432
2019-06-28 08:06:59 DEBUG EsWriter:203 - constructIndexName from rolls per day = 1440 gives: foo-1970-01-01.0433
2019-06-28 08:06:59 DEBUG EsWriter:203 - constructIndexName from rolls per day = 1440 gives: foo-1970-01-01.0433
2019-06-28 08:06:59 INFO  EsWriterTest:60 - indexName:foo-1970-01-01.0433
2019-06-28 08:06:59 INFO  EsWriterTest:60 - indexName:foo-1970-01-01.0433
2019-06-28 08:06:59 DEBUG EsWriter:203 - constructIndexName from rolls per day = 1440 gives: foo-1970-01-01.0434
2019-06-28 08:06:59 DEBUG EsWriter:203 - constructIndexName from rolls per day = 1440 gives: foo-1970-01-01.0434
2019-06-28 08:06:59 INFO  EsWriterTest:60 - indexName:foo-1970-01-01.0434
2019-06-28 08:06:59 INFO  EsWriterTest:60 - indexName:foo-1970-01-01.0434
2019-06-28 08:06:59 DEBUG EsWriter:203 - constructIndexName from rolls per day = 1440 gives: foo-1970-01-01.0435
2019-06-28 08:06:59 DEBUG EsWriter:203 - constructIndexName from rolls per day = 1440 gives: foo-1970-01-01.0435
2019-06-28 08:06:59 INFO  EsWriterTest:60 - indexName:foo-1970-01-01.0435
2019-06-28 08:06:59 INFO  EsWriterTest:60 - indexName:foo-1970-01-01.0435
2019-06-28 08:06:59 DEBUG EsWriter:203 - constructIndexName from rolls per day = 1440 gives: foo-1970-01-01.0436
2019-06-28 08:06:59 DEBUG EsWriter:203 - constructIndexName from rolls per day = 1440 gives: foo-1970-01-01.0436
2019-06-28 08:06:59 INFO  EsWriterTest:60 - indexName:foo-1970-01-01.0436
2019-06-28 08:06:59 INFO  EsWriterTest:60 - indexName:foo-1970-01-01.0436
2019-06-28 08:06:59 DEBUG EsWriter:203 - constructIndexName from rolls per day = 1440 gives: foo-1970-01-01.0437
2019-06-28 08:06:59 DEBUG EsWriter:203 - constructIndexName from rolls per day = 1440 gives: foo-1970-01-01.0437
2019-06-28 08:06:59 INFO  EsWriterTest:60 - indexName:foo-1970-01-01.0437
2019-06-28 08:06:59 INFO  EsWriterTest:60 - indexName:foo-1970-01-01.0437
2019-06-28 08:06:59 DEBUG EsWriter:203 - constructIndexName from rolls per day = 1440 gives: foo-1970-01-01.0438
2019-06-28 08:06:59 DEBUG EsWriter:203 - constructIndexName from rolls per day = 1440 gives: foo-1970-01-01.0438
2019-06-28 08:06:59 INFO  EsWriterTest:60 - indexName:foo-1970-01-01.0438
2019-06-28 08:06:59 INFO  EsWriterTest:60 - indexName:foo-1970-01-01.0438
2019-06-28 08:06:59 DEBUG EsWriter:203 - constructIndexName from rolls per day = 1440 gives: foo-1970-01-01.0439
2019-06-28 08:06:59 DEBUG EsWriter:203 - constructIndexName from rolls per day = 1440 gives: foo-1970-01-01.0439
2019-06-28 08:06:59 INFO  EsWriterTest:60 - indexName:foo-1970-01-01.0439
2019-06-28 08:06:59 INFO  EsWriterTest:60 - indexName:foo-1970-01-01.0439
2019-06-28 08:06:59 DEBUG EsWriter:203 - constructIndexName from rolls per day = 1440 gives: foo-1970-01-01.0440
2019-06-28 08:06:59 DEBUG EsWriter:203 - constructIndexName from rolls per day = 1440 gives: foo-1970-01-01.0440
2019-06-28 08:06:59 INFO  EsWriterTest:60 - indexName:foo-1970-01-01.0440
2019-06-28 08:06:59 INFO  EsWriterTest:60 - indexName:foo-1970-01-01.0440
2019-06-28 08:06:59 DEBUG EsWriter:203 - constructIndexName from rolls per day = 1440 gives: foo-1970-01-01.0441
2019-06-28 08:06:59 DEBUG EsWriter:203 - constructIndexName from rolls per day = 1440 gives: foo-1970-01-01.0441
2019-06-28 08:06:59 INFO  EsWriterTest:60 - indexName:foo-1970-01-01.0441
2019-06-28 08:06:59 INFO  EsWriterTest:60 - indexName:foo-1970-01-01.0441
2019-06-28 08:06:59 DEBUG EsWriter:203 - constructIndexName from rolls per day = 1440 gives: foo-1970-01-01.0442
2019-06-28 08:06:59 DEBUG EsWriter:203 - constructIndexName from rolls per day = 1440 gives: foo-1970-01-01.0442
2019-06-28 08:06:59 INFO  EsWriterTest:60 - indexName:foo-1970-01-01.0442
2019-06-28 08:06:59 INFO  EsWriterTest:60 - indexName:foo-1970-01-01.0442
2019-06-28 08:06:59 DEBUG EsWriter:203 - constructIndexName from rolls per day = 1440 gives: foo-1970-01-01.0443
2019-06-28 08:06:59 DEBUG EsWriter:203 - constructIndexName from rolls per day = 1440 gives: foo-1970-01-01.0443
2019-06-28 08:06:59 INFO  EsWriterTest:60 - indexName:foo-1970-01-01.0443
2019-06-28 08:06:59 INFO  EsWriterTest:60 - indexName:foo-1970-01-01.0443
2019-06-28 08:06:59 DEBUG EsWriter:203 - constructIndexName from rolls per day = 1440 gives: foo-1970-01-01.0444
2019-06-28 08:06:59 DEBUG EsWriter:203 - constructIndexName from rolls per day = 1440 gives: foo-1970-01-01.0444
2019-06-28 08:06:59 INFO  EsWriterTest:60 - indexName:foo-1970-01-01.0444
2019-06-28 08:06:59 INFO  EsWriterTest:60 - indexName:foo-1970-01-01.0444
2019-06-28 08:06:59 DEBUG EsWriter:203 - constructIndexName from rolls per day = 1440 gives: foo-1970-01-01.0445
2019-06-28 08:06:59 DEBUG EsWriter:203 - constructIndexName from rolls per day = 1440 gives: foo-1970-01-01.0445
2019-06-28 08:06:59 INFO  EsWriterTest:60 - indexName:foo-1970-01-01.0445
2019-06-28 08:06:59 INFO  EsWriterTest:60 - indexName:foo-1970-01-01.0445
2019-06-28 08:06:59 DEBUG EsWriter:203 - constructIndexName from rolls per day = 1440 gives: foo-1970-01-01.0446
2019-06-28 08:06:59 DEBUG EsWriter:203 - constructIndexName from rolls per day = 1440 gives: foo-1970-01-01.0446
2019-06-28 08:06:59 INFO  EsWriterTest:60 - indexName:foo-1970-01-01.0446
2019-06-28 08:06:59 INFO  EsWriterTest:60 - indexName:foo-1970-01-01.0446
2019-06-28 08:06:59 DEBUG EsWriter:203 - constructIndexName from rolls per day = 1440 gives: foo-1970-01-01.0447
2019-06-28 08:06:59 DEBUG EsWriter:203 - constructIndexName from rolls per day = 1440 gives: foo-1970-01-01.0447
2019-06-28 08:06:59 INFO  EsWriterTest:60 - indexName:foo-1970-01-01.0447
2019-06-28 08:06:59 INFO  EsWriterTest:60 - indexName:foo-1970-01-01.0447
2019-06-28 08:06:59 DEBUG EsWriter:203 - constructIndexName from rolls per day = 1440 gives: foo-1970-01-01.0448
2019-06-28 08:06:59 DEBUG EsWriter:203 - constructIndexName from rolls per day = 1440 gives: foo-1970-01-01.0448
2019-06-28 08:06:59 INFO  EsWriterTest:60 - indexName:foo-1970-01-01.0448
2019-06-28 08:06:59 INFO  EsWriterTest:60 - indexName:foo-1970-01-01.0448
2019-06-28 08:06:59 DEBUG EsWriter:203 - constructIndexName from rolls per day = 1440 gives: foo-1970-01-01.0449
2019-06-28 08:06:59 DEBUG EsWriter:203 - constructIndexName from rolls per day = 1440 gives: foo-1970-01-01.0449
2019-06-28 08:06:59 INFO  EsWriterTest:60 - indexName:foo-1970-01-01.0449
2019-06-28 08:06:59 INFO  EsWriterTest:60 - indexName:foo-1970-01-01.0449
2019-06-28 08:06:59 DEBUG EsWriter:203 - constructIndexName from rolls per day = 1440 gives: foo-1970-01-01.0450
2019-06-28 08:06:59 DEBUG EsWriter:203 - constructIndexName from rolls per day = 1440 gives: foo-1970-01-01.0450
2019-06-28 08:06:59 INFO  EsWriterTest:60 - indexName:foo-1970-01-01.0450
2019-06-28 08:06:59 INFO  EsWriterTest:60 - indexName:foo-1970-01-01.0450
2019-06-28 08:06:59 DEBUG EsWriter:203 - constructIndexName from rolls per day = 1440 gives: foo-1970-01-01.0451
2019-06-28 08:06:59 DEBUG EsWriter:203 - constructIndexName from rolls per day = 1440 gives: foo-1970-01-01.0451
2019-06-28 08:06:59 INFO  EsWriterTest:60 - indexName:foo-1970-01-01.0451
2019-06-28 08:06:59 INFO  EsWriterTest:60 - indexName:foo-1970-01-01.0451
2019-06-28 08:06:59 DEBUG EsWriter:203 - constructIndexName from rolls per day = 1440 gives: foo-1970-01-01.0452
2019-06-28 08:06:59 DEBUG EsWriter:203 - constructIndexName from rolls per day = 1440 gives: foo-1970-01-01.0452
2019-06-28 08:06:59 INFO  EsWriterTest:60 - indexName:foo-1970-01-01.0452
2019-06-28 08:06:59 INFO  EsWriterTest:60 - indexName:foo-1970-01-01.0452
2019-06-28 08:06:59 DEBUG EsWriter:203 - constructIndexName from rolls per day = 1440 gives: foo-1970-01-01.0453
2019-06-28 08:06:59 DEBUG EsWriter:203 - constructIndexName from rolls per day = 1440 gives: foo-1970-01-01.0453
2019-06-28 08:06:59 INFO  EsWriterTest:60 - indexName:foo-1970-01-01.0453
2019-06-28 08:06:59 INFO  EsWriterTest:60 - indexName:foo-1970-01-01.0453
2019-06-28 08:06:59 DEBUG EsWriter:203 - constructIndexName from rolls per day = 1440 gives: foo-1970-01-01.0454
2019-06-28 08:06:59 DEBUG EsWriter:203 - constructIndexName from rolls per day = 1440 gives: foo-1970-01-01.0454
2019-06-28 08:06:59 INFO  EsWriterTest:60 - indexName:foo-1970-01-01.0454
2019-06-28 08:06:59 INFO  EsWriterTest:60 - indexName:foo-1970-01-01.0454
2019-06-28 08:06:59 DEBUG EsWriter:203 - constructIndexName from rolls per day = 1440 gives: foo-1970-01-01.0455
2019-06-28 08:06:59 DEBUG EsWriter:203 - constructIndexName from rolls per day = 1440 gives: foo-1970-01-01.0455
2019-06-28 08:06:59 INFO  EsWriterTest:60 - indexName:foo-1970-01-01.0455
2019-06-28 08:06:59 INFO  EsWriterTest:60 - indexName:foo-1970-01-01.0455
2019-06-28 08:06:59 DEBUG EsWriter:203 - constructIndexName from rolls per day = 1440 gives: foo-1970-01-01.0456
2019-06-28 08:06:59 DEBUG EsWriter:203 - constructIndexName from rolls per day = 1440 gives: foo-1970-01-01.0456
2019-06-28 08:06:59 INFO  EsWriterTest:60 - indexName:foo-1970-01-01.0456
2019-06-28 08:06:59 INFO  EsWriterTest:60 - indexName:foo-1970-01-01.0456
2019-06-28 08:06:59 DEBUG EsWriter:203 - constructIndexName from rolls per day = 1440 gives: foo-1970-01-01.0457
2019-06-28 08:06:59 DEBUG EsWriter:203 - constructIndexName from rolls per day = 1440 gives: foo-1970-01-01.0457
2019-06-28 08:06:59 INFO  EsWriterTest:60 - indexName:foo-1970-01-01.0457
2019-06-28 08:06:59 INFO  EsWriterTest:60 - indexName:foo-1970-01-01.0457
2019-06-28 08:06:59 DEBUG EsWriter:203 - constructIndexName from rolls per day = 1440 gives: foo-1970-01-01.0458
2019-06-28 08:06:59 DEBUG EsWriter:203 - constructIndexName from rolls per day = 1440 gives: foo-1970-01-01.0458
2019-06-28 08:06:59 INFO  EsWriterTest:60 - indexName:foo-1970-01-01.0458
2019-06-28 08:06:59 INFO  EsWriterTest:60 - indexName:foo-1970-01-01.0458
2019-06-28 08:06:59 DEBUG EsWriter:203 - constructIndexName from rolls per day = 1440 gives: foo-1970-01-01.0459
2019-06-28 08:06:59 DEBUG EsWriter:203 - constructIndexName from rolls per day = 1440 gives: foo-1970-01-01.0459
2019-06-28 08:06:59 INFO  EsWriterTest:60 - indexName:foo-1970-01-01.0459
2019-06-28 08:06:59 INFO  EsWriterTest:60 - indexName:foo-1970-01-01.0459
2019-06-28 08:06:59 DEBUG EsWriter:203 - constructIndexName from rolls per day = 1440 gives: foo-1970-01-01.0460
2019-06-28 08:06:59 DEBUG EsWriter:203 - constructIndexName from rolls per day = 1440 gives: foo-1970-01-01.0460
2019-06-28 08:06:59 INFO  EsWriterTest:60 - indexName:foo-1970-01-01.0460
2019-06-28 08:06:59 INFO  EsWriterTest:60 - indexName:foo-1970-01-01.0460
2019-06-28 08:06:59 DEBUG EsWriter:203 - constructIndexName from rolls per day = 1440 gives: foo-1970-01-01.0461
2019-06-28 08:06:59 DEBUG EsWriter:203 - constructIndexName from rolls per day = 1440 gives: foo-1970-01-01.0461
2019-06-28 08:06:59 INFO  EsWriterTest:60 - indexName:foo-1970-01-01.0461
2019-06-28 08:06:59 INFO  EsWriterTest:60 - indexName:foo-1970-01-01.0461
2019-06-28 08:06:59 DEBUG EsWriter:203 - constructIndexName from rolls per day = 1440 gives: foo-1970-01-01.0462
2019-06-28 08:06:59 DEBUG EsWriter:203 - constructIndexName from rolls per day = 1440 gives: foo-1970-01-01.0462
2019-06-28 08:06:59 INFO  EsWriterTest:60 - indexName:foo-1970-01-01.0462
2019-06-28 08:06:59 INFO  EsWriterTest:60 - indexName:foo-1970-01-01.0462
2019-06-28 08:06:59 DEBUG EsWriter:203 - constructIndexName from rolls per day = 1440 gives: foo-1970-01-01.0463
2019-06-28 08:06:59 DEBUG EsWriter:203 - constructIndexName from rolls per day = 1440 gives: foo-1970-01-01.0463
2019-06-28 08:06:59 INFO  EsWriterTest:60 - indexName:foo-1970-01-01.0463
2019-06-28 08:06:59 INFO  EsWriterTest:60 - indexName:foo-1970-01-01.0463
2019-06-28 08:06:59 DEBUG EsWriter:203 - constructIndexName from rolls per day = 1440 gives: foo-1970-01-01.0464
2019-06-28 08:06:59 DEBUG EsWriter:203 - constructIndexName from rolls per day = 1440 gives: foo-1970-01-01.0464
2019-06-28 08:06:59 INFO  EsWriterTest:60 - indexName:foo-1970-01-01.0464
2019-06-28 08:06:59 INFO  EsWriterTest:60 - indexName:foo-1970-01-01.0464
2019-06-28 08:06:59 DEBUG EsWriter:203 - constructIndexName from rolls per day = 1440 gives: foo-1970-01-01.0465
2019-06-28 08:06:59 DEBUG EsWriter:203 - constructIndexName from rolls per day = 1440 gives: foo-1970-01-01.0465
2019-06-28 08:06:59 INFO  EsWriterTest:60 - indexName:foo-1970-01-01.0465
2019-06-28 08:06:59 INFO  EsWriterTest:60 - indexName:foo-1970-01-01.0465
2019-06-28 08:06:59 DEBUG EsWriter:203 - constructIndexName from rolls per day = 1440 gives: foo-1970-01-01.0466
2019-06-28 08:06:59 DEBUG EsWriter:203 - constructIndexName from rolls per day = 1440 gives: foo-1970-01-01.0466
2019-06-28 08:06:59 INFO  EsWriterTest:60 - indexName:foo-1970-01-01.0466
2019-06-28 08:06:59 INFO  EsWriterTest:60 - indexName:foo-1970-01-01.0466
2019-06-28 08:06:59 DEBUG EsWriter:203 - constructIndexName from rolls per day = 1440 gives: foo-1970-01-01.0467
2019-06-28 08:06:59 DEBUG EsWriter:203 - constructIndexName from rolls per day = 1440 gives: foo-1970-01-01.0467
2019-06-28 08:06:59 INFO  EsWriterTest:60 - indexName:foo-1970-01-01.0467
2019-06-28 08:06:59 INFO  EsWriterTest:60 - indexName:foo-1970-01-01.0467
2019-06-28 08:06:59 DEBUG EsWriter:203 - constructIndexName from rolls per day = 1440 gives: foo-1970-01-01.0468
2019-06-28 08:06:59 DEBUG EsWriter:203 - constructIndexName from rolls per day = 1440 gives: foo-1970-01-01.0468
2019-06-28 08:06:59 INFO  EsWriterTest:60 - indexName:foo-1970-01-01.0468
2019-06-28 08:06:59 INFO  EsWriterTest:60 - indexName:foo-1970-01-01.0468
2019-06-28 08:06:59 DEBUG EsWriter:203 - constructIndexName from rolls per day = 1440 gives: foo-1970-01-01.0469
2019-06-28 08:06:59 DEBUG EsWriter:203 - constructIndexName from rolls per day = 1440 gives: foo-1970-01-01.0469
2019-06-28 08:06:59 INFO  EsWriterTest:60 - indexName:foo-1970-01-01.0469
2019-06-28 08:06:59 INFO  EsWriterTest:60 - indexName:foo-1970-01-01.0469
2019-06-28 08:06:59 DEBUG EsWriter:203 - constructIndexName from rolls per day = 1440 gives: foo-1970-01-01.0470
2019-06-28 08:06:59 DEBUG EsWriter:203 - constructIndexName from rolls per day = 1440 gives: foo-1970-01-01.0470
2019-06-28 08:06:59 INFO  EsWriterTest:60 - indexName:foo-1970-01-01.0470
2019-06-28 08:06:59 INFO  EsWriterTest:60 - indexName:foo-1970-01-01.0470
2019-06-28 08:06:59 DEBUG EsWriter:203 - constructIndexName from rolls per day = 1440 gives: foo-1970-01-01.0471
2019-06-28 08:06:59 DEBUG EsWriter:203 - constructIndexName from rolls per day = 1440 gives: foo-1970-01-01.0471
2019-06-28 08:06:59 INFO  EsWriterTest:60 - indexName:foo-1970-01-01.0471
2019-06-28 08:06:59 INFO  EsWriterTest:60 - indexName:foo-1970-01-01.0471
2019-06-28 08:06:59 DEBUG EsWriter:203 - constructIndexName from rolls per day = 1440 gives: foo-1970-01-01.0472
2019-06-28 08:06:59 DEBUG EsWriter:203 - constructIndexName from rolls per day = 1440 gives: foo-1970-01-01.0472
2019-06-28 08:06:59 INFO  EsWriterTest:60 - indexName:foo-1970-01-01.0472
2019-06-28 08:06:59 INFO  EsWriterTest:60 - indexName:foo-1970-01-01.0472
2019-06-28 08:06:59 DEBUG EsWriter:203 - constructIndexName from rolls per day = 1440 gives: foo-1970-01-01.0473
2019-06-28 08:06:59 DEBUG EsWriter:203 - constructIndexName from rolls per day = 1440 gives: foo-1970-01-01.0473
2019-06-28 08:06:59 INFO  EsWriterTest:60 - indexName:foo-1970-01-01.0473
2019-06-28 08:06:59 INFO  EsWriterTest:60 - indexName:foo-1970-01-01.0473
2019-06-28 08:06:59 DEBUG EsWriter:203 - constructIndexName from rolls per day = 1440 gives: foo-1970-01-01.0474
2019-06-28 08:06:59 DEBUG EsWriter:203 - constructIndexName from rolls per day = 1440 gives: foo-1970-01-01.0474
2019-06-28 08:06:59 INFO  EsWriterTest:60 - indexName:foo-1970-01-01.0474
2019-06-28 08:06:59 INFO  EsWriterTest:60 - indexName:foo-1970-01-01.0474
2019-06-28 08:06:59 DEBUG EsWriter:203 - constructIndexName from rolls per day = 1440 gives: foo-1970-01-01.0475
2019-06-28 08:06:59 DEBUG EsWriter:203 - constructIndexName from rolls per day = 1440 gives: foo-1970-01-01.0475
2019-06-28 08:06:59 INFO  EsWriterTest:60 - indexName:foo-1970-01-01.0475
2019-06-28 08:06:59 INFO  EsWriterTest:60 - indexName:foo-1970-01-01.0475
2019-06-28 08:06:59 DEBUG EsWriter:203 - constructIndexName from rolls per day = 1440 gives: foo-1970-01-01.0476
2019-06-28 08:06:59 DEBUG EsWriter:203 - constructIndexName from rolls per day = 1440 gives: foo-1970-01-01.0476
2019-06-28 08:06:59 INFO  EsWriterTest:60 - indexName:foo-1970-01-01.0476
2019-06-28 08:06:59 INFO  EsWriterTest:60 - indexName:foo-1970-01-01.0476
2019-06-28 08:06:59 DEBUG EsWriter:203 - constructIndexName from rolls per day = 1440 gives: foo-1970-01-01.0477
2019-06-28 08:06:59 DEBUG EsWriter:203 - constructIndexName from rolls per day = 1440 gives: foo-1970-01-01.0477
2019-06-28 08:06:59 INFO  EsWriterTest:60 - indexName:foo-1970-01-01.0477
2019-06-28 08:06:59 INFO  EsWriterTest:60 - indexName:foo-1970-01-01.0477
2019-06-28 08:06:59 DEBUG EsWriter:203 - constructIndexName from rolls per day = 1440 gives: foo-1970-01-01.0478
2019-06-28 08:06:59 DEBUG EsWriter:203 - constructIndexName from rolls per day = 1440 gives: foo-1970-01-01.0478
2019-06-28 08:06:59 INFO  EsWriterTest:60 - indexName:foo-1970-01-01.0478
2019-06-28 08:06:59 INFO  EsWriterTest:60 - indexName:foo-1970-01-01.0478
2019-06-28 08:06:59 DEBUG EsWriter:203 - constructIndexName from rolls per day = 1440 gives: foo-1970-01-01.0479
2019-06-28 08:06:59 DEBUG EsWriter:203 - constructIndexName from rolls per day = 1440 gives: foo-1970-01-01.0479
2019-06-28 08:06:59 INFO  EsWriterTest:60 - indexName:foo-1970-01-01.0479
2019-06-28 08:06:59 INFO  EsWriterTest:60 - indexName:foo-1970-01-01.0479
2019-06-28 08:06:59 DEBUG EsWriter:203 - constructIndexName from rolls per day = 1440 gives: foo-1970-01-01.0480
2019-06-28 08:06:59 DEBUG EsWriter:203 - constructIndexName from rolls per day = 1440 gives: foo-1970-01-01.0480
2019-06-28 08:06:59 INFO  EsWriterTest:60 - indexName:foo-1970-01-01.0480
2019-06-28 08:06:59 INFO  EsWriterTest:60 - indexName:foo-1970-01-01.0480
2019-06-28 08:06:59 DEBUG EsWriter:203 - constructIndexName from rolls per day = 1440 gives: foo-1970-01-01.0481
2019-06-28 08:06:59 DEBUG EsWriter:203 - constructIndexName from rolls per day = 1440 gives: foo-1970-01-01.0481
2019-06-28 08:06:59 INFO  EsWriterTest:60 - indexName:foo-1970-01-01.0481
2019-06-28 08:06:59 INFO  EsWriterTest:60 - indexName:foo-1970-01-01.0481
2019-06-28 08:06:59 DEBUG EsWriter:203 - constructIndexName from rolls per day = 1440 gives: foo-1970-01-01.0482
2019-06-28 08:06:59 DEBUG EsWriter:203 - constructIndexName from rolls per day = 1440 gives: foo-1970-01-01.0482
2019-06-28 08:06:59 INFO  EsWriterTest:60 - indexName:foo-1970-01-01.0482
2019-06-28 08:06:59 INFO  EsWriterTest:60 - indexName:foo-1970-01-01.0482
2019-06-28 08:06:59 DEBUG EsWriter:203 - constructIndexName from rolls per day = 1440 gives: foo-1970-01-01.0483
2019-06-28 08:06:59 DEBUG EsWriter:203 - constructIndexName from rolls per day = 1440 gives: foo-1970-01-01.0483
2019-06-28 08:06:59 INFO  EsWriterTest:60 - indexName:foo-1970-01-01.0483
2019-06-28 08:06:59 INFO  EsWriterTest:60 - indexName:foo-1970-01-01.0483
2019-06-28 08:06:59 DEBUG EsWriter:203 - constructIndexName from rolls per day = 1440 gives: foo-1970-01-01.0484
2019-06-28 08:06:59 DEBUG EsWriter:203 - constructIndexName from rolls per day = 1440 gives: foo-1970-01-01.0484
2019-06-28 08:06:59 INFO  EsWriterTest:60 - indexName:foo-1970-01-01.0484
2019-06-28 08:06:59 INFO  EsWriterTest:60 - indexName:foo-1970-01-01.0484
2019-06-28 08:06:59 DEBUG EsWriter:203 - constructIndexName from rolls per day = 1440 gives: foo-1970-01-01.0485
2019-06-28 08:06:59 DEBUG EsWriter:203 - constructIndexName from rolls per day = 1440 gives: foo-1970-01-01.0485
2019-06-28 08:06:59 INFO  EsWriterTest:60 - indexName:foo-1970-01-01.0485
2019-06-28 08:06:59 INFO  EsWriterTest:60 - indexName:foo-1970-01-01.0485
2019-06-28 08:06:59 DEBUG EsWriter:203 - constructIndexName from rolls per day = 1440 gives: foo-1970-01-01.0486
2019-06-28 08:06:59 DEBUG EsWriter:203 - constructIndexName from rolls per day = 1440 gives: foo-1970-01-01.0486
2019-06-28 08:06:59 INFO  EsWriterTest:60 - indexName:foo-1970-01-01.0486
2019-06-28 08:06:59 INFO  EsWriterTest:60 - indexName:foo-1970-01-01.0486
2019-06-28 08:06:59 DEBUG EsWriter:203 - constructIndexName from rolls per day = 1440 gives: foo-1970-01-01.0487
2019-06-28 08:06:59 DEBUG EsWriter:203 - constructIndexName from rolls per day = 1440 gives: foo-1970-01-01.0487
2019-06-28 08:06:59 INFO  EsWriterTest:60 - indexName:foo-1970-01-01.0487
2019-06-28 08:06:59 INFO  EsWriterTest:60 - indexName:foo-1970-01-01.0487
2019-06-28 08:06:59 DEBUG EsWriter:203 - constructIndexName from rolls per day = 1440 gives: foo-1970-01-01.0488
2019-06-28 08:06:59 DEBUG EsWriter:203 - constructIndexName from rolls per day = 1440 gives: foo-1970-01-01.0488
2019-06-28 08:06:59 INFO  EsWriterTest:60 - indexName:foo-1970-01-01.0488
2019-06-28 08:06:59 INFO  EsWriterTest:60 - indexName:foo-1970-01-01.0488
2019-06-28 08:07:00 DEBUG EsWriter:203 - constructIndexName from rolls per day = 1440 gives: foo-1970-01-01.0489
2019-06-28 08:07:00 DEBUG EsWriter:203 - constructIndexName from rolls per day = 1440 gives: foo-1970-01-01.0489
2019-06-28 08:07:00 INFO  EsWriterTest:60 - indexName:foo-1970-01-01.0489
2019-06-28 08:07:00 INFO  EsWriterTest:60 - indexName:foo-1970-01-01.0489
2019-06-28 08:07:00 DEBUG EsWriter:203 - constructIndexName from rolls per day = 1440 gives: foo-1970-01-01.0490
2019-06-28 08:07:00 DEBUG EsWriter:203 - constructIndexName from rolls per day = 1440 gives: foo-1970-01-01.0490
2019-06-28 08:07:00 INFO  EsWriterTest:60 - indexName:foo-1970-01-01.0490
2019-06-28 08:07:00 INFO  EsWriterTest:60 - indexName:foo-1970-01-01.0490
2019-06-28 08:07:00 DEBUG EsWriter:203 - constructIndexName from rolls per day = 1440 gives: foo-1970-01-01.0491
2019-06-28 08:07:00 DEBUG EsWriter:203 - constructIndexName from rolls per day = 1440 gives: foo-1970-01-01.0491
2019-06-28 08:07:00 INFO  EsWriterTest:60 - indexName:foo-1970-01-01.0491
2019-06-28 08:07:00 INFO  EsWriterTest:60 - indexName:foo-1970-01-01.0491
2019-06-28 08:07:00 DEBUG EsWriter:203 - constructIndexName from rolls per day = 1440 gives: foo-1970-01-01.0492
2019-06-28 08:07:00 DEBUG EsWriter:203 - constructIndexName from rolls per day = 1440 gives: foo-1970-01-01.0492
2019-06-28 08:07:00 INFO  EsWriterTest:60 - indexName:foo-1970-01-01.0492
2019-06-28 08:07:00 INFO  EsWriterTest:60 - indexName:foo-1970-01-01.0492
2019-06-28 08:07:00 DEBUG EsWriter:203 - constructIndexName from rolls per day = 1440 gives: foo-1970-01-01.0493
2019-06-28 08:07:00 DEBUG EsWriter:203 - constructIndexName from rolls per day = 1440 gives: foo-1970-01-01.0493
2019-06-28 08:07:00 INFO  EsWriterTest:60 - indexName:foo-1970-01-01.0493
2019-06-28 08:07:00 INFO  EsWriterTest:60 - indexName:foo-1970-01-01.0493
2019-06-28 08:07:00 DEBUG EsWriter:203 - constructIndexName from rolls per day = 1440 gives: foo-1970-01-01.0494
2019-06-28 08:07:00 DEBUG EsWriter:203 - constructIndexName from rolls per day = 1440 gives: foo-1970-01-01.0494
2019-06-28 08:07:00 INFO  EsWriterTest:60 - indexName:foo-1970-01-01.0494
2019-06-28 08:07:00 INFO  EsWriterTest:60 - indexName:foo-1970-01-01.0494
2019-06-28 08:07:00 DEBUG EsWriter:203 - constructIndexName from rolls per day = 1440 gives: foo-1970-01-01.0495
2019-06-28 08:07:00 DEBUG EsWriter:203 - constructIndexName from rolls per day = 1440 gives: foo-1970-01-01.0495
2019-06-28 08:07:00 INFO  EsWriterTest:60 - indexName:foo-1970-01-01.0495
2019-06-28 08:07:00 INFO  EsWriterTest:60 - indexName:foo-1970-01-01.0495
2019-06-28 08:07:00 DEBUG EsWriter:203 - constructIndexName from rolls per day = 1440 gives: foo-1970-01-01.0496
2019-06-28 08:07:00 DEBUG EsWriter:203 - constructIndexName from rolls per day = 1440 gives: foo-1970-01-01.0496
2019-06-28 08:07:00 INFO  EsWriterTest:60 - indexName:foo-1970-01-01.0496
2019-06-28 08:07:00 INFO  EsWriterTest:60 - indexName:foo-1970-01-01.0496
2019-06-28 08:07:00 DEBUG EsWriter:203 - constructIndexName from rolls per day = 1440 gives: foo-1970-01-01.0497
2019-06-28 08:07:00 DEBUG EsWriter:203 - constructIndexName from rolls per day = 1440 gives: foo-1970-01-01.0497
2019-06-28 08:07:00 INFO  EsWriterTest:60 - indexName:foo-1970-01-01.0497
2019-06-28 08:07:00 INFO  EsWriterTest:60 - indexName:foo-1970-01-01.0497
2019-06-28 08:07:00 DEBUG EsWriter:203 - constructIndexName from rolls per day = 1440 gives: foo-1970-01-01.0498
2019-06-28 08:07:00 DEBUG EsWriter:203 - constructIndexName from rolls per day = 1440 gives: foo-1970-01-01.0498
2019-06-28 08:07:00 INFO  EsWriterTest:60 - indexName:foo-1970-01-01.0498
2019-06-28 08:07:00 INFO  EsWriterTest:60 - indexName:foo-1970-01-01.0498
2019-06-28 08:07:00 DEBUG EsWriter:203 - constructIndexName from rolls per day = 1440 gives: foo-1970-01-01.0499
2019-06-28 08:07:00 DEBUG EsWriter:203 - constructIndexName from rolls per day = 1440 gives: foo-1970-01-01.0499
2019-06-28 08:07:00 INFO  EsWriterTest:60 - indexName:foo-1970-01-01.0499
2019-06-28 08:07:00 INFO  EsWriterTest:60 - indexName:foo-1970-01-01.0499
2019-06-28 08:07:00 DEBUG EsWriter:203 - constructIndexName from rolls per day = 1440 gives: foo-1970-01-01.0500
2019-06-28 08:07:00 DEBUG EsWriter:203 - constructIndexName from rolls per day = 1440 gives: foo-1970-01-01.0500
2019-06-28 08:07:00 INFO  EsWriterTest:60 - indexName:foo-1970-01-01.0500
2019-06-28 08:07:00 INFO  EsWriterTest:60 - indexName:foo-1970-01-01.0500
2019-06-28 08:07:00 DEBUG EsWriter:203 - constructIndexName from rolls per day = 1440 gives: foo-1970-01-01.0501
2019-06-28 08:07:00 DEBUG EsWriter:203 - constructIndexName from rolls per day = 1440 gives: foo-1970-01-01.0501
2019-06-28 08:07:00 INFO  EsWriterTest:60 - indexName:foo-1970-01-01.0501
2019-06-28 08:07:00 INFO  EsWriterTest:60 - indexName:foo-1970-01-01.0501
2019-06-28 08:07:00 DEBUG EsWriter:203 - constructIndexName from rolls per day = 1440 gives: foo-1970-01-01.0502
2019-06-28 08:07:00 DEBUG EsWriter:203 - constructIndexName from rolls per day = 1440 gives: foo-1970-01-01.0502
2019-06-28 08:07:00 INFO  EsWriterTest:60 - indexName:foo-1970-01-01.0502
2019-06-28 08:07:00 INFO  EsWriterTest:60 - indexName:foo-1970-01-01.0502
2019-06-28 08:07:00 DEBUG EsWriter:203 - constructIndexName from rolls per day = 1440 gives: foo-1970-01-01.0503
2019-06-28 08:07:00 DEBUG EsWriter:203 - constructIndexName from rolls per day = 1440 gives: foo-1970-01-01.0503
2019-06-28 08:07:00 INFO  EsWriterTest:60 - indexName:foo-1970-01-01.0503
2019-06-28 08:07:00 INFO  EsWriterTest:60 - indexName:foo-1970-01-01.0503
2019-06-28 08:07:00 DEBUG EsWriter:203 - constructIndexName from rolls per day = 1440 gives: foo-1970-01-01.0504
2019-06-28 08:07:00 DEBUG EsWriter:203 - constructIndexName from rolls per day = 1440 gives: foo-1970-01-01.0504
2019-06-28 08:07:00 INFO  EsWriterTest:60 - indexName:foo-1970-01-01.0504
2019-06-28 08:07:00 INFO  EsWriterTest:60 - indexName:foo-1970-01-01.0504
2019-06-28 08:07:00 DEBUG EsWriter:203 - constructIndexName from rolls per day = 1440 gives: foo-1970-01-01.0505
2019-06-28 08:07:00 DEBUG EsWriter:203 - constructIndexName from rolls per day = 1440 gives: foo-1970-01-01.0505
2019-06-28 08:07:00 INFO  EsWriterTest:60 - indexName:foo-1970-01-01.0505
2019-06-28 08:07:00 INFO  EsWriterTest:60 - indexName:foo-1970-01-01.0505
2019-06-28 08:07:00 DEBUG EsWriter:203 - constructIndexName from rolls per day = 1440 gives: foo-1970-01-01.0506
2019-06-28 08:07:00 DEBUG EsWriter:203 - constructIndexName from rolls per day = 1440 gives: foo-1970-01-01.0506
2019-06-28 08:07:00 INFO  EsWriterTest:60 - indexName:foo-1970-01-01.0506
2019-06-28 08:07:00 INFO  EsWriterTest:60 - indexName:foo-1970-01-01.0506
2019-06-28 08:07:00 DEBUG EsWriter:203 - constructIndexName from rolls per day = 1440 gives: foo-1970-01-01.0507
2019-06-28 08:07:00 DEBUG EsWriter:203 - constructIndexName from rolls per day = 1440 gives: foo-1970-01-01.0507
2019-06-28 08:07:00 INFO  EsWriterTest:60 - indexName:foo-1970-01-01.0507
2019-06-28 08:07:00 INFO  EsWriterTest:60 - indexName:foo-1970-01-01.0507
2019-06-28 08:07:00 DEBUG EsWriter:203 - constructIndexName from rolls per day = 1440 gives: foo-1970-01-01.0508
2019-06-28 08:07:00 DEBUG EsWriter:203 - constructIndexName from rolls per day = 1440 gives: foo-1970-01-01.0508
2019-06-28 08:07:00 INFO  EsWriterTest:60 - indexName:foo-1970-01-01.0508
2019-06-28 08:07:00 INFO  EsWriterTest:60 - indexName:foo-1970-01-01.0508
2019-06-28 08:07:00 DEBUG EsWriter:203 - constructIndexName from rolls per day = 1440 gives: foo-1970-01-01.0509
2019-06-28 08:07:00 DEBUG EsWriter:203 - constructIndexName from rolls per day = 1440 gives: foo-1970-01-01.0509
2019-06-28 08:07:00 INFO  EsWriterTest:60 - indexName:foo-1970-01-01.0509
2019-06-28 08:07:00 INFO  EsWriterTest:60 - indexName:foo-1970-01-01.0509
2019-06-28 08:07:00 DEBUG EsWriter:203 - constructIndexName from rolls per day = 1440 gives: foo-1970-01-01.0510
2019-06-28 08:07:00 DEBUG EsWriter:203 - constructIndexName from rolls per day = 1440 gives: foo-1970-01-01.0510
2019-06-28 08:07:00 INFO  EsWriterTest:60 - indexName:foo-1970-01-01.0510
2019-06-28 08:07:00 INFO  EsWriterTest:60 - indexName:foo-1970-01-01.0510
2019-06-28 08:07:00 DEBUG EsWriter:203 - constructIndexName from rolls per day = 1440 gives: foo-1970-01-01.0511
2019-06-28 08:07:00 DEBUG EsWriter:203 - constructIndexName from rolls per day = 1440 gives: foo-1970-01-01.0511
2019-06-28 08:07:00 INFO  EsWriterTest:60 - indexName:foo-1970-01-01.0511
2019-06-28 08:07:00 INFO  EsWriterTest:60 - indexName:foo-1970-01-01.0511
2019-06-28 08:07:00 DEBUG EsWriter:203 - constructIndexName from rolls per day = 1440 gives: foo-1970-01-01.0512
2019-06-28 08:07:00 DEBUG EsWriter:203 - constructIndexName from rolls per day = 1440 gives: foo-1970-01-01.0512
2019-06-28 08:07:00 INFO  EsWriterTest:60 - indexName:foo-1970-01-01.0512
2019-06-28 08:07:00 INFO  EsWriterTest:60 - indexName:foo-1970-01-01.0512
2019-06-28 08:07:00 DEBUG EsWriter:203 - constructIndexName from rolls per day = 1440 gives: foo-1970-01-01.0513
2019-06-28 08:07:00 DEBUG EsWriter:203 - constructIndexName from rolls per day = 1440 gives: foo-1970-01-01.0513
2019-06-28 08:07:00 INFO  EsWriterTest:60 - indexName:foo-1970-01-01.0513
2019-06-28 08:07:00 INFO  EsWriterTest:60 - indexName:foo-1970-01-01.0513
2019-06-28 08:07:00 DEBUG EsWriter:203 - constructIndexName from rolls per day = 1440 gives: foo-1970-01-01.0514
2019-06-28 08:07:00 DEBUG EsWriter:203 - constructIndexName from rolls per day = 1440 gives: foo-1970-01-01.0514
2019-06-28 08:07:00 INFO  EsWriterTest:60 - indexName:foo-1970-01-01.0514
2019-06-28 08:07:00 INFO  EsWriterTest:60 - indexName:foo-1970-01-01.0514
2019-06-28 08:07:00 DEBUG EsWriter:203 - constructIndexName from rolls per day = 1440 gives: foo-1970-01-01.0515
2019-06-28 08:07:00 DEBUG EsWriter:203 - constructIndexName from rolls per day = 1440 gives: foo-1970-01-01.0515
2019-06-28 08:07:00 INFO  EsWriterTest:60 - indexName:foo-1970-01-01.0515
2019-06-28 08:07:00 INFO  EsWriterTest:60 - indexName:foo-1970-01-01.0515
2019-06-28 08:07:00 DEBUG EsWriter:203 - constructIndexName from rolls per day = 1440 gives: foo-1970-01-01.0516
2019-06-28 08:07:00 DEBUG EsWriter:203 - constructIndexName from rolls per day = 1440 gives: foo-1970-01-01.0516
2019-06-28 08:07:00 INFO  EsWriterTest:60 - indexName:foo-1970-01-01.0516
2019-06-28 08:07:00 INFO  EsWriterTest:60 - indexName:foo-1970-01-01.0516
2019-06-28 08:07:00 DEBUG EsWriter:203 - constructIndexName from rolls per day = 1440 gives: foo-1970-01-01.0517
2019-06-28 08:07:00 DEBUG EsWriter:203 - constructIndexName from rolls per day = 1440 gives: foo-1970-01-01.0517
2019-06-28 08:07:00 INFO  EsWriterTest:60 - indexName:foo-1970-01-01.0517
2019-06-28 08:07:00 INFO  EsWriterTest:60 - indexName:foo-1970-01-01.0517
2019-06-28 08:07:00 DEBUG EsWriter:203 - constructIndexName from rolls per day = 1440 gives: foo-1970-01-01.0518
2019-06-28 08:07:00 DEBUG EsWriter:203 - constructIndexName from rolls per day = 1440 gives: foo-1970-01-01.0518
2019-06-28 08:07:00 INFO  EsWriterTest:60 - indexName:foo-1970-01-01.0518
2019-06-28 08:07:00 INFO  EsWriterTest:60 - indexName:foo-1970-01-01.0518
2019-06-28 08:07:00 DEBUG EsWriter:203 - constructIndexName from rolls per day = 1440 gives: foo-1970-01-01.0519
2019-06-28 08:07:00 DEBUG EsWriter:203 - constructIndexName from rolls per day = 1440 gives: foo-1970-01-01.0519
2019-06-28 08:07:00 INFO  EsWriterTest:60 - indexName:foo-1970-01-01.0519
2019-06-28 08:07:00 INFO  EsWriterTest:60 - indexName:foo-1970-01-01.0519
2019-06-28 08:07:00 DEBUG EsWriter:203 - constructIndexName from rolls per day = 1440 gives: foo-1970-01-01.0520
2019-06-28 08:07:00 DEBUG EsWriter:203 - constructIndexName from rolls per day = 1440 gives: foo-1970-01-01.0520
2019-06-28 08:07:00 INFO  EsWriterTest:60 - indexName:foo-1970-01-01.0520
2019-06-28 08:07:00 INFO  EsWriterTest:60 - indexName:foo-1970-01-01.0520
2019-06-28 08:07:00 DEBUG EsWriter:203 - constructIndexName from rolls per day = 1440 gives: foo-1970-01-01.0521
2019-06-28 08:07:00 DEBUG EsWriter:203 - constructIndexName from rolls per day = 1440 gives: foo-1970-01-01.0521
2019-06-28 08:07:00 INFO  EsWriterTest:60 - indexName:foo-1970-01-01.0521
2019-06-28 08:07:00 INFO  EsWriterTest:60 - indexName:foo-1970-01-01.0521
2019-06-28 08:07:00 DEBUG EsWriter:203 - constructIndexName from rolls per day = 1440 gives: foo-1970-01-01.0522
2019-06-28 08:07:00 DEBUG EsWriter:203 - constructIndexName from rolls per day = 1440 gives: foo-1970-01-01.0522
2019-06-28 08:07:00 INFO  EsWriterTest:60 - indexName:foo-1970-01-01.0522
2019-06-28 08:07:00 INFO  EsWriterTest:60 - indexName:foo-1970-01-01.0522
2019-06-28 08:07:00 DEBUG EsWriter:203 - constructIndexName from rolls per day = 1440 gives: foo-1970-01-01.0523
2019-06-28 08:07:00 DEBUG EsWriter:203 - constructIndexName from rolls per day = 1440 gives: foo-1970-01-01.0523
2019-06-28 08:07:00 INFO  EsWriterTest:60 - indexName:foo-1970-01-01.0523
2019-06-28 08:07:00 INFO  EsWriterTest:60 - indexName:foo-1970-01-01.0523
2019-06-28 08:07:00 DEBUG EsWriter:203 - constructIndexName from rolls per day = 1440 gives: foo-1970-01-01.0524
2019-06-28 08:07:00 DEBUG EsWriter:203 - constructIndexName from rolls per day = 1440 gives: foo-1970-01-01.0524
2019-06-28 08:07:00 INFO  EsWriterTest:60 - indexName:foo-1970-01-01.0524
2019-06-28 08:07:00 INFO  EsWriterTest:60 - indexName:foo-1970-01-01.0524
2019-06-28 08:07:00 DEBUG EsWriter:203 - constructIndexName from rolls per day = 1440 gives: foo-1970-01-01.0525
2019-06-28 08:07:00 DEBUG EsWriter:203 - constructIndexName from rolls per day = 1440 gives: foo-1970-01-01.0525
2019-06-28 08:07:00 INFO  EsWriterTest:60 - indexName:foo-1970-01-01.0525
2019-06-28 08:07:00 INFO  EsWriterTest:60 - indexName:foo-1970-01-01.0525
2019-06-28 08:07:00 DEBUG EsWriter:203 - constructIndexName from rolls per day = 1440 gives: foo-1970-01-01.0526
2019-06-28 08:07:00 DEBUG EsWriter:203 - constructIndexName from rolls per day = 1440 gives: foo-1970-01-01.0526
2019-06-28 08:07:00 INFO  EsWriterTest:60 - indexName:foo-1970-01-01.0526
2019-06-28 08:07:00 INFO  EsWriterTest:60 - indexName:foo-1970-01-01.0526
2019-06-28 08:07:00 DEBUG EsWriter:203 - constructIndexName from rolls per day = 1440 gives: foo-1970-01-01.0527
2019-06-28 08:07:00 DEBUG EsWriter:203 - constructIndexName from rolls per day = 1440 gives: foo-1970-01-01.0527
2019-06-28 08:07:00 INFO  EsWriterTest:60 - indexName:foo-1970-01-01.0527
2019-06-28 08:07:00 INFO  EsWriterTest:60 - indexName:foo-1970-01-01.0527
2019-06-28 08:07:00 DEBUG EsWriter:203 - constructIndexName from rolls per day = 1440 gives: foo-1970-01-01.0528
2019-06-28 08:07:00 DEBUG EsWriter:203 - constructIndexName from rolls per day = 1440 gives: foo-1970-01-01.0528
2019-06-28 08:07:00 INFO  EsWriterTest:60 - indexName:foo-1970-01-01.0528
2019-06-28 08:07:00 INFO  EsWriterTest:60 - indexName:foo-1970-01-01.0528
2019-06-28 08:07:00 DEBUG EsWriter:203 - constructIndexName from rolls per day = 1440 gives: foo-1970-01-01.0529
2019-06-28 08:07:00 DEBUG EsWriter:203 - constructIndexName from rolls per day = 1440 gives: foo-1970-01-01.0529
2019-06-28 08:07:00 INFO  EsWriterTest:60 - indexName:foo-1970-01-01.0529
2019-06-28 08:07:00 INFO  EsWriterTest:60 - indexName:foo-1970-01-01.0529
2019-06-28 08:07:00 DEBUG EsWriter:203 - constructIndexName from rolls per day = 1440 gives: foo-1970-01-01.0530
2019-06-28 08:07:00 DEBUG EsWriter:203 - constructIndexName from rolls per day = 1440 gives: foo-1970-01-01.0530
2019-06-28 08:07:00 INFO  EsWriterTest:60 - indexName:foo-1970-01-01.0530
2019-06-28 08:07:00 INFO  EsWriterTest:60 - indexName:foo-1970-01-01.0530
2019-06-28 08:07:00 DEBUG EsWriter:203 - constructIndexName from rolls per day = 1440 gives: foo-1970-01-01.0531
2019-06-28 08:07:00 DEBUG EsWriter:203 - constructIndexName from rolls per day = 1440 gives: foo-1970-01-01.0531
2019-06-28 08:07:00 INFO  EsWriterTest:60 - indexName:foo-1970-01-01.0531
2019-06-28 08:07:00 INFO  EsWriterTest:60 - indexName:foo-1970-01-01.0531
2019-06-28 08:07:00 DEBUG EsWriter:203 - constructIndexName from rolls per day = 1440 gives: foo-1970-01-01.0532
2019-06-28 08:07:00 DEBUG EsWriter:203 - constructIndexName from rolls per day = 1440 gives: foo-1970-01-01.0532
2019-06-28 08:07:00 INFO  EsWriterTest:60 - indexName:foo-1970-01-01.0532
2019-06-28 08:07:00 INFO  EsWriterTest:60 - indexName:foo-1970-01-01.0532
2019-06-28 08:07:00 DEBUG EsWriter:203 - constructIndexName from rolls per day = 1440 gives: foo-1970-01-01.0533
2019-06-28 08:07:00 DEBUG EsWriter:203 - constructIndexName from rolls per day = 1440 gives: foo-1970-01-01.0533
2019-06-28 08:07:00 INFO  EsWriterTest:60 - indexName:foo-1970-01-01.0533
2019-06-28 08:07:00 INFO  EsWriterTest:60 - indexName:foo-1970-01-01.0533
2019-06-28 08:07:00 DEBUG EsWriter:203 - constructIndexName from rolls per day = 1440 gives: foo-1970-01-01.0534
2019-06-28 08:07:00 DEBUG EsWriter:203 - constructIndexName from rolls per day = 1440 gives: foo-1970-01-01.0534
2019-06-28 08:07:00 INFO  EsWriterTest:60 - indexName:foo-1970-01-01.0534
2019-06-28 08:07:00 INFO  EsWriterTest:60 - indexName:foo-1970-01-01.0534
2019-06-28 08:07:00 DEBUG EsWriter:203 - constructIndexName from rolls per day = 1440 gives: foo-1970-01-01.0535
2019-06-28 08:07:00 DEBUG EsWriter:203 - constructIndexName from rolls per day = 1440 gives: foo-1970-01-01.0535
2019-06-28 08:07:00 INFO  EsWriterTest:60 - indexName:foo-1970-01-01.0535
2019-06-28 08:07:00 INFO  EsWriterTest:60 - indexName:foo-1970-01-01.0535
2019-06-28 08:07:00 DEBUG EsWriter:203 - constructIndexName from rolls per day = 1440 gives: foo-1970-01-01.0536
2019-06-28 08:07:00 DEBUG EsWriter:203 - constructIndexName from rolls per day = 1440 gives: foo-1970-01-01.0536
2019-06-28 08:07:00 INFO  EsWriterTest:60 - indexName:foo-1970-01-01.0536
2019-06-28 08:07:00 INFO  EsWriterTest:60 - indexName:foo-1970-01-01.0536
2019-06-28 08:07:00 DEBUG EsWriter:203 - constructIndexName from rolls per day = 1440 gives: foo-1970-01-01.0537
2019-06-28 08:07:00 DEBUG EsWriter:203 - constructIndexName from rolls per day = 1440 gives: foo-1970-01-01.0537
2019-06-28 08:07:00 INFO  EsWriterTest:60 - indexName:foo-1970-01-01.0537
2019-06-28 08:07:00 INFO  EsWriterTest:60 - indexName:foo-1970-01-01.0537
2019-06-28 08:07:00 DEBUG EsWriter:203 - constructIndexName from rolls per day = 1440 gives: foo-1970-01-01.0538
2019-06-28 08:07:00 DEBUG EsWriter:203 - constructIndexName from rolls per day = 1440 gives: foo-1970-01-01.0538
2019-06-28 08:07:00 INFO  EsWriterTest:60 - indexName:foo-1970-01-01.0538
2019-06-28 08:07:00 INFO  EsWriterTest:60 - indexName:foo-1970-01-01.0538
2019-06-28 08:07:00 DEBUG EsWriter:203 - constructIndexName from rolls per day = 1440 gives: foo-1970-01-01.0539
2019-06-28 08:07:00 DEBUG EsWriter:203 - constructIndexName from rolls per day = 1440 gives: foo-1970-01-01.0539
2019-06-28 08:07:00 INFO  EsWriterTest:60 - indexName:foo-1970-01-01.0539
2019-06-28 08:07:00 INFO  EsWriterTest:60 - indexName:foo-1970-01-01.0539
2019-06-28 08:07:00 DEBUG EsWriter:203 - constructIndexName from rolls per day = 1440 gives: foo-1970-01-01.0540
2019-06-28 08:07:00 DEBUG EsWriter:203 - constructIndexName from rolls per day = 1440 gives: foo-1970-01-01.0540
2019-06-28 08:07:00 INFO  EsWriterTest:60 - indexName:foo-1970-01-01.0540
2019-06-28 08:07:00 INFO  EsWriterTest:60 - indexName:foo-1970-01-01.0540
2019-06-28 08:07:00 DEBUG EsWriter:203 - constructIndexName from rolls per day = 1440 gives: foo-1970-01-01.0541
2019-06-28 08:07:00 DEBUG EsWriter:203 - constructIndexName from rolls per day = 1440 gives: foo-1970-01-01.0541
2019-06-28 08:07:00 INFO  EsWriterTest:60 - indexName:foo-1970-01-01.0541
2019-06-28 08:07:00 INFO  EsWriterTest:60 - indexName:foo-1970-01-01.0541
2019-06-28 08:07:00 DEBUG EsWriter:203 - constructIndexName from rolls per day = 1440 gives: foo-1970-01-01.0542
2019-06-28 08:07:00 DEBUG EsWriter:203 - constructIndexName from rolls per day = 1440 gives: foo-1970-01-01.0542
2019-06-28 08:07:00 INFO  EsWriterTest:60 - indexName:foo-1970-01-01.0542
2019-06-28 08:07:00 INFO  EsWriterTest:60 - indexName:foo-1970-01-01.0542
2019-06-28 08:07:00 DEBUG EsWriter:203 - constructIndexName from rolls per day = 1440 gives: foo-1970-01-01.0543
2019-06-28 08:07:00 DEBUG EsWriter:203 - constructIndexName from rolls per day = 1440 gives: foo-1970-01-01.0543
2019-06-28 08:07:00 INFO  EsWriterTest:60 - indexName:foo-1970-01-01.0543
2019-06-28 08:07:00 INFO  EsWriterTest:60 - indexName:foo-1970-01-01.0543
2019-06-28 08:07:00 DEBUG EsWriter:203 - constructIndexName from rolls per day = 1440 gives: foo-1970-01-01.0544
2019-06-28 08:07:00 DEBUG EsWriter:203 - constructIndexName from rolls per day = 1440 gives: foo-1970-01-01.0544
2019-06-28 08:07:00 INFO  EsWriterTest:60 - indexName:foo-1970-01-01.0544
2019-06-28 08:07:00 INFO  EsWriterTest:60 - indexName:foo-1970-01-01.0544
2019-06-28 08:07:00 DEBUG EsWriter:203 - constructIndexName from rolls per day = 1440 gives: foo-1970-01-01.0545
2019-06-28 08:07:00 DEBUG EsWriter:203 - constructIndexName from rolls per day = 1440 gives: foo-1970-01-01.0545
2019-06-28 08:07:00 INFO  EsWriterTest:60 - indexName:foo-1970-01-01.0545
2019-06-28 08:07:00 INFO  EsWriterTest:60 - indexName:foo-1970-01-01.0545
2019-06-28 08:07:00 DEBUG EsWriter:203 - constructIndexName from rolls per day = 1440 gives: foo-1970-01-01.0546
2019-06-28 08:07:00 DEBUG EsWriter:203 - constructIndexName from rolls per day = 1440 gives: foo-1970-01-01.0546
2019-06-28 08:07:00 INFO  EsWriterTest:60 - indexName:foo-1970-01-01.0546
2019-06-28 08:07:00 INFO  EsWriterTest:60 - indexName:foo-1970-01-01.0546
2019-06-28 08:07:00 DEBUG EsWriter:203 - constructIndexName from rolls per day = 1440 gives: foo-1970-01-01.0547
2019-06-28 08:07:00 DEBUG EsWriter:203 - constructIndexName from rolls per day = 1440 gives: foo-1970-01-01.0547
2019-06-28 08:07:00 INFO  EsWriterTest:60 - indexName:foo-1970-01-01.0547
2019-06-28 08:07:00 INFO  EsWriterTest:60 - indexName:foo-1970-01-01.0547
2019-06-28 08:07:00 DEBUG EsWriter:203 - constructIndexName from rolls per day = 1440 gives: foo-1970-01-01.0548
2019-06-28 08:07:00 DEBUG EsWriter:203 - constructIndexName from rolls per day = 1440 gives: foo-1970-01-01.0548
2019-06-28 08:07:00 INFO  EsWriterTest:60 - indexName:foo-1970-01-01.0548
2019-06-28 08:07:00 INFO  EsWriterTest:60 - indexName:foo-1970-01-01.0548
2019-06-28 08:07:00 DEBUG EsWriter:203 - constructIndexName from rolls per day = 1440 gives: foo-1970-01-01.0549
2019-06-28 08:07:00 DEBUG EsWriter:203 - constructIndexName from rolls per day = 1440 gives: foo-1970-01-01.0549
2019-06-28 08:07:00 INFO  EsWriterTest:60 - indexName:foo-1970-01-01.0549
2019-06-28 08:07:00 INFO  EsWriterTest:60 - indexName:foo-1970-01-01.0549
2019-06-28 08:07:00 DEBUG EsWriter:203 - constructIndexName from rolls per day = 1440 gives: foo-1970-01-01.0550
2019-06-28 08:07:00 DEBUG EsWriter:203 - constructIndexName from rolls per day = 1440 gives: foo-1970-01-01.0550
2019-06-28 08:07:00 INFO  EsWriterTest:60 - indexName:foo-1970-01-01.0550
2019-06-28 08:07:00 INFO  EsWriterTest:60 - indexName:foo-1970-01-01.0550
2019-06-28 08:07:00 DEBUG EsWriter:203 - constructIndexName from rolls per day = 1440 gives: foo-1970-01-01.0551
2019-06-28 08:07:00 DEBUG EsWriter:203 - constructIndexName from rolls per day = 1440 gives: foo-1970-01-01.0551
2019-06-28 08:07:00 INFO  EsWriterTest:60 - indexName:foo-1970-01-01.0551
2019-06-28 08:07:00 INFO  EsWriterTest:60 - indexName:foo-1970-01-01.0551
2019-06-28 08:07:00 DEBUG EsWriter:203 - constructIndexName from rolls per day = 1440 gives: foo-1970-01-01.0552
2019-06-28 08:07:00 DEBUG EsWriter:203 - constructIndexName from rolls per day = 1440 gives: foo-1970-01-01.0552
2019-06-28 08:07:00 INFO  EsWriterTest:60 - indexName:foo-1970-01-01.0552
2019-06-28 08:07:00 INFO  EsWriterTest:60 - indexName:foo-1970-01-01.0552
2019-06-28 08:07:00 DEBUG EsWriter:203 - constructIndexName from rolls per day = 1440 gives: foo-1970-01-01.0553
2019-06-28 08:07:00 DEBUG EsWriter:203 - constructIndexName from rolls per day = 1440 gives: foo-1970-01-01.0553
2019-06-28 08:07:00 INFO  EsWriterTest:60 - indexName:foo-1970-01-01.0553
2019-06-28 08:07:00 INFO  EsWriterTest:60 - indexName:foo-1970-01-01.0553
2019-06-28 08:07:00 DEBUG EsWriter:203 - constructIndexName from rolls per day = 1440 gives: foo-1970-01-01.0554
2019-06-28 08:07:00 DEBUG EsWriter:203 - constructIndexName from rolls per day = 1440 gives: foo-1970-01-01.0554
2019-06-28 08:07:00 INFO  EsWriterTest:60 - indexName:foo-1970-01-01.0554
2019-06-28 08:07:00 INFO  EsWriterTest:60 - indexName:foo-1970-01-01.0554
2019-06-28 08:07:00 DEBUG EsWriter:203 - constructIndexName from rolls per day = 1440 gives: foo-1970-01-01.0555
2019-06-28 08:07:00 DEBUG EsWriter:203 - constructIndexName from rolls per day = 1440 gives: foo-1970-01-01.0555
2019-06-28 08:07:00 INFO  EsWriterTest:60 - indexName:foo-1970-01-01.0555
2019-06-28 08:07:00 INFO  EsWriterTest:60 - indexName:foo-1970-01-01.0555
2019-06-28 08:07:00 DEBUG EsWriter:203 - constructIndexName from rolls per day = 1440 gives: foo-1970-01-01.0556
2019-06-28 08:07:00 DEBUG EsWriter:203 - constructIndexName from rolls per day = 1440 gives: foo-1970-01-01.0556
2019-06-28 08:07:00 INFO  EsWriterTest:60 - indexName:foo-1970-01-01.0556
2019-06-28 08:07:00 INFO  EsWriterTest:60 - indexName:foo-1970-01-01.0556
2019-06-28 08:07:00 DEBUG EsWriter:203 - constructIndexName from rolls per day = 1440 gives: foo-1970-01-01.0557
2019-06-28 08:07:00 DEBUG EsWriter:203 - constructIndexName from rolls per day = 1440 gives: foo-1970-01-01.0557
2019-06-28 08:07:00 INFO  EsWriterTest:60 - indexName:foo-1970-01-01.0557
2019-06-28 08:07:00 INFO  EsWriterTest:60 - indexName:foo-1970-01-01.0557
2019-06-28 08:07:00 DEBUG EsWriter:203 - constructIndexName from rolls per day = 1440 gives: foo-1970-01-01.0558
2019-06-28 08:07:00 DEBUG EsWriter:203 - constructIndexName from rolls per day = 1440 gives: foo-1970-01-01.0558
2019-06-28 08:07:00 INFO  EsWriterTest:60 - indexName:foo-1970-01-01.0558
2019-06-28 08:07:00 INFO  EsWriterTest:60 - indexName:foo-1970-01-01.0558
2019-06-28 08:07:00 DEBUG EsWriter:203 - constructIndexName from rolls per day = 1440 gives: foo-1970-01-01.0559
2019-06-28 08:07:00 DEBUG EsWriter:203 - constructIndexName from rolls per day = 1440 gives: foo-1970-01-01.0559
2019-06-28 08:07:00 INFO  EsWriterTest:60 - indexName:foo-1970-01-01.0559
2019-06-28 08:07:00 INFO  EsWriterTest:60 - indexName:foo-1970-01-01.0559
2019-06-28 08:07:00 DEBUG EsWriter:203 - constructIndexName from rolls per day = 1440 gives: foo-1970-01-01.0560
2019-06-28 08:07:00 DEBUG EsWriter:203 - constructIndexName from rolls per day = 1440 gives: foo-1970-01-01.0560
2019-06-28 08:07:00 INFO  EsWriterTest:60 - indexName:foo-1970-01-01.0560
2019-06-28 08:07:00 INFO  EsWriterTest:60 - indexName:foo-1970-01-01.0560
2019-06-28 08:07:00 DEBUG EsWriter:203 - constructIndexName from rolls per day = 1440 gives: foo-1970-01-01.0561
2019-06-28 08:07:00 DEBUG EsWriter:203 - constructIndexName from rolls per day = 1440 gives: foo-1970-01-01.0561
2019-06-28 08:07:00 INFO  EsWriterTest:60 - indexName:foo-1970-01-01.0561
2019-06-28 08:07:00 INFO  EsWriterTest:60 - indexName:foo-1970-01-01.0561
2019-06-28 08:07:00 DEBUG EsWriter:203 - constructIndexName from rolls per day = 1440 gives: foo-1970-01-01.0562
2019-06-28 08:07:00 DEBUG EsWriter:203 - constructIndexName from rolls per day = 1440 gives: foo-1970-01-01.0562
2019-06-28 08:07:00 INFO  EsWriterTest:60 - indexName:foo-1970-01-01.0562
2019-06-28 08:07:00 INFO  EsWriterTest:60 - indexName:foo-1970-01-01.0562
2019-06-28 08:07:00 DEBUG EsWriter:203 - constructIndexName from rolls per day = 1440 gives: foo-1970-01-01.0563
2019-06-28 08:07:00 DEBUG EsWriter:203 - constructIndexName from rolls per day = 1440 gives: foo-1970-01-01.0563
2019-06-28 08:07:00 INFO  EsWriterTest:60 - indexName:foo-1970-01-01.0563
2019-06-28 08:07:00 INFO  EsWriterTest:60 - indexName:foo-1970-01-01.0563
2019-06-28 08:07:00 DEBUG EsWriter:203 - constructIndexName from rolls per day = 1440 gives: foo-1970-01-01.0564
2019-06-28 08:07:00 DEBUG EsWriter:203 - constructIndexName from rolls per day = 1440 gives: foo-1970-01-01.0564
2019-06-28 08:07:00 INFO  EsWriterTest:60 - indexName:foo-1970-01-01.0564
2019-06-28 08:07:00 INFO  EsWriterTest:60 - indexName:foo-1970-01-01.0564
2019-06-28 08:07:00 DEBUG EsWriter:203 - constructIndexName from rolls per day = 1440 gives: foo-1970-01-01.0565
2019-06-28 08:07:00 DEBUG EsWriter:203 - constructIndexName from rolls per day = 1440 gives: foo-1970-01-01.0565
2019-06-28 08:07:00 INFO  EsWriterTest:60 - indexName:foo-1970-01-01.0565
2019-06-28 08:07:00 INFO  EsWriterTest:60 - indexName:foo-1970-01-01.0565
2019-06-28 08:07:00 DEBUG EsWriter:203 - constructIndexName from rolls per day = 1440 gives: foo-1970-01-01.0566
2019-06-28 08:07:00 DEBUG EsWriter:203 - constructIndexName from rolls per day = 1440 gives: foo-1970-01-01.0566
2019-06-28 08:07:00 INFO  EsWriterTest:60 - indexName:foo-1970-01-01.0566
2019-06-28 08:07:00 INFO  EsWriterTest:60 - indexName:foo-1970-01-01.0566
2019-06-28 08:07:00 DEBUG EsWriter:203 - constructIndexName from rolls per day = 1440 gives: foo-1970-01-01.0567
2019-06-28 08:07:00 DEBUG EsWriter:203 - constructIndexName from rolls per day = 1440 gives: foo-1970-01-01.0567
2019-06-28 08:07:00 INFO  EsWriterTest:60 - indexName:foo-1970-01-01.0567
2019-06-28 08:07:00 INFO  EsWriterTest:60 - indexName:foo-1970-01-01.0567
2019-06-28 08:07:00 DEBUG EsWriter:203 - constructIndexName from rolls per day = 1440 gives: foo-1970-01-01.0568
2019-06-28 08:07:00 DEBUG EsWriter:203 - constructIndexName from rolls per day = 1440 gives: foo-1970-01-01.0568
2019-06-28 08:07:00 INFO  EsWriterTest:60 - indexName:foo-1970-01-01.0568
2019-06-28 08:07:00 INFO  EsWriterTest:60 - indexName:foo-1970-01-01.0568
2019-06-28 08:07:00 DEBUG EsWriter:203 - constructIndexName from rolls per day = 1440 gives: foo-1970-01-01.0569
2019-06-28 08:07:00 DEBUG EsWriter:203 - constructIndexName from rolls per day = 1440 gives: foo-1970-01-01.0569
2019-06-28 08:07:00 INFO  EsWriterTest:60 - indexName:foo-1970-01-01.0569
2019-06-28 08:07:00 INFO  EsWriterTest:60 - indexName:foo-1970-01-01.0569
2019-06-28 08:07:00 DEBUG EsWriter:203 - constructIndexName from rolls per day = 1440 gives: foo-1970-01-01.0570
2019-06-28 08:07:00 DEBUG EsWriter:203 - constructIndexName from rolls per day = 1440 gives: foo-1970-01-01.0570
2019-06-28 08:07:00 INFO  EsWriterTest:60 - indexName:foo-1970-01-01.0570
2019-06-28 08:07:00 INFO  EsWriterTest:60 - indexName:foo-1970-01-01.0570
2019-06-28 08:07:00 DEBUG EsWriter:203 - constructIndexName from rolls per day = 1440 gives: foo-1970-01-01.0571
2019-06-28 08:07:00 DEBUG EsWriter:203 - constructIndexName from rolls per day = 1440 gives: foo-1970-01-01.0571
2019-06-28 08:07:00 INFO  EsWriterTest:60 - indexName:foo-1970-01-01.0571
2019-06-28 08:07:00 INFO  EsWriterTest:60 - indexName:foo-1970-01-01.0571
2019-06-28 08:07:00 DEBUG EsWriter:203 - constructIndexName from rolls per day = 1440 gives: foo-1970-01-01.0572
2019-06-28 08:07:00 DEBUG EsWriter:203 - constructIndexName from rolls per day = 1440 gives: foo-1970-01-01.0572
2019-06-28 08:07:00 INFO  EsWriterTest:60 - indexName:foo-1970-01-01.0572
2019-06-28 08:07:00 INFO  EsWriterTest:60 - indexName:foo-1970-01-01.0572
2019-06-28 08:07:00 DEBUG EsWriter:203 - constructIndexName from rolls per day = 1440 gives: foo-1970-01-01.0573
2019-06-28 08:07:00 DEBUG EsWriter:203 - constructIndexName from rolls per day = 1440 gives: foo-1970-01-01.0573
2019-06-28 08:07:00 INFO  EsWriterTest:60 - indexName:foo-1970-01-01.0573
2019-06-28 08:07:00 INFO  EsWriterTest:60 - indexName:foo-1970-01-01.0573
2019-06-28 08:07:00 DEBUG EsWriter:203 - constructIndexName from rolls per day = 1440 gives: foo-1970-01-01.0574
2019-06-28 08:07:00 DEBUG EsWriter:203 - constructIndexName from rolls per day = 1440 gives: foo-1970-01-01.0574
2019-06-28 08:07:00 INFO  EsWriterTest:60 - indexName:foo-1970-01-01.0574
2019-06-28 08:07:00 INFO  EsWriterTest:60 - indexName:foo-1970-01-01.0574
2019-06-28 08:07:00 DEBUG EsWriter:203 - constructIndexName from rolls per day = 1440 gives: foo-1970-01-01.0575
2019-06-28 08:07:00 DEBUG EsWriter:203 - constructIndexName from rolls per day = 1440 gives: foo-1970-01-01.0575
2019-06-28 08:07:00 INFO  EsWriterTest:60 - indexName:foo-1970-01-01.0575
2019-06-28 08:07:00 INFO  EsWriterTest:60 - indexName:foo-1970-01-01.0575
2019-06-28 08:07:00 DEBUG EsWriter:203 - constructIndexName from rolls per day = 1440 gives: foo-1970-01-01.0576
2019-06-28 08:07:00 DEBUG EsWriter:203 - constructIndexName from rolls per day = 1440 gives: foo-1970-01-01.0576
2019-06-28 08:07:00 INFO  EsWriterTest:60 - indexName:foo-1970-01-01.0576
2019-06-28 08:07:00 INFO  EsWriterTest:60 - indexName:foo-1970-01-01.0576
2019-06-28 08:07:00 DEBUG EsWriter:203 - constructIndexName from rolls per day = 1440 gives: foo-1970-01-01.0577
2019-06-28 08:07:00 DEBUG EsWriter:203 - constructIndexName from rolls per day = 1440 gives: foo-1970-01-01.0577
2019-06-28 08:07:00 INFO  EsWriterTest:60 - indexName:foo-1970-01-01.0577
2019-06-28 08:07:00 INFO  EsWriterTest:60 - indexName:foo-1970-01-01.0577
2019-06-28 08:07:00 DEBUG EsWriter:203 - constructIndexName from rolls per day = 1440 gives: foo-1970-01-01.0578
2019-06-28 08:07:00 DEBUG EsWriter:203 - constructIndexName from rolls per day = 1440 gives: foo-1970-01-01.0578
2019-06-28 08:07:00 INFO  EsWriterTest:60 - indexName:foo-1970-01-01.0578
2019-06-28 08:07:00 INFO  EsWriterTest:60 - indexName:foo-1970-01-01.0578
2019-06-28 08:07:00 DEBUG EsWriter:203 - constructIndexName from rolls per day = 1440 gives: foo-1970-01-01.0579
2019-06-28 08:07:00 DEBUG EsWriter:203 - constructIndexName from rolls per day = 1440 gives: foo-1970-01-01.0579
2019-06-28 08:07:00 INFO  EsWriterTest:60 - indexName:foo-1970-01-01.0579
2019-06-28 08:07:00 INFO  EsWriterTest:60 - indexName:foo-1970-01-01.0579
2019-06-28 08:07:00 DEBUG EsWriter:203 - constructIndexName from rolls per day = 1440 gives: foo-1970-01-01.0580
2019-06-28 08:07:00 DEBUG EsWriter:203 - constructIndexName from rolls per day = 1440 gives: foo-1970-01-01.0580
2019-06-28 08:07:00 INFO  EsWriterTest:60 - indexName:foo-1970-01-01.0580
2019-06-28 08:07:00 INFO  EsWriterTest:60 - indexName:foo-1970-01-01.0580
2019-06-28 08:07:00 DEBUG EsWriter:203 - constructIndexName from rolls per day = 1440 gives: foo-1970-01-01.0581
2019-06-28 08:07:00 DEBUG EsWriter:203 - constructIndexName from rolls per day = 1440 gives: foo-1970-01-01.0581
2019-06-28 08:07:00 INFO  EsWriterTest:60 - indexName:foo-1970-01-01.0581
2019-06-28 08:07:00 INFO  EsWriterTest:60 - indexName:foo-1970-01-01.0581
2019-06-28 08:07:00 DEBUG EsWriter:203 - constructIndexName from rolls per day = 1440 gives: foo-1970-01-01.0582
2019-06-28 08:07:00 DEBUG EsWriter:203 - constructIndexName from rolls per day = 1440 gives: foo-1970-01-01.0582
2019-06-28 08:07:00 INFO  EsWriterTest:60 - indexName:foo-1970-01-01.0582
2019-06-28 08:07:00 INFO  EsWriterTest:60 - indexName:foo-1970-01-01.0582
2019-06-28 08:07:00 DEBUG EsWriter:203 - constructIndexName from rolls per day = 1440 gives: foo-1970-01-01.0583
2019-06-28 08:07:00 DEBUG EsWriter:203 - constructIndexName from rolls per day = 1440 gives: foo-1970-01-01.0583
2019-06-28 08:07:00 INFO  EsWriterTest:60 - indexName:foo-1970-01-01.0583
2019-06-28 08:07:00 INFO  EsWriterTest:60 - indexName:foo-1970-01-01.0583
2019-06-28 08:07:00 DEBUG EsWriter:203 - constructIndexName from rolls per day = 1440 gives: foo-1970-01-01.0584
2019-06-28 08:07:00 DEBUG EsWriter:203 - constructIndexName from rolls per day = 1440 gives: foo-1970-01-01.0584
2019-06-28 08:07:00 INFO  EsWriterTest:60 - indexName:foo-1970-01-01.0584
2019-06-28 08:07:00 INFO  EsWriterTest:60 - indexName:foo-1970-01-01.0584
2019-06-28 08:07:00 DEBUG EsWriter:203 - constructIndexName from rolls per day = 1440 gives: foo-1970-01-01.0585
2019-06-28 08:07:00 DEBUG EsWriter:203 - constructIndexName from rolls per day = 1440 gives: foo-1970-01-01.0585
2019-06-28 08:07:00 INFO  EsWriterTest:60 - indexName:foo-1970-01-01.0585
2019-06-28 08:07:00 INFO  EsWriterTest:60 - indexName:foo-1970-01-01.0585
2019-06-28 08:07:00 DEBUG EsWriter:203 - constructIndexName from rolls per day = 1440 gives: foo-1970-01-01.0586
2019-06-28 08:07:00 DEBUG EsWriter:203 - constructIndexName from rolls per day = 1440 gives: foo-1970-01-01.0586
2019-06-28 08:07:00 INFO  EsWriterTest:60 - indexName:foo-1970-01-01.0586
2019-06-28 08:07:00 INFO  EsWriterTest:60 - indexName:foo-1970-01-01.0586
2019-06-28 08:07:00 DEBUG EsWriter:203 - constructIndexName from rolls per day = 1440 gives: foo-1970-01-01.0587
2019-06-28 08:07:00 DEBUG EsWriter:203 - constructIndexName from rolls per day = 1440 gives: foo-1970-01-01.0587
2019-06-28 08:07:00 INFO  EsWriterTest:60 - indexName:foo-1970-01-01.0587
2019-06-28 08:07:00 INFO  EsWriterTest:60 - indexName:foo-1970-01-01.0587
2019-06-28 08:07:00 DEBUG EsWriter:203 - constructIndexName from rolls per day = 1440 gives: foo-1970-01-01.0588
2019-06-28 08:07:00 DEBUG EsWriter:203 - constructIndexName from rolls per day = 1440 gives: foo-1970-01-01.0588
2019-06-28 08:07:00 INFO  EsWriterTest:60 - indexName:foo-1970-01-01.0588
2019-06-28 08:07:00 INFO  EsWriterTest:60 - indexName:foo-1970-01-01.0588
2019-06-28 08:07:00 DEBUG EsWriter:203 - constructIndexName from rolls per day = 1440 gives: foo-1970-01-01.0589
2019-06-28 08:07:00 DEBUG EsWriter:203 - constructIndexName from rolls per day = 1440 gives: foo-1970-01-01.0589
2019-06-28 08:07:00 INFO  EsWriterTest:60 - indexName:foo-1970-01-01.0589
2019-06-28 08:07:00 INFO  EsWriterTest:60 - indexName:foo-1970-01-01.0589
2019-06-28 08:07:00 DEBUG EsWriter:203 - constructIndexName from rolls per day = 1440 gives: foo-1970-01-01.0590
2019-06-28 08:07:00 DEBUG EsWriter:203 - constructIndexName from rolls per day = 1440 gives: foo-1970-01-01.0590
2019-06-28 08:07:00 INFO  EsWriterTest:60 - indexName:foo-1970-01-01.0590
2019-06-28 08:07:00 INFO  EsWriterTest:60 - indexName:foo-1970-01-01.0590
2019-06-28 08:07:00 DEBUG EsWriter:203 - constructIndexName from rolls per day = 1440 gives: foo-1970-01-01.0591
2019-06-28 08:07:00 DEBUG EsWriter:203 - constructIndexName from rolls per day = 1440 gives: foo-1970-01-01.0591
2019-06-28 08:07:00 INFO  EsWriterTest:60 - indexName:foo-1970-01-01.0591
2019-06-28 08:07:00 INFO  EsWriterTest:60 - indexName:foo-1970-01-01.0591
2019-06-28 08:07:00 DEBUG EsWriter:203 - constructIndexName from rolls per day = 1440 gives: foo-1970-01-01.0592
2019-06-28 08:07:00 DEBUG EsWriter:203 - constructIndexName from rolls per day = 1440 gives: foo-1970-01-01.0592
2019-06-28 08:07:00 INFO  EsWriterTest:60 - indexName:foo-1970-01-01.0592
2019-06-28 08:07:00 INFO  EsWriterTest:60 - indexName:foo-1970-01-01.0592
2019-06-28 08:07:00 DEBUG EsWriter:203 - constructIndexName from rolls per day = 1440 gives: foo-1970-01-01.0593
2019-06-28 08:07:00 DEBUG EsWriter:203 - constructIndexName from rolls per day = 1440 gives: foo-1970-01-01.0593
2019-06-28 08:07:00 INFO  EsWriterTest:60 - indexName:foo-1970-01-01.0593
2019-06-28 08:07:00 INFO  EsWriterTest:60 - indexName:foo-1970-01-01.0593
2019-06-28 08:07:00 DEBUG EsWriter:203 - constructIndexName from rolls per day = 1440 gives: foo-1970-01-01.0594
2019-06-28 08:07:00 DEBUG EsWriter:203 - constructIndexName from rolls per day = 1440 gives: foo-1970-01-01.0594
2019-06-28 08:07:00 INFO  EsWriterTest:60 - indexName:foo-1970-01-01.0594
2019-06-28 08:07:00 INFO  EsWriterTest:60 - indexName:foo-1970-01-01.0594
2019-06-28 08:07:00 DEBUG EsWriter:203 - constructIndexName from rolls per day = 1440 gives: foo-1970-01-01.0595
2019-06-28 08:07:00 DEBUG EsWriter:203 - constructIndexName from rolls per day = 1440 gives: foo-1970-01-01.0595
2019-06-28 08:07:00 INFO  EsWriterTest:60 - indexName:foo-1970-01-01.0595
2019-06-28 08:07:00 INFO  EsWriterTest:60 - indexName:foo-1970-01-01.0595
2019-06-28 08:07:00 DEBUG EsWriter:203 - constructIndexName from rolls per day = 1440 gives: foo-1970-01-01.0596
2019-06-28 08:07:00 DEBUG EsWriter:203 - constructIndexName from rolls per day = 1440 gives: foo-1970-01-01.0596
2019-06-28 08:07:00 INFO  EsWriterTest:60 - indexName:foo-1970-01-01.0596
2019-06-28 08:07:00 INFO  EsWriterTest:60 - indexName:foo-1970-01-01.0596
2019-06-28 08:07:00 DEBUG EsWriter:203 - constructIndexName from rolls per day = 1440 gives: foo-1970-01-01.0597
2019-06-28 08:07:00 DEBUG EsWriter:203 - constructIndexName from rolls per day = 1440 gives: foo-1970-01-01.0597
2019-06-28 08:07:00 INFO  EsWriterTest:60 - indexName:foo-1970-01-01.0597
2019-06-28 08:07:00 INFO  EsWriterTest:60 - indexName:foo-1970-01-01.0597
2019-06-28 08:07:00 DEBUG EsWriter:203 - constructIndexName from rolls per day = 1440 gives: foo-1970-01-01.0598
2019-06-28 08:07:00 DEBUG EsWriter:203 - constructIndexName from rolls per day = 1440 gives: foo-1970-01-01.0598
2019-06-28 08:07:00 INFO  EsWriterTest:60 - indexName:foo-1970-01-01.0598
2019-06-28 08:07:00 INFO  EsWriterTest:60 - indexName:foo-1970-01-01.0598
2019-06-28 08:07:00 DEBUG EsWriter:203 - constructIndexName from rolls per day = 1440 gives: foo-1970-01-01.0599
2019-06-28 08:07:00 DEBUG EsWriter:203 - constructIndexName from rolls per day = 1440 gives: foo-1970-01-01.0599
2019-06-28 08:07:00 INFO  EsWriterTest:60 - indexName:foo-1970-01-01.0599
2019-06-28 08:07:00 INFO  EsWriterTest:60 - indexName:foo-1970-01-01.0599
2019-06-28 08:07:00 DEBUG EsWriter:203 - constructIndexName from rolls per day = 48 gives: foo-1970-01-01.0001
2019-06-28 08:07:00 DEBUG EsWriter:203 - constructIndexName from rolls per day = 48 gives: foo-1970-01-01.0001
2019-06-28 08:07:00 DEBUG EsWriter:203 - constructIndexName from rolls per day = 48 gives: foo-1970-01-01.0000
2019-06-28 08:07:00 DEBUG EsWriter:203 - constructIndexName from rolls per day = 48 gives: foo-1970-01-01.0000
2019-06-28 08:07:00 DEBUG EsWriter:203 - constructIndexName from rolls per day = 48 gives: foo-1970-01-01.0047
2019-06-28 08:07:00 DEBUG EsWriter:203 - constructIndexName from rolls per day = 48 gives: foo-1970-01-01.0047
2019-06-28 08:07:00 DEBUG EsWriter:203 - constructIndexName from rolls per day = 48 gives: foo-1970-01-02.0000
2019-06-28 08:07:00 DEBUG EsWriter:203 - constructIndexName from rolls per day = 48 gives: foo-1970-01-02.0000
]]></system-out>
  <system-err><![CDATA[]]></system-err>
</testsuite>
