<?xml version="1.0" encoding="UTF-8"?>
<testsuite name="com.netflix.ndbench.core.util.ConstantStepWiseRateIncreaserTest" tests="1" skipped="0" failures="0" errors="0" timestamp="2019-06-28T11:06:20" hostname="julia" time="0.006">
  <properties/>
  <testcase name="testGetRateReturnsProperRateRelativeToTimeZero" classname="com.netflix.ndbench.core.util.ConstantStepWiseRateIncreaserTest" time="0.006"/>
  <system-out><![CDATA[]]></system-out>
  <system-err><![CDATA[]]></system-err>
</testsuite>
