<?xml version="1.0" encoding="UTF-8"?>
<testsuite name="com.netflix.ndbench.geode.plugin.ClientAuthInitializeTest" tests="1" skipped="0" failures="0" errors="0" timestamp="2019-06-28T11:07:06" hostname="julia" time="0.047">
  <properties/>
  <testcase name="getCredentialsTest" classname="com.netflix.ndbench.geode.plugin.ClientAuthInitializeTest" time="0.047"/>
  <system-out><![CDATA[]]></system-out>
  <system-err><![CDATA[]]></system-err>
</testsuite>
