<?xml version="1.0" encoding="UTF-8"?>
<testsuite name="com.netflix.ndbench.aws.config.NdbenchAWSCredentialProviderTest" tests="1" skipped="0" failures="0" errors="0" timestamp="2019-06-28T11:06:13" hostname="julia" time="0.017">
  <properties/>
  <testcase name="testDefaults" classname="com.netflix.ndbench.aws.config.NdbenchAWSCredentialProviderTest" time="0.017"/>
  <system-out><![CDATA[]]></system-out>
  <system-err><![CDATA[]]></system-err>
</testsuite>
